#
# There is insufficient memory for the Java Runtime Environment to continue.
# Native memory allocation (malloc) failed to allocate 1774576 bytes for Chunk::new
# Possible reasons:
#   The system is out of physical RAM or swap space
#   In 32 bit mode, the process size limit was hit
# Possible solutions:
#   Reduce memory load on the system
#   Increase physical memory or swap space
#   Check if swap backing store is full
#   Use 64 bit Java on a 64 bit OS
#   Decrease Java heap size (-Xmx/-Xms)
#   Decrease number of Java threads
#   Decrease Java thread stack sizes (-Xss)
#   Set larger code cache with -XX:ReservedCodeCacheSize=
# This output file may be truncated or incomplete.
#
#  Out of Memory Error (allocation.cpp:390), pid=7992, tid=2500
#
# JRE version: Java(TM) SE Runtime Environment (8.0_91-b15) (build 1.8.0_91-b15)
# Java VM: Java HotSpot(TM) 64-Bit Server VM (25.91-b15 mixed mode windows-amd64 compressed oops)
# Failed to write core dump. Minidumps are not enabled by default on client versions of Windows
#

---------------  T H R E A D  ---------------

Current thread (0x0000000014b9f000):  JavaThread "C2 CompilerThread1" daemon [_thread_in_native, id=2500, stack(0x00000000162d0000,0x00000000163d0000)]

Stack: [0x00000000162d0000,0x00000000163d0000]
[error occurred during error reporting (printing stack bounds), id 0xc0000005]

Native frames: (J=compiled Java code, j=interpreted, Vv=VM code, C=native code)


Current CompileTask:
C2:  11605 2240       4       com.android.dx.dex.code.DalvCode::finishProcessingIfNecessary (69 bytes)


---------------  P R O C E S S  ---------------

Java Threads: ( => current thread )
  0x00000000164d3800 JavaThread "Service Thread" daemon [_thread_blocked, id=7908, stack(0x00000000168d0000,0x00000000169d0000)]
  0x0000000014bfd800 JavaThread "C1 CompilerThread2" daemon [_thread_blocked, id=780, stack(0x00000000163d0000,0x00000000164d0000)]
=>0x0000000014b9f000 JavaThread "C2 CompilerThread1" daemon [_thread_in_native, id=2500, stack(0x00000000162d0000,0x00000000163d0000)]
  0x0000000014b9c000 JavaThread "C2 CompilerThread0" daemon [_thread_blocked, id=2236, stack(0x00000000161d0000,0x00000000162d0000)]
  0x0000000014b9a000 JavaThread "Attach Listener" daemon [_thread_blocked, id=4828, stack(0x00000000160d0000,0x00000000161d0000)]
  0x0000000014b99000 JavaThread "Signal Dispatcher" daemon [_thread_blocked, id=4000, stack(0x0000000015fd0000,0x00000000160d0000)]
  0x0000000014b8a800 JavaThread "Finalizer" daemon [_thread_blocked, id=2472, stack(0x0000000015df0000,0x0000000015ef0000)]
  0x00000000024bf000 JavaThread "Reference Handler" daemon [_thread_blocked, id=6636, stack(0x0000000015cf0000,0x0000000015df0000)]
  0x00000000023d0800 JavaThread "main" [_thread_in_Java, id=540, stack(0x0000000002250000,0x0000000002350000)]

Other Threads:
  0x0000000014b68000 VMThread [stack: 0x0000000015bf0000,0x0000000015cf0000] [id=1432]
  0x00000000164e9800 WatcherThread [stack: 0x00000000169d0000,0x0000000016ad0000] [id=6044]

VM state:not at safepoint (normal execution)

VM Mutex/Monitor currently owned by a thread: None

Heap:
 PSYoungGen      total 68096K, used 40673K [0x00000000eab00000, 0x00000000ef000000, 0x0000000100000000)
  eden space 65536K, 58% used [0x00000000eab00000,0x00000000ed040638,0x00000000eeb00000)
  from space 2560K, 98% used [0x00000000eed80000,0x00000000eeff8028,0x00000000ef000000)
  to   space 2560K, 0% used [0x00000000eeb00000,0x00000000eeb00000,0x00000000eed80000)
 ParOldGen       total 44032K, used 12848K [0x00000000c0000000, 0x00000000c2b00000, 0x00000000eab00000)
  object space 44032K, 29% used [0x00000000c0000000,0x00000000c0c8c100,0x00000000c2b00000)
 Metaspace       used 6782K, capacity 7608K, committed 7936K, reserved 1056768K
  class space    used 627K, capacity 688K, committed 768K, reserved 1048576K

Card table byte_map: [0x0000000011890000,0x0000000011aa0000] byte_map_base: 0x0000000011290000

Marking Bits: (ParMarkBitMap*) 0x0000000071e72f70
 Begin Bits: [0x0000000012000000, 0x0000000013000000)
 End Bits:   [0x0000000013000000, 0x0000000014000000)

Polling page: 0x00000000020e0000

CodeCache: size=245760Kb used=9577Kb max_used=9577Kb free=236182Kb
 bounds [0x00000000024d0000, 0x0000000002e40000, 0x00000000114d0000]
 total_blobs=2538 nmethods=2267 adapters=183
 compilation: enabled

Compilation events (10 events):
Event: 11.577 Thread 0x0000000014bfd800 2286       3       com.android.dx.dex.file.MemberIdItem::writeTo (231 bytes)
Event: 11.581 Thread 0x0000000014bfd800 nmethod 2286 0x0000000002e2dc50 code [0x0000000002e2e1e0, 0x0000000002e31c68]
Event: 11.581 Thread 0x0000000014bfd800 2287       3       com.android.dx.dex.file.FieldIdItem::getTypoidIdx (17 bytes)
Event: 11.581 Thread 0x0000000014bfd800 nmethod 2287 0x0000000002e1cc10 code [0x0000000002e1cdc0, 0x0000000002e1d5f8]
Event: 11.582 Thread 0x0000000014bfd800 2288       3       com.android.dx.dex.file.MethodIdItem::getMethodRef (8 bytes)
Event: 11.582 Thread 0x0000000014bfd800 nmethod 2288 0x0000000002e221d0 code [0x0000000002e22340, 0x0000000002e22610]
Event: 11.583 Thread 0x0000000014bfd800 2289       3       com.android.dx.dex.file.MethodIdItem::getTypoidIdx (17 bytes)
Event: 11.583 Thread 0x0000000014bfd800 nmethod 2289 0x0000000002e2d390 code [0x0000000002e2d520, 0x0000000002e2dac8]
Event: 11.584 Thread 0x0000000014bfd800 2290       3       com.android.dx.dex.file.ProtoIdsSection::indexOf (49 bytes)
Event: 11.585 Thread 0x0000000014bfd800 nmethod 2290 0x0000000002e2c490 code [0x0000000002e2c680, 0x0000000002e2cfc8]

GC Heap History (8 events):
Event: 1.531 GC heap before
{Heap before GC invocations=1 (full 0):
 PSYoungGen      total 18944K, used 16384K [0x00000000eab00000, 0x00000000ec000000, 0x0000000100000000)
  eden space 16384K, 100% used [0x00000000eab00000,0x00000000ebb00000,0x00000000ebb00000)
  from space 2560K, 0% used [0x00000000ebd80000,0x00000000ebd80000,0x00000000ec000000)
  to   space 2560K, 0% used [0x00000000ebb00000,0x00000000ebb00000,0x00000000ebd80000)
 ParOldGen       total 44032K, used 0K [0x00000000c0000000, 0x00000000c2b00000, 0x00000000eab00000)
  object space 44032K, 0% used [0x00000000c0000000,0x00000000c0000000,0x00000000c2b00000)
 Metaspace       used 5442K, capacity 6448K, committed 6528K, reserved 1056768K
  class space    used 591K, capacity 616K, committed 640K, reserved 1048576K
Event: 1.735 GC heap after
Heap after GC invocations=1 (full 0):
 PSYoungGen      total 18944K, used 2536K [0x00000000eab00000, 0x00000000ed000000, 0x0000000100000000)
  eden space 16384K, 0% used [0x00000000eab00000,0x00000000eab00000,0x00000000ebb00000)
  from space 2560K, 99% used [0x00000000ebb00000,0x00000000ebd7a078,0x00000000ebd80000)
  to   space 2560K, 0% used [0x00000000ecd80000,0x00000000ecd80000,0x00000000ed000000)
 ParOldGen       total 44032K, used 581K [0x00000000c0000000, 0x00000000c2b00000, 0x00000000eab00000)
  object space 44032K, 1% used [0x00000000c0000000,0x00000000c00917a0,0x00000000c2b00000)
 Metaspace       used 5442K, capacity 6448K, committed 6528K, reserved 1056768K
  class space    used 591K, capacity 616K, committed 640K, reserved 1048576K
}
Event: 2.649 GC heap before
{Heap before GC invocations=2 (full 0):
 PSYoungGen      total 18944K, used 18920K [0x00000000eab00000, 0x00000000ed000000, 0x0000000100000000)
  eden space 16384K, 100% used [0x00000000eab00000,0x00000000ebb00000,0x00000000ebb00000)
  from space 2560K, 99% used [0x00000000ebb00000,0x00000000ebd7a078,0x00000000ebd80000)
  to   space 2560K, 0% used [0x00000000ecd80000,0x00000000ecd80000,0x00000000ed000000)
 ParOldGen       total 44032K, used 581K [0x00000000c0000000, 0x00000000c2b00000, 0x00000000eab00000)
  object space 44032K, 1% used [0x00000000c0000000,0x00000000c00917a0,0x00000000c2b00000)
 Metaspace       used 5992K, capacity 6898K, committed 7040K, reserved 1056768K
  class space    used 601K, capacity 618K, committed 640K, reserved 1048576K
Event: 2.775 GC heap after
Heap after GC invocations=2 (full 0):
 PSYoungGen      total 35328K, used 2544K [0x00000000eab00000, 0x00000000ed000000, 0x0000000100000000)
  eden space 32768K, 0% used [0x00000000eab00000,0x00000000eab00000,0x00000000ecb00000)
  from space 2560K, 99% used [0x00000000ecd80000,0x00000000ecffc038,0x00000000ed000000)
  to   space 2560K, 0% used [0x00000000ecb00000,0x00000000ecb00000,0x00000000ecd80000)
 ParOldGen       total 44032K, used 2452K [0x00000000c0000000, 0x00000000c2b00000, 0x00000000eab00000)
  object space 44032K, 5% used [0x00000000c0000000,0x00000000c02652d0,0x00000000c2b00000)
 Metaspace       used 5992K, capacity 6898K, committed 7040K, reserved 1056768K
  class space    used 601K, capacity 618K, committed 640K, reserved 1048576K
}
Event: 4.788 GC heap before
{Heap before GC invocations=3 (full 0):
 PSYoungGen      total 35328K, used 35312K [0x00000000eab00000, 0x00000000ed000000, 0x0000000100000000)
  eden space 32768K, 100% used [0x00000000eab00000,0x00000000ecb00000,0x00000000ecb00000)
  from space 2560K, 99% used [0x00000000ecd80000,0x00000000ecffc038,0x00000000ed000000)
  to   space 2560K, 0% used [0x00000000ecb00000,0x00000000ecb00000,0x00000000ecd80000)
 ParOldGen       total 44032K, used 2452K [0x00000000c0000000, 0x00000000c2b00000, 0x00000000eab00000)
  object space 44032K, 5% used [0x00000000c0000000,0x00000000c02652d0,0x00000000c2b00000)
 Metaspace       used 6263K, capacity 7090K, committed 7296K, reserved 1056768K
  class space    used 603K, capacity 618K, committed 640K, reserved 1048576K
Event: 4.995 GC heap after
Heap after GC invocations=3 (full 0):
 PSYoungGen      total 35328K, used 2528K [0x00000000eab00000, 0x00000000ef000000, 0x0000000100000000)
  eden space 32768K, 0% used [0x00000000eab00000,0x00000000eab00000,0x00000000ecb00000)
  from space 2560K, 98% used [0x00000000ecb00000,0x00000000ecd78028,0x00000000ecd80000)
  to   space 2560K, 0% used [0x00000000eed80000,0x00000000eed80000,0x00000000ef000000)
 ParOldGen       total 44032K, used 7271K [0x00000000c0000000, 0x00000000c2b00000, 0x00000000eab00000)
  object space 44032K, 16% used [0x00000000c0000000,0x00000000c0719da0,0x00000000c2b00000)
 Metaspace       used 6263K, capacity 7090K, committed 7296K, reserved 1056768K
  class space    used 603K, capacity 618K, committed 640K, reserved 1048576K
}
Event: 7.002 GC heap before
{Heap before GC invocations=4 (full 0):
 PSYoungGen      total 35328K, used 35296K [0x00000000eab00000, 0x00000000ef000000, 0x0000000100000000)
  eden space 32768K, 100% used [0x00000000eab00000,0x00000000ecb00000,0x00000000ecb00000)
  from space 2560K, 98% used [0x00000000ecb00000,0x00000000ecd78028,0x00000000ecd80000)
  to   space 2560K, 0% used [0x00000000eed80000,0x00000000eed80000,0x00000000ef000000)
 ParOldGen       total 44032K, used 7271K [0x00000000c0000000, 0x00000000c2b00000, 0x00000000eab00000)
  object space 44032K, 16% used [0x00000000c0000000,0x00000000c0719da0,0x00000000c2b00000)
 Metaspace       used 6352K, capacity 7154K, committed 7296K, reserved 1056768K
  class space    used 604K, capacity 618K, committed 640K, reserved 1048576K
Event: 7.228 GC heap after
Heap after GC invocations=4 (full 0):
 PSYoungGen      total 68096K, used 2528K [0x00000000eab00000, 0x00000000ef000000, 0x0000000100000000)
  eden space 65536K, 0% used [0x00000000eab00000,0x00000000eab00000,0x00000000eeb00000)
  from space 2560K, 98% used [0x00000000eed80000,0x00000000eeff8028,0x00000000ef000000)
  to   space 2560K, 0% used [0x00000000eeb00000,0x00000000eeb00000,0x00000000eed80000)
 ParOldGen       total 44032K, used 12848K [0x00000000c0000000, 0x00000000c2b00000, 0x00000000eab00000)
  object space 44032K, 29% used [0x00000000c0000000,0x00000000c0c8c100,0x00000000c2b00000)
 Metaspace       used 6352K, capacity 7154K, committed 7296K, reserved 1056768K
  class space    used 604K, capacity 618K, committed 640K, reserved 1048576K
}

Deoptimization events (10 events):
Event: 10.020 Thread 0x00000000023d0800 Uncommon trap: reason=speculate_class_check action=maybe_recompile pc=0x0000000002857f78 method=com.android.dx.util.FixedSizeList.equals(Ljava/lang/Object;)Z @ 25
Event: 10.020 Thread 0x00000000023d0800 Uncommon trap: reason=class_check action=maybe_recompile pc=0x00000000028592f0 method=java.util.Arrays.equals([Ljava/lang/Object;[Ljava/lang/Object;)Z @ 62
Event: 10.020 Thread 0x00000000023d0800 Uncommon trap: reason=speculate_class_check action=maybe_recompile pc=0x0000000002857f78 method=com.android.dx.util.FixedSizeList.equals(Ljava/lang/Object;)Z @ 25
Event: 10.020 Thread 0x00000000023d0800 Uncommon trap: reason=class_check action=maybe_recompile pc=0x00000000028592f0 method=java.util.Arrays.equals([Ljava/lang/Object;[Ljava/lang/Object;)Z @ 62
Event: 10.020 Thread 0x00000000023d0800 Uncommon trap: reason=speculate_class_check action=maybe_recompile pc=0x0000000002857f78 method=com.android.dx.util.FixedSizeList.equals(Ljava/lang/Object;)Z @ 25
Event: 10.020 Thread 0x00000000023d0800 Uncommon trap: reason=class_check action=maybe_recompile pc=0x00000000028592f0 method=java.util.Arrays.equals([Ljava/lang/Object;[Ljava/lang/Object;)Z @ 62
Event: 10.020 Thread 0x00000000023d0800 Uncommon trap: reason=speculate_class_check action=maybe_recompile pc=0x0000000002857f78 method=com.android.dx.util.FixedSizeList.equals(Ljava/lang/Object;)Z @ 25
Event: 10.020 Thread 0x00000000023d0800 Uncommon trap: reason=class_check action=maybe_recompile pc=0x00000000028592f0 method=java.util.Arrays.equals([Ljava/lang/Object;[Ljava/lang/Object;)Z @ 62
Event: 10.529 Thread 0x00000000023d0800 Uncommon trap: reason=unstable_if action=reinterpret pc=0x0000000002be538c method=java.util.TreeMap.put(Ljava/lang/Object;Ljava/lang/Object;)Ljava/lang/Object; @ 163
Event: 11.549 Thread 0x00000000023d0800 Uncommon trap: reason=unstable_if action=reinterpret pc=0x0000000002dd0844 method=com.android.dx.util.ByteArrayAnnotatedOutput.writeByte(I)V @ 13

Internal exceptions (2 events):
Event: 0.128 Thread 0x00000000023d0800 Exception <a 'java/lang/NoSuchMethodError': Method sun.misc.Unsafe.defineClass(Ljava/lang/String;[BII)Ljava/lang/Class; name or signature does not match> (0x00000000eab07cc0) thrown at [C:\re\workspace\8-2-build-windows-amd64-cygwin\jdk8u91\7017\hotspot\srÉBıt¿?
Event: 0.129 Thread 0x00000000023d0800 Exception <a 'java/lang/NoSuchMethodError': Method sun.misc.Unsafe.prefetchRead(Ljava/lang/Object;J)V name or signature does not match> (0x00000000eab07fa8) thrown at [C:\re\workspace\8-2-build-windows-amd64-cygwin\jdk8u91\7017\hotspot\src\share\vm\prims\j

Events (10 events):
Event: 10.911 loading class com/android/dx/dex/file/DebugInfoEncoder$2 done
Event: 11.095 loading class com/android/dex/EncodedValueCodec
Event: 11.095 loading class com/android/dex/EncodedValueCodec done
Event: 11.537 loading class com/android/dx/dex/file/MapItem
Event: 11.537 loading class com/android/dx/dex/file/MapItem done
Event: 11.548 loading class com/android/dex/DexFormat
Event: 11.548 loading class com/android/dex/DexFormat done
Event: 11.549 Thread 0x00000000023d0800 Uncommon trap: trap_request=0xffffff65 fr.pc=0x0000000002dd0844
Event: 11.549 Thread 0x00000000023d0800 DEOPT PACKING pc=0x0000000002dd0844 sp=0x000000000234ef40
Event: 11.549 Thread 0x00000000023d0800 DEOPT UNPACKING pc=0x000000000251582a sp=0x000000000234eef8 mode 2


Dynamic libraries:
0x00007ff64fa10000 - 0x00007ff64fa47000 	C:\Program Files\Java\jdk1.8.0_91\bin\java.exe
0x00007ffa64940000 - 0x00007ffa64b02000 	C:\Windows\SYSTEM32\ntdll.dll
0x00007ffa62210000 - 0x00007ffa622bd000 	C:\Windows\system32\KERNEL32.DLL
0x00007ffa61410000 - 0x00007ffa615ed000 	C:\Windows\system32\KERNELBASE.dll
0x00007ffa62010000 - 0x00007ffa620b6000 	C:\Windows\system32\ADVAPI32.dll
0x00007ffa64230000 - 0x00007ffa642cd000 	C:\Windows\system32\msvcrt.dll
0x00007ffa64050000 - 0x00007ffa640ab000 	C:\Windows\system32\sechost.dll
0x00007ffa646c0000 - 0x00007ffa647e6000 	C:\Windows\system32\RPCRT4.dll
0x00007ffa640c0000 - 0x00007ffa6420e000 	C:\Windows\system32\USER32.dll
0x00007ffa625f0000 - 0x00007ffa62775000 	C:\Windows\system32\GDI32.dll
0x00007ffa55fd0000 - 0x00007ffa56244000 	C:\Windows\WinSxS\amd64_microsoft.windows.common-controls_6595b64144ccf1df_6.0.10240.16384_none_f41f7b285750ef43\COMCTL32.dll
0x00007ffa623e0000 - 0x00007ffa62416000 	C:\Windows\system32\IMM32.DLL
0x00007ffa642d0000 - 0x00007ffa6442c000 	C:\Windows\system32\MSCTF.dll
0x00000000711e0000 - 0x00000000712b2000 	C:\Program Files\Java\jdk1.8.0_91\jre\bin\msvcr100.dll
0x0000000071660000 - 0x0000000071ef3000 	C:\Program Files\Java\jdk1.8.0_91\jre\bin\server\jvm.dll
0x00007ffa62990000 - 0x00007ffa62998000 	C:\Windows\system32\PSAPI.DLL
0x00007ffa58420000 - 0x00007ffa58429000 	C:\Windows\SYSTEM32\WSOCK32.dll
0x00007ffa648d0000 - 0x00007ffa64939000 	C:\Windows\system32\WS2_32.dll
0x00007ffa640b0000 - 0x00007ffa640b8000 	C:\Windows\system32\NSI.dll
0x00007ffa52ec0000 - 0x00007ffa52ee3000 	C:\Windows\SYSTEM32\WINMM.dll
0x00007ffa58750000 - 0x00007ffa5875a000 	C:\Windows\SYSTEM32\VERSION.dll
0x00007ffa52e90000 - 0x00007ffa52ebc000 	C:\Windows\SYSTEM32\WINMMBASE.dll
0x00007ffa616a0000 - 0x00007ffa616e4000 	C:\Windows\system32\cfgmgr32.dll
0x00007ffa5fce0000 - 0x00007ffa5fd07000 	C:\Windows\SYSTEM32\DEVOBJ.dll
0x0000000071650000 - 0x000000007165f000 	C:\Program Files\Java\jdk1.8.0_91\jre\bin\verify.dll
0x0000000071620000 - 0x0000000071649000 	C:\Program Files\Java\jdk1.8.0_91\jre\bin\java.dll
0x0000000071600000 - 0x0000000071616000 	C:\Program Files\Java\jdk1.8.0_91\jre\bin\zip.dll
0x00007ffa629a0000 - 0x00007ffa63ec5000 	C:\Windows\system32\SHELL32.dll
0x00007ffa619e0000 - 0x00007ffa62008000 	C:\Windows\system32\windows.storage.dll
0x00007ffa64440000 - 0x00007ffa646bc000 	C:\Windows\system32\combase.dll
0x00007ffa63f80000 - 0x00007ffa63fd1000 	C:\Windows\system32\shlwapi.dll
0x00007ffa61400000 - 0x00007ffa6140f000 	C:\Windows\system32\kernel.appcore.dll
0x00007ffa618c0000 - 0x00007ffa61973000 	C:\Windows\system32\shcore.dll
0x00007ffa613b0000 - 0x00007ffa613fa000 	C:\Windows\system32\powrprof.dll
0x00007ffa61390000 - 0x00007ffa613a3000 	C:\Windows\system32\profapi.dll

VM Arguments:
jvm_args: -Djava.awt.headless=true -Xmx1024M -Dfile.encoding=windows-1252 -Duser.country=US -Duser.language=en -Duser.variant 
java_command: com.android.dx.command.Main --dex --force-jumbo --num-threads=4 --output C:\Users\naveen\AndroidStudioProjects\ToDoApp\ToDoApp\app\build\intermediates\pre-dexed\debug\internal_impl-24.0.0_6b50d6500d1758ea6ed9b9579bc1b0f0c968c8ec.jar C:\Users\naveen\AndroidStudioProjects\ToDoApp\ToDoApp\app\build\intermediates\exploded-aar\com.android.support\support-v4\24.0.0\jars\libs\internal_impl-24.0.0.jar
java_class_path (initial): C:\Users\naveen\AppData\Local\Android\sdk\build-tools\24.0.0\lib\dx.jar
Launcher Type: SUN_STANDARD

Environment Variables:
PATH=C:\Windows\system32;C:\Windows;C:\Windows\System32\Wbem;C:\Windows\System32\WindowsPowerShell\v1.0\;C:\Program Files (x86)\Skype\Phone\;C:\Program Files\Java\jdk1.8.0_91\bin
USERNAME=naveen
OS=Windows_NT
PROCESSOR_IDENTIFIER=Intel64 Family 6 Model 42 Stepping 7, GenuineIntel



---------------  S Y S T E M  ---------------

OS: Windows 10.0 , 64 bit Build 10240 (10.0.10240.16384)

CPU:total 4 (2 cores per cpu, 2 threads per core) family 6 model 42 stepping 7, cmov, cx8, fxsr, mmx, sse, sse2, sse3, ssse3, sse4.1, sse4.2, popcnt, avx, clmul, ht, tsc, tscinvbit

Memory: 4k page, physical 4100564k(145572k free), swap 9859860k(5912k free)

vm_info: Java HotSpot(TM) 64-Bit Server VM (25.91-b15) for windows-amd64 JRE (1.8.0_91-b15), built on May 20 2016 17:43:15 by "java_re" with MS VC++ 10.0 (VS2010)

time: Mon Jun 27 14:15:18 2016
elapsed time: 11 seconds (0d 0h 0m 11s)

