#
# There is insufficient memory for the Java Runtime Environment to continue.
# Native memory allocation (malloc) failed to allocate 876976 bytes for Chunk::new
# Possible reasons:
#   The system is out of physical RAM or swap space
#   In 32 bit mode, the process size limit was hit
# Possible solutions:
#   Reduce memory load on the system
#   Increase physical memory or swap space
#   Check if swap backing store is full
#   Use 64 bit Java on a 64 bit OS
#   Decrease Java heap size (-Xmx/-Xms)
#   Decrease number of Java threads
#   Decrease Java thread stack sizes (-Xss)
#   Set larger code cache with -XX:ReservedCodeCacheSize=
# This output file may be truncated or incomplete.
#
#  Out of Memory Error (allocation.cpp:390), pid=7740, tid=5572
#
# JRE version: Java(TM) SE Runtime Environment (8.0_91-b15) (build 1.8.0_91-b15)
# Java VM: Java HotSpot(TM) 64-Bit Server VM (25.91-b15 mixed mode windows-amd64 compressed oops)
# Failed to write core dump. Minidumps are not enabled by default on client versions of Windows
#

---------------  T H R E A D  ---------------

Current thread (0x000000001535c000):  JavaThread "C2 CompilerThread0" daemon [_thread_in_native, id=5572, stack(0x00000000169a0000,0x0000000016aa0000)]

Stack: [0x00000000169a0000,0x0000000016aa0000]
[error occurred during error reporting (printing stack bounds), id 0xc0000005]

Native frames: (J=compiled Java code, j=interpreted, Vv=VM code, C=native code)


Current CompileTask:
C2:   3554 1189       4       com.android.dx.ssa.SCCP::simulateStmt (481 bytes)


---------------  P R O C E S S  ---------------

Java Threads: ( => current thread )
  0x0000000016f3e800 JavaThread "pool-2-thread-4" [_thread_blocked, id=6452, stack(0x00000000176a0000,0x00000000177a0000)]
  0x0000000016f3e000 JavaThread "pool-2-thread-3" [_thread_in_vm, id=6972, stack(0x00000000175a0000,0x00000000176a0000)]
  0x0000000016f3d000 JavaThread "pool-2-thread-2" [_thread_blocked, id=908, stack(0x00000000174a0000,0x00000000175a0000)]
  0x0000000016f2b800 JavaThread "pool-3-thread-1" [_thread_blocked, id=6844, stack(0x00000000173a0000,0x00000000174a0000)]
  0x0000000016f26800 JavaThread "pool-2-thread-1" [_thread_in_Java, id=4264, stack(0x00000000172a0000,0x00000000173a0000)]
  0x00000000153bb800 JavaThread "Service Thread" daemon [_thread_blocked, id=5696, stack(0x00000000170a0000,0x00000000171a0000)]
  0x00000000153ba000 JavaThread "C1 CompilerThread2" daemon [_thread_in_native, id=1216, stack(0x0000000016ba0000,0x0000000016ca0000)]
  0x00000000153b5000 JavaThread "C2 CompilerThread1" daemon [_thread_in_native, id=6872, stack(0x0000000016aa0000,0x0000000016ba0000)]
=>0x000000001535c000 JavaThread "C2 CompilerThread0" daemon [_thread_in_native, id=5572, stack(0x00000000169a0000,0x0000000016aa0000)]
  0x000000001535a000 JavaThread "Attach Listener" daemon [_thread_blocked, id=3688, stack(0x00000000168a0000,0x00000000169a0000)]
  0x0000000015359000 JavaThread "Signal Dispatcher" daemon [_thread_blocked, id=5380, stack(0x00000000167a0000,0x00000000168a0000)]
  0x000000001534a800 JavaThread "Finalizer" daemon [_thread_blocked, id=4776, stack(0x00000000165c0000,0x00000000166c0000)]
  0x0000000002c7f000 JavaThread "Reference Handler" daemon [_thread_blocked, id=3684, stack(0x00000000164c0000,0x00000000165c0000)]
  0x0000000002b90800 JavaThread "main" [_thread_blocked, id=7328, stack(0x00000000028e0000,0x00000000029e0000)]

Other Threads:
  0x0000000015328000 VMThread [stack: 0x00000000163c0000,0x00000000164c0000] [id=5028]
  0x0000000016ca9800 WatcherThread [stack: 0x00000000171a0000,0x00000000172a0000] [id=7896]

VM state:not at safepoint (normal execution)

VM Mutex/Monitor currently owned by a thread: None

Heap:
 PSYoungGen      total 18944K, used 16202K [0x00000000eab00000, 0x00000000ec000000, 0x0000000100000000)
  eden space 16384K, 83% used [0x00000000eab00000,0x00000000eb854d20,0x00000000ebb00000)
  from space 2560K, 99% used [0x00000000ebb00000,0x00000000ebd7dc78,0x00000000ebd80000)
  to   space 2560K, 0% used [0x00000000ebd80000,0x00000000ebd80000,0x00000000ec000000)
 ParOldGen       total 44032K, used 1409K [0x00000000c0000000, 0x00000000c2b00000, 0x00000000eab00000)
  object space 44032K, 3% used [0x00000000c0000000,0x00000000c01607f8,0x00000000c2b00000)
 Metaspace       used 6030K, capacity 6898K, committed 7040K, reserved 1056768K
  class space    used 600K, capacity 618K, committed 640K, reserved 1048576K

Card table byte_map: [0x0000000012050000,0x0000000012260000] byte_map_base: 0x0000000011a50000

Marking Bits: (ParMarkBitMap*) 0x0000000076352f70
 Begin Bits: [0x00000000127c0000, 0x00000000137c0000)
 End Bits:   [0x00000000137c0000, 0x00000000147c0000)

Polling page: 0x00000000010f0000

CodeCache: size=245760Kb used=4816Kb max_used=4816Kb free=240943Kb
 bounds [0x0000000002c90000, 0x0000000003150000, 0x0000000011c90000]
 total_blobs=1483 nmethods=1215 adapters=181
 compilation: enabled

Compilation events (10 events):
Event: 3.517 Thread 0x00000000153ba000 nmethod 1204 0x0000000003138610 code [0x0000000003138b80, 0x000000000313c1e8]
Event: 3.518 Thread 0x00000000153ba000 1205       3       com.android.dx.ssa.SsaMethod$2::visitPhiInsn (6 bytes)
Event: 3.518 Thread 0x00000000153ba000 nmethod 1205 0x000000000313e090 code [0x000000000313e200, 0x000000000313e388]
Event: 3.518 Thread 0x00000000153ba000 1206       3       com.android.dx.ssa.SsaMethod$1::visitPhiInsn (17 bytes)
Event: 3.518 Thread 0x00000000153ba000 nmethod 1206 0x000000000313e410 code [0x000000000313e580, 0x000000000313e970]
Event: 3.520 Thread 0x00000000153ba000 1207       3       com.android.dx.ssa.SsaConverter::edgeSplitMoveExceptionsAndResults (157 bytes)
Event: 3.522 Thread 0x00000000153ba000 nmethod 1207 0x000000000313eb10 code [0x000000000313eec0, 0x0000000003140d28]
Event: 3.522 Thread 0x00000000153b5000 1208       4       com.android.dx.ssa.SsaMethod$2::addToUses (48 bytes)
Event: 3.539 Thread 0x00000000153ba000 1209       3       java.util.Collections::unmodifiableCollection (9 bytes)
Event: 3.540 Thread 0x00000000153ba000 nmethod 1209 0x0000000003142250 code [0x00000000031423e0, 0x0000000003142728]

GC Heap History (2 events):
Event: 2.937 GC heap before
{Heap before GC invocations=1 (full 0):
 PSYoungGen      total 18944K, used 16384K [0x00000000eab00000, 0x00000000ec000000, 0x0000000100000000)
  eden space 16384K, 100% used [0x00000000eab00000,0x00000000ebb00000,0x00000000ebb00000)
  from space 2560K, 0% used [0x00000000ebd80000,0x00000000ebd80000,0x00000000ec000000)
  to   space 2560K, 0% used [0x00000000ebb00000,0x00000000ebb00000,0x00000000ebd80000)
 ParOldGen       total 44032K, used 0K [0x00000000c0000000, 0x00000000c2b00000, 0x00000000eab00000)
  object space 44032K, 0% used [0x00000000c0000000,0x00000000c0000000,0x00000000c2b00000)
 Metaspace       used 5753K, capacity 6704K, committed 6784K, reserved 1056768K
  class space    used 597K, capacity 616K, committed 640K, reserved 1048576K
Event: 2.965 GC heap after
Heap after GC invocations=1 (full 0):
 PSYoungGen      total 18944K, used 2551K [0x00000000eab00000, 0x00000000ec000000, 0x0000000100000000)
  eden space 16384K, 0% used [0x00000000eab00000,0x00000000eab00000,0x00000000ebb00000)
  from space 2560K, 99% used [0x00000000ebb00000,0x00000000ebd7dc78,0x00000000ebd80000)
  to   space 2560K, 0% used [0x00000000ebd80000,0x00000000ebd80000,0x00000000ec000000)
 ParOldGen       total 44032K, used 1409K [0x00000000c0000000, 0x00000000c2b00000, 0x00000000eab00000)
  object space 44032K, 3% used [0x00000000c0000000,0x00000000c01607f8,0x00000000c2b00000)
 Metaspace       used 5753K, capacity 6704K, committed 6784K, reserved 1056768K
  class space    used 597K, capacity 616K, committed 640K, reserved 1048576K
}

Deoptimization events (3 events):
Event: 2.778 Thread 0x0000000016f26800 Uncommon trap: reason=unstable_if action=reinterpret pc=0x0000000002ead968 method=java.util.HashMap.getNode(ILjava/lang/Object;)Ljava/util/HashMap$Node; @ 62
Event: 3.005 Thread 0x0000000016f3e000 Uncommon trap: reason=unstable_if action=reinterpret pc=0x0000000002f56334 method=java.util.BitSet.ensureCapacity(I)V @ 6
Event: 3.055 Thread 0x0000000016f3e800 Uncommon trap: reason=unstable_if action=reinterpret pc=0x0000000002f4f54c method=java.util.HashMap.getNode(ILjava/lang/Object;)Ljava/util/HashMap$Node; @ 62

Internal exceptions (2 events):
Event: 0.486 Thread 0x0000000002b90800 Exception <a 'java/lang/NoSuchMethodError': Method sun.misc.Unsafe.defineClass(Ljava/lang/String;[BII)Ljava/lang/Class; name or signature does not match> (0x00000000eab07cc0) thrown at [C:\re\workspace\8-2-build-windows-amd64-cygwin\jdk8u91\7017\hotspot\srø0h#­ß?
Event: 0.486 Thread 0x0000000002b90800 Exception <a 'java/lang/NoSuchMethodError': Method sun.misc.Unsafe.prefetchRead(Ljava/lang/Object;J)V name or signature does not match> (0x00000000eab07fa8) thrown at [C:\re\workspace\8-2-build-windows-amd64-cygwin\jdk8u91\7017\hotspot\src\share\vm\prims\j

Events (10 events):
Event: 2.983 loading class java/util/DualPivotQuicksort
Event: 2.983 loading class java/util/DualPivotQuicksort done
Event: 3.005 Thread 0x0000000016f3e000 Uncommon trap: trap_request=0xffffff65 fr.pc=0x0000000002f56334
Event: 3.005 Thread 0x0000000016f3e000 DEOPT PACKING pc=0x0000000002f56334 sp=0x000000001769e960
Event: 3.005 Thread 0x0000000016f3e000 DEOPT UNPACKING pc=0x0000000002cd582a sp=0x000000001769e848 mode 2
Event: 3.055 Thread 0x0000000016f3e800 Uncommon trap: trap_request=0xffffff65 fr.pc=0x0000000002f4f54c
Event: 3.055 Thread 0x0000000016f3e800 DEOPT PACKING pc=0x0000000002f4f54c sp=0x000000001779e6e0
Event: 3.055 Thread 0x0000000016f3e800 DEOPT UNPACKING pc=0x0000000002cd582a sp=0x000000001779e610 mode 2
Event: 3.408 Executing VM operation: ForceSafepoint
Event: 3.409 Executing VM operation: ForceSafepoint done


Dynamic libraries:
0x00007ff750790000 - 0x00007ff7507c7000 	C:\Program Files\Java\jdk1.8.0_91\bin\java.exe
0x00007ffd640b0000 - 0x00007ffd64272000 	C:\Windows\SYSTEM32\ntdll.dll
0x00007ffd63a50000 - 0x00007ffd63afd000 	C:\Windows\system32\KERNEL32.DLL
0x00007ffd61380000 - 0x00007ffd6155d000 	C:\Windows\system32\KERNELBASE.dll
0x00007ffd63680000 - 0x00007ffd63726000 	C:\Windows\system32\ADVAPI32.dll
0x00007ffd638e0000 - 0x00007ffd6397d000 	C:\Windows\system32\msvcrt.dll
0x00007ffd63140000 - 0x00007ffd6319b000 	C:\Windows\system32\sechost.dll
0x00007ffd63d80000 - 0x00007ffd63ea6000 	C:\Windows\system32\RPCRT4.dll
0x00007ffd633d0000 - 0x00007ffd6351e000 	C:\Windows\system32\USER32.dll
0x00007ffd62cb0000 - 0x00007ffd62e35000 	C:\Windows\system32\GDI32.dll
0x00007ffd55a60000 - 0x00007ffd55cd4000 	C:\Windows\WinSxS\amd64_microsoft.windows.common-controls_6595b64144ccf1df_6.0.10240.16384_none_f41f7b285750ef43\COMCTL32.dll
0x00007ffd63eb0000 - 0x00007ffd63ee6000 	C:\Windows\system32\IMM32.DLL
0x00007ffd63520000 - 0x00007ffd6367c000 	C:\Windows\system32\MSCTF.dll
0x00000000756c0000 - 0x0000000075792000 	C:\Program Files\Java\jdk1.8.0_91\jre\bin\msvcr100.dll
0x0000000075b40000 - 0x00000000763d3000 	C:\Program Files\Java\jdk1.8.0_91\jre\bin\server\jvm.dll
0x00007ffd63fe0000 - 0x00007ffd63fe8000 	C:\Windows\system32\PSAPI.DLL
0x00007ffd59270000 - 0x00007ffd59279000 	C:\Windows\SYSTEM32\WSOCK32.dll
0x00007ffd639e0000 - 0x00007ffd63a49000 	C:\Windows\system32\WS2_32.dll
0x00007ffd630a0000 - 0x00007ffd630a8000 	C:\Windows\system32\NSI.dll
0x00007ffd51e50000 - 0x00007ffd51e73000 	C:\Windows\SYSTEM32\WINMM.dll
0x00007ffd57f40000 - 0x00007ffd57f4a000 	C:\Windows\SYSTEM32\VERSION.dll
0x00007ffd51e20000 - 0x00007ffd51e4c000 	C:\Windows\SYSTEM32\WINMMBASE.dll
0x00007ffd61620000 - 0x00007ffd61664000 	C:\Windows\system32\cfgmgr32.dll
0x00007ffd5f450000 - 0x00007ffd5f477000 	C:\Windows\SYSTEM32\DEVOBJ.dll
0x0000000075b30000 - 0x0000000075b3f000 	C:\Program Files\Java\jdk1.8.0_91\jre\bin\verify.dll
0x0000000075b00000 - 0x0000000075b29000 	C:\Program Files\Java\jdk1.8.0_91\jre\bin\java.dll
0x0000000075ae0000 - 0x0000000075af6000 	C:\Program Files\Java\jdk1.8.0_91\jre\bin\zip.dll
0x00007ffd61780000 - 0x00007ffd62ca5000 	C:\Windows\system32\SHELL32.dll
0x00007ffd60b80000 - 0x00007ffd611a8000 	C:\Windows\system32\windows.storage.dll
0x00007ffd63b00000 - 0x00007ffd63d7c000 	C:\Windows\system32\combase.dll
0x00007ffd631a0000 - 0x00007ffd631f1000 	C:\Windows\system32\shlwapi.dll
0x00007ffd60ae0000 - 0x00007ffd60aef000 	C:\Windows\system32\kernel.appcore.dll
0x00007ffd61560000 - 0x00007ffd61613000 	C:\Windows\system32\shcore.dll
0x00007ffd60b30000 - 0x00007ffd60b7a000 	C:\Windows\system32\powrprof.dll
0x00007ffd60af0000 - 0x00007ffd60b03000 	C:\Windows\system32\profapi.dll

VM Arguments:
jvm_args: -Djava.awt.headless=true -Xmx1024M -Dfile.encoding=windows-1252 -Duser.country=US -Duser.language=en -Duser.variant 
java_command: com.android.dx.command.Main --dex --force-jumbo --num-threads=4 --multi-dex --output C:\Users\naveen\AndroidStudioProjects\ToDoApp\ToDoApp\app\build\intermediates\transforms\dex\debug\folders\1000\10\com.google.android.gms-play-services-base-9.0.2_66bc12854c13aae35fe0a7d6815a1e07a772a24a C:\Users\naveen\AndroidStudioProjects\ToDoApp\ToDoApp\app\build\intermediates\exploded-aar\com.google.android.gms\play-services-base\9.0.2\jars\classes.jar
java_class_path (initial): C:\Users\naveen\AppData\Local\Android\sdk\build-tools\24.0.0\lib\dx.jar
Launcher Type: SUN_STANDARD

Environment Variables:
PATH=C:\Windows\system32;C:\Windows;C:\Windows\System32\Wbem;C:\Windows\System32\WindowsPowerShell\v1.0\;C:\Program Files (x86)\Skype\Phone\;C:\Program Files\Java\jdk1.8.0_91\bin
USERNAME=naveen
OS=Windows_NT
PROCESSOR_IDENTIFIER=Intel64 Family 6 Model 42 Stepping 7, GenuineIntel



---------------  S Y S T E M  ---------------

OS: Windows 10.0 , 64 bit Build 10240 (10.0.10240.16384)

CPU:total 4 (2 cores per cpu, 2 threads per core) family 6 model 42 stepping 7, cmov, cx8, fxsr, mmx, sse, sse2, sse3, ssse3, sse4.1, sse4.2, popcnt, avx, clmul, ht, tsc, tscinvbit

Memory: 4k page, physical 4100564k(201256k free), swap 9859860k(5132k free)

vm_info: Java HotSpot(TM) 64-Bit Server VM (25.91-b15) for windows-amd64 JRE (1.8.0_91-b15), built on May 20 2016 17:43:15 by "java_re" with MS VC++ 10.0 (VS2010)

time: Tue Jun 28 18:44:38 2016
elapsed time: 3 seconds (0d 0h 0m 3s)

