#
# There is insufficient memory for the Java Runtime Environment to continue.
# Native memory allocation (malloc) failed to allocate 1065248 bytes for Chunk::new
# Possible reasons:
#   The system is out of physical RAM or swap space
#   In 32 bit mode, the process size limit was hit
# Possible solutions:
#   Reduce memory load on the system
#   Increase physical memory or swap space
#   Check if swap backing store is full
#   Use 64 bit Java on a 64 bit OS
#   Decrease Java heap size (-Xmx/-Xms)
#   Decrease number of Java threads
#   Decrease Java thread stack sizes (-Xss)
#   Set larger code cache with -XX:ReservedCodeCacheSize=
# This output file may be truncated or incomplete.
#
#  Out of Memory Error (allocation.cpp:390), pid=4692, tid=3164
#
# JRE version: Java(TM) SE Runtime Environment (8.0_91-b15) (build 1.8.0_91-b15)
# Java VM: Java HotSpot(TM) 64-Bit Server VM (25.91-b15 mixed mode windows-amd64 compressed oops)
# Failed to write core dump. Minidumps are not enabled by default on client versions of Windows
#

---------------  T H R E A D  ---------------

Current thread (0x0000000014845800):  JavaThread "C2 CompilerThread1" daemon [_thread_in_native, id=3164, stack(0x0000000015e40000,0x0000000015f40000)]

Stack: [0x0000000015e40000,0x0000000015f40000]
[error occurred during error reporting (printing stack bounds), id 0xc0000005]

Native frames: (J=compiled Java code, j=interpreted, Vv=VM code, C=native code)


Current CompileTask:
C2:   3399 1448   !   4       com.android.dx.cf.code.RopperMachine::run (1550 bytes)


---------------  P R O C E S S  ---------------

Java Threads: ( => current thread )
  0x00000000162eb800 JavaThread "pool-2-thread-4" [_thread_blocked, id=2956, stack(0x0000000016a40000,0x0000000016b40000)]
  0x00000000162db800 JavaThread "pool-2-thread-3" [_thread_blocked, id=196, stack(0x0000000016940000,0x0000000016a40000)]
  0x00000000162da000 JavaThread "pool-2-thread-2" [_thread_blocked, id=5280, stack(0x0000000016840000,0x0000000016940000)]
  0x00000000162d8000 JavaThread "pool-3-thread-1" [_thread_blocked, id=3640, stack(0x0000000016740000,0x0000000016840000)]
  0x000000001627b800 JavaThread "pool-2-thread-1" [_thread_blocked, id=5240, stack(0x0000000016640000,0x0000000016740000)]
  0x0000000016043800 JavaThread "Service Thread" daemon [_thread_blocked, id=3128, stack(0x0000000016440000,0x0000000016540000)]
  0x000000001484d800 JavaThread "C1 CompilerThread2" daemon [_thread_blocked, id=7160, stack(0x0000000015f40000,0x0000000016040000)]
=>0x0000000014845800 JavaThread "C2 CompilerThread1" daemon [_thread_in_native, id=3164, stack(0x0000000015e40000,0x0000000015f40000)]
  0x00000000147f7800 JavaThread "C2 CompilerThread0" daemon [_thread_in_native, id=5800, stack(0x0000000015d40000,0x0000000015e40000)]
  0x00000000147f6000 JavaThread "Attach Listener" daemon [_thread_blocked, id=5564, stack(0x0000000015c40000,0x0000000015d40000)]
  0x00000000147f4800 JavaThread "Signal Dispatcher" daemon [_thread_blocked, id=6972, stack(0x0000000015b40000,0x0000000015c40000)]
  0x00000000147da000 JavaThread "Finalizer" daemon [_thread_blocked, id=2784, stack(0x0000000015a40000,0x0000000015b40000)]
  0x000000000210f000 JavaThread "Reference Handler" daemon [_thread_blocked, id=4384, stack(0x0000000015940000,0x0000000015a40000)]
  0x0000000002020800 JavaThread "main" [_thread_in_vm, id=5680, stack(0x0000000001ea0000,0x0000000001fa0000)]

Other Threads:
  0x00000000147b8000 VMThread [stack: 0x0000000015840000,0x0000000015940000] [id=3368]
  0x0000000016063800 WatcherThread [stack: 0x0000000016540000,0x0000000016640000] [id=2016]

VM state:not at safepoint (normal execution)

VM Mutex/Monitor currently owned by a thread:  ([mutex/lock_event])
[0x000000000201d650] CompiledIC_lock - owner thread: 0x0000000002020800

Heap:
 PSYoungGen      total 35328K, used 5410K [0x00000000eab00000, 0x00000000ef000000, 0x0000000100000000)
  eden space 32768K, 8% used [0x00000000eab00000,0x00000000eadce138,0x00000000ecb00000)
  from space 2560K, 99% used [0x00000000ecb00000,0x00000000ecd7a740,0x00000000ecd80000)
  to   space 2560K, 0% used [0x00000000eed80000,0x00000000eed80000,0x00000000ef000000)
 ParOldGen       total 44032K, used 8270K [0x00000000c0000000, 0x00000000c2b00000, 0x00000000eab00000)
  object space 44032K, 18% used [0x00000000c0000000,0x00000000c0813ad0,0x00000000c2b00000)
 Metaspace       used 6262K, capacity 7128K, committed 7424K, reserved 1056768K
  class space    used 623K, capacity 656K, committed 768K, reserved 1048576K

Card table byte_map: [0x00000000114e0000,0x00000000116f0000] byte_map_base: 0x0000000010ee0000

Marking Bits: (ParMarkBitMap*) 0x000000005fbd2f70
 Begin Bits: [0x0000000011c50000, 0x0000000012c50000)
 End Bits:   [0x0000000012c50000, 0x0000000013c50000)

Polling page: 0x0000000000510000

CodeCache: size=245760Kb used=6081Kb max_used=6107Kb free=239678Kb
 bounds [0x0000000002120000, 0x0000000002720000, 0x0000000011120000]
 total_blobs=1753 nmethods=1484 adapters=182
 compilation: enabled

Compilation events (10 events):
Event: 3.065 Thread 0x000000001484d800 1515       3       com.android.dx.rop.code.LocalVariableInfo::getAssignmentCount (8 bytes)
Event: 3.065 Thread 0x000000001484d800 nmethod 1515 0x00000000027085d0 code [0x0000000002708720, 0x0000000002708910]
Event: 3.065 Thread 0x000000001484d800 1516       3       com.android.dx.dex.code.OutputCollector::<init> (34 bytes)
Event: 3.065 Thread 0x000000001484d800 nmethod 1516 0x00000000027089d0 code [0x0000000002708b60, 0x0000000002708e98]
Event: 3.065 Thread 0x000000001484d800 1517       3       com.android.dx.dex.code.RopTranslator$LocalVariableAwareTranslationVisitor::<init> (17 bytes)
Event: 3.065 Thread 0x000000001484d800 nmethod 1517 0x0000000002709010 code [0x0000000002709180, 0x00000000027093d0]
Event: 3.067 Thread 0x000000001484d800 1518       3       java.util.HashMap::getNode (148 bytes)
Event: 3.068 Thread 0x000000001484d800 nmethod 1518 0x00000000027094d0 code [0x00000000027096c0, 0x000000000270a328]
Event: 3.369 Thread 0x00000000147f7800 nmethod 1452 0x0000000002710ed0 code [0x0000000002711340, 0x0000000002714cb0]
Event: 3.370 Thread 0x00000000147f7800 1446       4       com.android.dx.cf.code.ValueAwareMachine::run (1142 bytes)

GC Heap History (6 events):
Event: 0.969 GC heap before
{Heap before GC invocations=1 (full 0):
 PSYoungGen      total 18944K, used 16384K [0x00000000eab00000, 0x00000000ec000000, 0x0000000100000000)
  eden space 16384K, 100% used [0x00000000eab00000,0x00000000ebb00000,0x00000000ebb00000)
  from space 2560K, 0% used [0x00000000ebd80000,0x00000000ebd80000,0x00000000ec000000)
  to   space 2560K, 0% used [0x00000000ebb00000,0x00000000ebb00000,0x00000000ebd80000)
 ParOldGen       total 44032K, used 0K [0x00000000c0000000, 0x00000000c2b00000, 0x00000000eab00000)
  object space 44032K, 0% used [0x00000000c0000000,0x00000000c0000000,0x00000000c2b00000)
 Metaspace       used 5766K, capacity 6706K, committed 6784K, reserved 1056768K
  class space    used 599K, capacity 618K, committed 640K, reserved 1048576K
Event: 0.994 GC heap after
Heap after GC invocations=1 (full 0):
 PSYoungGen      total 18944K, used 2551K [0x00000000eab00000, 0x00000000ed000000, 0x0000000100000000)
  eden space 16384K, 0% used [0x00000000eab00000,0x00000000eab00000,0x00000000ebb00000)
  from space 2560K, 99% used [0x00000000ebb00000,0x00000000ebd7dc78,0x00000000ebd80000)
  to   space 2560K, 0% used [0x00000000ecd80000,0x00000000ecd80000,0x00000000ed000000)
 ParOldGen       total 44032K, used 1575K [0x00000000c0000000, 0x00000000c2b00000, 0x00000000eab00000)
  object space 44032K, 3% used [0x00000000c0000000,0x00000000c0189f28,0x00000000c2b00000)
 Metaspace       used 5766K, capacity 6706K, committed 6784K, reserved 1056768K
  class space    used 599K, capacity 618K, committed 640K, reserved 1048576K
}
Event: 1.429 GC heap before
{Heap before GC invocations=2 (full 0):
 PSYoungGen      total 18944K, used 18935K [0x00000000eab00000, 0x00000000ed000000, 0x0000000100000000)
  eden space 16384K, 100% used [0x00000000eab00000,0x00000000ebb00000,0x00000000ebb00000)
  from space 2560K, 99% used [0x00000000ebb00000,0x00000000ebd7dc78,0x00000000ebd80000)
  to   space 2560K, 0% used [0x00000000ecd80000,0x00000000ecd80000,0x00000000ed000000)
 ParOldGen       total 44032K, used 1575K [0x00000000c0000000, 0x00000000c2b00000, 0x00000000eab00000)
  object space 44032K, 3% used [0x00000000c0000000,0x00000000c0189f28,0x00000000c2b00000)
 Metaspace       used 5975K, capacity 6898K, committed 7040K, reserved 1056768K
  class space    used 600K, capacity 618K, committed 640K, reserved 1048576K
Event: 1.468 GC heap after
Heap after GC invocations=2 (full 0):
 PSYoungGen      total 35328K, used 2551K [0x00000000eab00000, 0x00000000ed000000, 0x0000000100000000)
  eden space 32768K, 0% used [0x00000000eab00000,0x00000000eab00000,0x00000000ecb00000)
  from space 2560K, 99% used [0x00000000ecd80000,0x00000000ecffdff8,0x00000000ed000000)
  to   space 2560K, 0% used [0x00000000ecb00000,0x00000000ecb00000,0x00000000ecd80000)
 ParOldGen       total 44032K, used 4060K [0x00000000c0000000, 0x00000000c2b00000, 0x00000000eab00000)
  object space 44032K, 9% used [0x00000000c0000000,0x00000000c03f7258,0x00000000c2b00000)
 Metaspace       used 5975K, capacity 6898K, committed 7040K, reserved 1056768K
  class space    used 600K, capacity 618K, committed 640K, reserved 1048576K
}
Event: 2.669 GC heap before
{Heap before GC invocations=3 (full 0):
 PSYoungGen      total 35328K, used 35319K [0x00000000eab00000, 0x00000000ed000000, 0x0000000100000000)
  eden space 32768K, 100% used [0x00000000eab00000,0x00000000ecb00000,0x00000000ecb00000)
  from space 2560K, 99% used [0x00000000ecd80000,0x00000000ecffdff8,0x00000000ed000000)
  to   space 2560K, 0% used [0x00000000ecb00000,0x00000000ecb00000,0x00000000ecd80000)
 ParOldGen       total 44032K, used 4060K [0x00000000c0000000, 0x00000000c2b00000, 0x00000000eab00000)
  object space 44032K, 9% used [0x00000000c0000000,0x00000000c03f7258,0x00000000c2b00000)
 Metaspace       used 6124K, capacity 7026K, committed 7296K, reserved 1056768K
  class space    used 603K, capacity 618K, committed 640K, reserved 1048576K
Event: 2.887 GC heap after
Heap after GC invocations=3 (full 0):
 PSYoungGen      total 35328K, used 2537K [0x00000000eab00000, 0x00000000ef000000, 0x0000000100000000)
  eden space 32768K, 0% used [0x00000000eab00000,0x00000000eab00000,0x00000000ecb00000)
  from space 2560K, 99% used [0x00000000ecb00000,0x00000000ecd7a740,0x00000000ecd80000)
  to   space 2560K, 0% used [0x00000000eed80000,0x00000000eed80000,0x00000000ef000000)
 ParOldGen       total 44032K, used 8270K [0x00000000c0000000, 0x00000000c2b00000, 0x00000000eab00000)
  object space 44032K, 18% used [0x00000000c0000000,0x00000000c0813ad0,0x00000000c2b00000)
 Metaspace       used 6124K, capacity 7026K, committed 7296K, reserved 1056768K
  class space    used 603K, capacity 618K, committed 640K, reserved 1048576K
}

Deoptimization events (10 events):
Event: 1.244 Thread 0x00000000162db800 Uncommon trap: reason=bimorphic action=maybe_recompile pc=0x0000000002379378 method=java.util.HashMap.getNode(ILjava/lang/Object;)Ljava/util/HashMap$Node; @ 126
Event: 1.244 Thread 0x00000000162db800 Uncommon trap: reason=bimorphic action=maybe_recompile pc=0x0000000002379378 method=java.util.HashMap.getNode(ILjava/lang/Object;)Ljava/util/HashMap$Node; @ 126
Event: 1.244 Thread 0x00000000162db800 Uncommon trap: reason=bimorphic action=maybe_recompile pc=0x000000000238bdf0 method=java.util.HashMap.getNode(ILjava/lang/Object;)Ljava/util/HashMap$Node; @ 126
Event: 1.244 Thread 0x00000000162db800 Uncommon trap: reason=unstable_if action=reinterpret pc=0x000000000242cb9c method=com.android.dx.rop.cst.Constant.compareTo(Lcom/android/dx/rop/cst/Constant;)I @ 12
Event: 1.415 Thread 0x00000000162da000 Uncommon trap: reason=unstable_if action=reinterpret pc=0x00000000023ec89c method=com.android.dx.rop.code.RegisterSpec.equals(ILcom/android/dx/rop/type/TypeBearer;Lcom/android/dx/rop/code/LocalItem;)Z @ 42
Event: 1.970 Thread 0x0000000002020800 Uncommon trap: reason=unstable_if action=reinterpret pc=0x00000000026523d0 method=com.android.dx.cf.code.BytecodeArray.parseInstruction(ILcom/android/dx/cf/code/BytecodeArray$Visitor;)I @ 1198
Event: 3.052 Thread 0x0000000002020800 Uncommon trap: reason=unstable_if action=reinterpret pc=0x000000000240b1dc method=java.util.HashMap.putVal(ILjava/lang/Object;Ljava/lang/Object;ZZ)Ljava/lang/Object; @ 162
Event: 3.057 Thread 0x0000000002020800 Uncommon trap: reason=unstable_if action=reinterpret pc=0x000000000257e1b8 method=java.util.HashMap.getNode(ILjava/lang/Object;)Ljava/util/HashMap$Node; @ 84
Event: 3.067 Thread 0x0000000002020800 Uncommon trap: reason=unstable_if action=reinterpret pc=0x000000000258c0c0 method=java.util.HashMap.getNode(ILjava/lang/Object;)Ljava/util/HashMap$Node; @ 84
Event: 3.068 Thread 0x0000000002020800 Uncommon trap: reason=unstable_if action=reinterpret pc=0x000000000256823c method=java.util.HashMap.putVal(ILjava/lang/Object;Ljava/lang/Object;ZZ)Ljava/lang/Object; @ 162

Internal exceptions (6 events):
Event: 0.041 Thread 0x0000000002020800 Exception <a 'java/lang/NoSuchMethodError': Method sun.misc.Unsafe.defineClass(Ljava/lang/String;[BII)Ljava/lang/Class; name or signature does not match> (0x00000000eab07cc0) thrown at [C:\re\workspace\8-2-build-windows-amd64-cygwin\jdk8u91\7017\hotspot\sr
Event: 0.041 Thread 0x0000000002020800 Exception <a 'java/lang/NoSuchMethodError': Method sun.misc.Unsafe.prefetchRead(Ljava/lang/Object;J)V name or signature does not match> (0x00000000eab07fa8) thrown at [C:\re\workspace\8-2-build-windows-amd64-cygwin\jdk8u91\7017\hotspot\src\share\vm\prims\jíxïY³ñ?
Event: 1.106 Thread 0x00000000162da000 Implicit null exception at 0x0000000002407ea2 to 0x0000000002407f92
Event: 3.054 Thread 0x0000000002020800 Exception <a 'java/lang/ArrayIndexOutOfBoundsException': 18> (0x00000000ead60110) thrown at [C:\re\workspace\8-2-build-windows-amd64-cygwin\jdk8u91\7017\hotspot\src\share\vm\interpreter\interpreterRuntime.cpp, line 366]
Event: 3.055 Thread 0x0000000002020800 Exception <a 'java/lang/ArrayIndexOutOfBoundsException'> (0x00000000ead61c90) thrown at [C:\re\workspace\8-2-build-windows-amd64-cygwin\jdk8u91\7017\hotspot\src\share\vm\runtime\sharedRuntime.cpp, line 605]
Event: 3.056 Thread 0x0000000002020800 Exception <a 'java/lang/ArrayIndexOutOfBoundsException'> (0x00000000ead62f78) thrown at [C:\re\workspace\8-2-build-windows-amd64-cygwin\jdk8u91\7017\hotspot\src\share\vm\runtime\sharedRuntime.cpp, line 605]

Events (10 events):
Event: 3.057 loading class sun/reflect/generics/reflectiveObjects/TypeVariableImpl done
Event: 3.057 Thread 0x0000000002020800 Uncommon trap: trap_request=0xffffff65 fr.pc=0x000000000257e1b8
Event: 3.057 Thread 0x0000000002020800 DEOPT PACKING pc=0x000000000257e1b8 sp=0x0000000001f9dcd0
Event: 3.057 Thread 0x0000000002020800 DEOPT UNPACKING pc=0x000000000216582a sp=0x0000000001f9dc00 mode 2
Event: 3.067 Thread 0x0000000002020800 Uncommon trap: trap_request=0xffffff65 fr.pc=0x000000000258c0c0
Event: 3.067 Thread 0x0000000002020800 DEOPT PACKING pc=0x000000000258c0c0 sp=0x0000000001f9ddd0
Event: 3.067 Thread 0x0000000002020800 DEOPT UNPACKING pc=0x000000000216582a sp=0x0000000001f9dd58 mode 2
Event: 3.068 Thread 0x0000000002020800 Uncommon trap: trap_request=0xffffff65 fr.pc=0x000000000256823c
Event: 3.068 Thread 0x0000000002020800 DEOPT PACKING pc=0x000000000256823c sp=0x0000000001f9dfa0
Event: 3.068 Thread 0x0000000002020800 DEOPT UNPACKING pc=0x000000000216582a sp=0x0000000001f9df28 mode 2


Dynamic libraries:
0x00007ff7dd630000 - 0x00007ff7dd667000 	C:\Program Files\Java\jdk1.8.0_91\bin\java.exe
0x00007ffc23180000 - 0x00007ffc23342000 	C:\Windows\SYSTEM32\ntdll.dll
0x00007ffc21190000 - 0x00007ffc2123d000 	C:\Windows\system32\KERNEL32.DLL
0x00007ffc1fd00000 - 0x00007ffc1fedd000 	C:\Windows\system32\KERNELBASE.dll
0x00007ffc20d50000 - 0x00007ffc20df6000 	C:\Windows\system32\ADVAPI32.dll
0x00007ffc20e60000 - 0x00007ffc20efd000 	C:\Windows\system32\msvcrt.dll
0x00007ffc21130000 - 0x00007ffc2118b000 	C:\Windows\system32\sechost.dll
0x00007ffc22ae0000 - 0x00007ffc22c06000 	C:\Windows\system32\RPCRT4.dll
0x00007ffc22d00000 - 0x00007ffc22e4e000 	C:\Windows\system32\USER32.dll
0x00007ffc21240000 - 0x00007ffc213c5000 	C:\Windows\system32\GDI32.dll
0x00007ffc12c90000 - 0x00007ffc12f04000 	C:\Windows\WinSxS\amd64_microsoft.windows.common-controls_6595b64144ccf1df_6.0.10240.16384_none_f41f7b285750ef43\COMCTL32.dll
0x00007ffc22cc0000 - 0x00007ffc22cf6000 	C:\Windows\system32\IMM32.DLL
0x00007ffc22fa0000 - 0x00007ffc230fc000 	C:\Windows\system32\MSCTF.dll
0x000000005ef00000 - 0x000000005efd2000 	C:\Program Files\Java\jdk1.8.0_91\jre\bin\msvcr100.dll
0x000000005f3c0000 - 0x000000005fc53000 	C:\Program Files\Java\jdk1.8.0_91\jre\bin\server\jvm.dll
0x00007ffc22f20000 - 0x00007ffc22f28000 	C:\Windows\system32\PSAPI.DLL
0x00007ffc15fd0000 - 0x00007ffc15fd9000 	C:\Windows\SYSTEM32\WSOCK32.dll
0x00007ffc22e50000 - 0x00007ffc22eb9000 	C:\Windows\system32\WS2_32.dll
0x00007ffc213d0000 - 0x00007ffc213d8000 	C:\Windows\system32\NSI.dll
0x00007ffc10c60000 - 0x00007ffc10c83000 	C:\Windows\SYSTEM32\WINMM.dll
0x00007ffc16b70000 - 0x00007ffc16b7a000 	C:\Windows\SYSTEM32\VERSION.dll
0x00007ffc10c30000 - 0x00007ffc10c5c000 	C:\Windows\SYSTEM32\WINMMBASE.dll
0x00007ffc1fee0000 - 0x00007ffc1ff24000 	C:\Windows\system32\cfgmgr32.dll
0x00007ffc1e520000 - 0x00007ffc1e547000 	C:\Windows\SYSTEM32\DEVOBJ.dll
0x000000005f3b0000 - 0x000000005f3bf000 	C:\Program Files\Java\jdk1.8.0_91\jre\bin\verify.dll
0x000000005f380000 - 0x000000005f3a9000 	C:\Program Files\Java\jdk1.8.0_91\jre\bin\java.dll
0x000000005f360000 - 0x000000005f376000 	C:\Program Files\Java\jdk1.8.0_91\jre\bin\zip.dll
0x00007ffc213e0000 - 0x00007ffc22905000 	C:\Windows\system32\SHELL32.dll
0x00007ffc20160000 - 0x00007ffc20788000 	C:\Windows\system32\windows.storage.dll
0x00007ffc20910000 - 0x00007ffc20b8c000 	C:\Windows\system32\combase.dll
0x00007ffc22ec0000 - 0x00007ffc22f11000 	C:\Windows\system32\shlwapi.dll
0x00007ffc1fc40000 - 0x00007ffc1fc4f000 	C:\Windows\system32\kernel.appcore.dll
0x00007ffc20790000 - 0x00007ffc20843000 	C:\Windows\system32\shcore.dll
0x00007ffc1fbd0000 - 0x00007ffc1fc1a000 	C:\Windows\system32\powrprof.dll
0x00007ffc1fc20000 - 0x00007ffc1fc33000 	C:\Windows\system32\profapi.dll

VM Arguments:
jvm_args: -Djava.awt.headless=true -Xmx1024M -Dfile.encoding=windows-1252 -Duser.country=US -Duser.language=en -Duser.variant 
java_command: com.android.dx.command.Main --dex --force-jumbo --num-threads=4 --multi-dex --output C:\Users\naveen\AndroidStudioProjects\ToDoApp\ToDoApp\app\build\intermediates\transforms\dex\debug\folders\1000\10\com.android.support-recyclerview-v7-24.0.0_8eca0adff884bf004aa94ba9e92b354cb15b054a C:\Users\naveen\AndroidStudioProjects\ToDoApp\ToDoApp\app\build\intermediates\exploded-aar\com.android.support\recyclerview-v7\24.0.0\jars\classes.jar
java_class_path (initial): C:\Users\naveen\AppData\Local\Android\sdk\build-tools\24.0.0\lib\dx.jar
Launcher Type: SUN_STANDARD

Environment Variables:
PATH=C:\Windows\system32;C:\Windows;C:\Windows\System32\Wbem;C:\Windows\System32\WindowsPowerShell\v1.0\;C:\Program Files (x86)\Skype\Phone\;C:\Program Files\Java\jdk1.8.0_91\bin
USERNAME=naveen
OS=Windows_NT
PROCESSOR_IDENTIFIER=Intel64 Family 6 Model 42 Stepping 7, GenuineIntel



---------------  S Y S T E M  ---------------

OS: Windows 10.0 , 64 bit Build 10240 (10.0.10240.16384)

CPU:total 4 (2 cores per cpu, 2 threads per core) family 6 model 42 stepping 7, cmov, cx8, fxsr, mmx, sse, sse2, sse3, ssse3, sse4.1, sse4.2, popcnt, avx, clmul, ht, tsc, tscinvbit

Memory: 4k page, physical 4100564k(222844k free), swap 9859860k(5172k free)

vm_info: Java HotSpot(TM) 64-Bit Server VM (25.91-b15) for windows-amd64 JRE (1.8.0_91-b15), built on May 20 2016 17:43:15 by "java_re" with MS VC++ 10.0 (VS2010)

time: Thu Jun 30 10:11:16 2016
elapsed time: 3 seconds (0d 0h 0m 3s)

