#
# There is insufficient memory for the Java Runtime Environment to continue.
# Native memory allocation (malloc) failed to allocate 262160 bytes for Chunk::new
# Possible reasons:
#   The system is out of physical RAM or swap space
#   In 32 bit mode, the process size limit was hit
# Possible solutions:
#   Reduce memory load on the system
#   Increase physical memory or swap space
#   Check if swap backing store is full
#   Use 64 bit Java on a 64 bit OS
#   Decrease Java heap size (-Xmx/-Xms)
#   Decrease number of Java threads
#   Decrease Java thread stack sizes (-Xss)
#   Set larger code cache with -XX:ReservedCodeCacheSize=
# This output file may be truncated or incomplete.
#
#  Out of Memory Error (allocation.cpp:390), pid=512, tid=7648
#
# JRE version: Java(TM) SE Runtime Environment (8.0_91-b15) (build 1.8.0_91-b15)
# Java VM: Java HotSpot(TM) 64-Bit Server VM (25.91-b15 mixed mode windows-amd64 compressed oops)
# Failed to write core dump. Minidumps are not enabled by default on client versions of Windows
#

---------------  T H R E A D  ---------------

Current thread (0x000000001536c000):  JavaThread "C2 CompilerThread0" daemon [_thread_in_native, id=7648, stack(0x00000000169b0000,0x0000000016ab0000)]

Stack: [0x00000000169b0000,0x0000000016ab0000]
[error occurred during error reporting (printing stack bounds), id 0xc0000005]

Native frames: (J=compiled Java code, j=interpreted, Vv=VM code, C=native code)


Current CompileTask:
C2:  16208 2011   !   4       com.android.dx.cf.cst.ConstantPoolParser::parse0 (731 bytes)


---------------  P R O C E S S  ---------------

Java Threads: ( => current thread )
  0x0000000016f06000 JavaThread "pool-2-thread-4" [_thread_blocked, id=716, stack(0x0000000017eb0000,0x0000000017fb0000)]
  0x0000000016f05000 JavaThread "pool-2-thread-3" [_thread_blocked, id=5604, stack(0x0000000017db0000,0x0000000017eb0000)]
  0x0000000016f04800 JavaThread "pool-2-thread-2" [_thread_in_Java, id=7356, stack(0x0000000017cb0000,0x0000000017db0000)]
  0x0000000016eff800 JavaThread "pool-3-thread-1" [_thread_blocked, id=8060, stack(0x0000000017bb0000,0x0000000017cb0000)]
  0x0000000016eff000 JavaThread "pool-2-thread-1" [_thread_blocked, id=3708, stack(0x0000000017ab0000,0x0000000017bb0000)]
  0x0000000016cb3800 JavaThread "Service Thread" daemon [_thread_blocked, id=8084, stack(0x00000000170b0000,0x00000000171b0000)]
  0x00000000153ca000 JavaThread "C1 CompilerThread2" daemon [_thread_in_vm, id=7224, stack(0x0000000016bb0000,0x0000000016cb0000)]
  0x000000001536f000 JavaThread "C2 CompilerThread1" daemon [_thread_in_native, id=2152, stack(0x0000000016ab0000,0x0000000016bb0000)]
=>0x000000001536c000 JavaThread "C2 CompilerThread0" daemon [_thread_in_native, id=7648, stack(0x00000000169b0000,0x0000000016ab0000)]
  0x000000001536a000 JavaThread "Attach Listener" daemon [_thread_blocked, id=4036, stack(0x00000000168b0000,0x00000000169b0000)]
  0x0000000015369000 JavaThread "Signal Dispatcher" daemon [_thread_blocked, id=3428, stack(0x00000000167b0000,0x00000000168b0000)]
  0x000000001535a000 JavaThread "Finalizer" daemon [_thread_blocked, id=7812, stack(0x00000000165d0000,0x00000000166d0000)]
  0x0000000002c8f000 JavaThread "Reference Handler" daemon [_thread_blocked, id=6688, stack(0x00000000164d0000,0x00000000165d0000)]
  0x0000000002ba0800 JavaThread "main" [_thread_in_native, id=7004, stack(0x0000000002aa0000,0x0000000002ba0000)]

Other Threads:
  0x0000000015338000 VMThread [stack: 0x00000000163d0000,0x00000000164d0000] [id=4412]
  0x0000000016cda000 WatcherThread [stack: 0x00000000171b0000,0x00000000172b0000] [id=2352]

VM state:not at safepoint (normal execution)

VM Mutex/Monitor currently owned by a thread: None

Heap:
 PSYoungGen      total 68096K, used 55065K [0x00000000eab00000, 0x00000000ef000000, 0x0000000100000000)
  eden space 65536K, 80% used [0x00000000eab00000,0x00000000ede48d98,0x00000000eeb00000)
  from space 2560K, 99% used [0x00000000eeb00000,0x00000000eed7d7f0,0x00000000eed80000)
  to   space 2560K, 0% used [0x00000000eed80000,0x00000000eed80000,0x00000000ef000000)
 ParOldGen       total 44032K, used 26430K [0x00000000c0000000, 0x00000000c2b00000, 0x00000000eab00000)
  object space 44032K, 60% used [0x00000000c0000000,0x00000000c19cf858,0x00000000c2b00000)
 Metaspace       used 6393K, capacity 7154K, committed 7296K, reserved 1056768K
  class space    used 603K, capacity 618K, committed 640K, reserved 1048576K

Card table byte_map: [0x0000000012060000,0x0000000012270000] byte_map_base: 0x0000000011a60000

Marking Bits: (ParMarkBitMap*) 0x0000000076352f70
 Begin Bits: [0x00000000127d0000, 0x00000000137d0000)
 End Bits:   [0x00000000137d0000, 0x00000000147d0000)

Polling page: 0x0000000001040000

CodeCache: size=245760Kb used=9180Kb max_used=9180Kb free=236579Kb
 bounds [0x0000000002ca0000, 0x00000000035a0000, 0x0000000011ca0000]
 total_blobs=2234 nmethods=1965 adapters=181
 compilation: enabled

Compilation events (10 events):
Event: 16.040 Thread 0x00000000153ca000 2012   !   3       java.util.concurrent.LinkedBlockingQueue::offer (130 bytes)
Event: 16.042 Thread 0x00000000153ca000 nmethod 2012 0x0000000003569610 code [0x00000000035698c0, 0x000000000356aea8]
Event: 16.061 Thread 0x000000001536f000 nmethod 1939 0x0000000003583210 code [0x0000000003584c00, 0x000000000358fa08]
Event: 16.063 Thread 0x00000000153ca000 2013       3       com.android.dx.rop.type.StdTypeList::getWordCount (33 bytes)
Event: 16.064 Thread 0x00000000153ca000 nmethod 2013 0x000000000356bcd0 code [0x000000000356be60, 0x000000000356c4b8]
Event: 16.065 Thread 0x000000001536f000 2014       4       java.util.TreeMap$PrivateEntryIterator::hasNext (13 bytes)
Event: 16.065 Thread 0x000000001536f000 nmethod 2014 0x00000000031b3d10 code [0x00000000031b3e40, 0x00000000031b3eb8]
Event: 16.066 Thread 0x000000001536f000 2015       4       com.android.dx.rop.cst.CstType::equals (29 bytes)
Event: 16.066 Thread 0x000000001536f000 nmethod 2015 0x0000000003562110 code [0x0000000003562240, 0x00000000035622d8]
Event: 16.067 Thread 0x000000001536f000 2016 %     4       com.android.dx.ssa.SCCP::run @ 133 (298 bytes)

GC Heap History (10 events):
Event: 1.607 GC heap before
{Heap before GC invocations=1 (full 0):
 PSYoungGen      total 18944K, used 16384K [0x00000000eab00000, 0x00000000ec000000, 0x0000000100000000)
  eden space 16384K, 100% used [0x00000000eab00000,0x00000000ebb00000,0x00000000ebb00000)
  from space 2560K, 0% used [0x00000000ebd80000,0x00000000ebd80000,0x00000000ec000000)
  to   space 2560K, 0% used [0x00000000ebb00000,0x00000000ebb00000,0x00000000ebd80000)
 ParOldGen       total 44032K, used 0K [0x00000000c0000000, 0x00000000c2b00000, 0x00000000eab00000)
  object space 44032K, 0% used [0x00000000c0000000,0x00000000c0000000,0x00000000c2b00000)
 Metaspace       used 5231K, capacity 6224K, committed 6528K, reserved 1056768K
  class space    used 573K, capacity 584K, committed 640K, reserved 1048576K
Event: 1.811 GC heap after
Heap after GC invocations=1 (full 0):
 PSYoungGen      total 18944K, used 2535K [0x00000000eab00000, 0x00000000ed000000, 0x0000000100000000)
  eden space 16384K, 0% used [0x00000000eab00000,0x00000000eab00000,0x00000000ebb00000)
  from space 2560K, 99% used [0x00000000ebb00000,0x00000000ebd79c30,0x00000000ebd80000)
  to   space 2560K, 0% used [0x00000000ecd80000,0x00000000ecd80000,0x00000000ed000000)
 ParOldGen       total 44032K, used 188K [0x00000000c0000000, 0x00000000c2b00000, 0x00000000eab00000)
  object space 44032K, 0% used [0x00000000c0000000,0x00000000c002f3f0,0x00000000c2b00000)
 Metaspace       used 5231K, capacity 6224K, committed 6528K, reserved 1056768K
  class space    used 573K, capacity 584K, committed 640K, reserved 1048576K
}
Event: 4.141 GC heap before
{Heap before GC invocations=2 (full 0):
 PSYoungGen      total 18944K, used 18919K [0x00000000eab00000, 0x00000000ed000000, 0x0000000100000000)
  eden space 16384K, 100% used [0x00000000eab00000,0x00000000ebb00000,0x00000000ebb00000)
  from space 2560K, 99% used [0x00000000ebb00000,0x00000000ebd79c30,0x00000000ebd80000)
  to   space 2560K, 0% used [0x00000000ecd80000,0x00000000ecd80000,0x00000000ed000000)
 ParOldGen       total 44032K, used 188K [0x00000000c0000000, 0x00000000c2b00000, 0x00000000eab00000)
  object space 44032K, 0% used [0x00000000c0000000,0x00000000c002f3f0,0x00000000c2b00000)
 Metaspace       used 6044K, capacity 6898K, committed 7040K, reserved 1056768K
  class space    used 601K, capacity 618K, committed 640K, reserved 1048576K
Event: 4.300 GC heap after
Heap after GC invocations=2 (full 0):
 PSYoungGen      total 35328K, used 2535K [0x00000000eab00000, 0x00000000ed000000, 0x0000000100000000)
  eden space 32768K, 0% used [0x00000000eab00000,0x00000000eab00000,0x00000000ecb00000)
  from space 2560K, 99% used [0x00000000ecd80000,0x00000000ecff9c88,0x00000000ed000000)
  to   space 2560K, 0% used [0x00000000ecb00000,0x00000000ecb00000,0x00000000ecd80000)
 ParOldGen       total 44032K, used 1695K [0x00000000c0000000, 0x00000000c2b00000, 0x00000000eab00000)
  object space 44032K, 3% used [0x00000000c0000000,0x00000000c01a7fe0,0x00000000c2b00000)
 Metaspace       used 6044K, capacity 6898K, committed 7040K, reserved 1056768K
  class space    used 601K, capacity 618K, committed 640K, reserved 1048576K
}
Event: 6.972 GC heap before
{Heap before GC invocations=3 (full 0):
 PSYoungGen      total 35328K, used 35303K [0x00000000eab00000, 0x00000000ed000000, 0x0000000100000000)
  eden space 32768K, 100% used [0x00000000eab00000,0x00000000ecb00000,0x00000000ecb00000)
  from space 2560K, 99% used [0x00000000ecd80000,0x00000000ecff9c88,0x00000000ed000000)
  to   space 2560K, 0% used [0x00000000ecb00000,0x00000000ecb00000,0x00000000ecd80000)
 ParOldGen       total 44032K, used 1695K [0x00000000c0000000, 0x00000000c2b00000, 0x00000000eab00000)
  object space 44032K, 3% used [0x00000000c0000000,0x00000000c01a7fe0,0x00000000c2b00000)
 Metaspace       used 6232K, capacity 7090K, committed 7296K, reserved 1056768K
  class space    used 602K, capacity 618K, committed 640K, reserved 1048576K
Event: 7.738 GC heap after
Heap after GC invocations=3 (full 0):
 PSYoungGen      total 35328K, used 2528K [0x00000000eab00000, 0x00000000ef000000, 0x0000000100000000)
  eden space 32768K, 0% used [0x00000000eab00000,0x00000000eab00000,0x00000000ecb00000)
  from space 2560K, 98% used [0x00000000ecb00000,0x00000000ecd78028,0x00000000ecd80000)
  to   space 2560K, 0% used [0x00000000eed80000,0x00000000eed80000,0x00000000ef000000)
 ParOldGen       total 44032K, used 6858K [0x00000000c0000000, 0x00000000c2b00000, 0x00000000eab00000)
  object space 44032K, 15% used [0x00000000c0000000,0x00000000c06b2898,0x00000000c2b00000)
 Metaspace       used 6232K, capacity 7090K, committed 7296K, reserved 1056768K
  class space    used 602K, capacity 618K, committed 640K, reserved 1048576K
}
Event: 11.015 GC heap before
{Heap before GC invocations=4 (full 0):
 PSYoungGen      total 35328K, used 35296K [0x00000000eab00000, 0x00000000ef000000, 0x0000000100000000)
  eden space 32768K, 100% used [0x00000000eab00000,0x00000000ecb00000,0x00000000ecb00000)
  from space 2560K, 98% used [0x00000000ecb00000,0x00000000ecd78028,0x00000000ecd80000)
  to   space 2560K, 0% used [0x00000000eed80000,0x00000000eed80000,0x00000000ef000000)
 ParOldGen       total 44032K, used 6858K [0x00000000c0000000, 0x00000000c2b00000, 0x00000000eab00000)
  object space 44032K, 15% used [0x00000000c0000000,0x00000000c06b2898,0x00000000c2b00000)
 Metaspace       used 6280K, capacity 7090K, committed 7296K, reserved 1056768K
  class space    used 602K, capacity 618K, committed 640K, reserved 1048576K
Event: 11.853 GC heap after
Heap after GC invocations=4 (full 0):
 PSYoungGen      total 68096K, used 2528K [0x00000000eab00000, 0x00000000ef000000, 0x0000000100000000)
  eden space 65536K, 0% used [0x00000000eab00000,0x00000000eab00000,0x00000000eeb00000)
  from space 2560K, 98% used [0x00000000eed80000,0x00000000eeff8028,0x00000000ef000000)
  to   space 2560K, 0% used [0x00000000eeb00000,0x00000000eeb00000,0x00000000eed80000)
 ParOldGen       total 44032K, used 11743K [0x00000000c0000000, 0x00000000c2b00000, 0x00000000eab00000)
  object space 44032K, 26% used [0x00000000c0000000,0x00000000c0b77ca8,0x00000000c2b00000)
 Metaspace       used 6280K, capacity 7090K, committed 7296K, reserved 1056768K
  class space    used 602K, capacity 618K, committed 640K, reserved 1048576K
}
Event: 14.436 GC heap before
{Heap before GC invocations=5 (full 0):
 PSYoungGen      total 68096K, used 68064K [0x00000000eab00000, 0x00000000ef000000, 0x0000000100000000)
  eden space 65536K, 100% used [0x00000000eab00000,0x00000000eeb00000,0x00000000eeb00000)
  from space 2560K, 98% used [0x00000000eed80000,0x00000000eeff8028,0x00000000ef000000)
  to   space 2560K, 0% used [0x00000000eeb00000,0x00000000eeb00000,0x00000000eed80000)
 ParOldGen       total 44032K, used 11743K [0x00000000c0000000, 0x00000000c2b00000, 0x00000000eab00000)
  object space 44032K, 26% used [0x00000000c0000000,0x00000000c0b77ca8,0x00000000c2b00000)
 Metaspace       used 6343K, capacity 7090K, committed 7296K, reserved 1056768K
  class space    used 602K, capacity 618K, committed 640K, reserved 1048576K
Event: 14.594 GC heap after
Heap after GC invocations=5 (full 0):
 PSYoungGen      total 68096K, used 2549K [0x00000000eab00000, 0x00000000ef000000, 0x0000000100000000)
  eden space 65536K, 0% used [0x00000000eab00000,0x00000000eab00000,0x00000000eeb00000)
  from space 2560K, 99% used [0x00000000eeb00000,0x00000000eed7d7f0,0x00000000eed80000)
  to   space 2560K, 0% used [0x00000000eed80000,0x00000000eed80000,0x00000000ef000000)
 ParOldGen       total 44032K, used 26430K [0x00000000c0000000, 0x00000000c2b00000, 0x00000000eab00000)
  object space 44032K, 60% used [0x00000000c0000000,0x00000000c19cf858,0x00000000c2b00000)
 Metaspace       used 6343K, capacity 7090K, committed 7296K, reserved 1056768K
  class space    used 602K, capacity 618K, committed 640K, reserved 1048576K
}

Deoptimization events (10 events):
Event: 11.869 Thread 0x0000000016f06000 Uncommon trap: reason=unstable_if action=reinterpret pc=0x00000000031a5ea0 method=com.android.dx.ssa.SCCP.simulateStmt(Lcom/android/dx/ssa/SsaInsn;)V @ 53
Event: 11.873 Thread 0x0000000016f05000 Uncommon trap: reason=uninitialized action=reinterpret pc=0x00000000031da14c method=com.android.dx.cf.code.BytecodeArray.parseInstruction(ILcom/android/dx/cf/code/BytecodeArray$Visitor;)I @ 1031
Event: 11.885 Thread 0x0000000016f05000 Uncommon trap: reason=unstable_if action=reinterpret pc=0x0000000003315888 method=com.android.dx.cf.code.RopperMachine.run(Lcom/android/dx/cf/code/Frame;II)V @ 1250
Event: 11.931 Thread 0x0000000002ba0800 Uncommon trap: reason=unloaded action=reinterpret pc=0x0000000003343e10 method=com.android.dx.cf.cst.ConstantPoolParser.parse0(ILjava/util/BitSet;)Lcom/android/dx/rop/cst/Constant; @ 176
Event: 11.952 Thread 0x0000000016eff000 Uncommon trap: reason=bimorphic action=maybe_recompile pc=0x00000000032154a8 method=com.android.dx.ssa.LiteralOpUpgrader.tryReplacingWithConstant(Lcom/android/dx/ssa/NormalSsaInsn;)Z @ 52
Event: 11.952 Thread 0x0000000016eff000 Uncommon trap: reason=unstable_if action=reinterpret pc=0x000000000336c028 method=com.android.dx.ssa.LiteralOpUpgrader$1.visitNonMoveInsn(Lcom/android/dx/ssa/NormalSsaInsn;)V @ 24
Event: 12.577 Thread 0x0000000016f05000 Uncommon trap: reason=bimorphic action=maybe_recompile pc=0x00000000032154a8 method=com.android.dx.ssa.LiteralOpUpgrader.tryReplacingWithConstant(Lcom/android/dx/ssa/NormalSsaInsn;)Z @ 52
Event: 12.582 Thread 0x0000000016f06000 Uncommon trap: reason=bimorphic action=maybe_recompile pc=0x00000000032154a8 method=com.android.dx.ssa.LiteralOpUpgrader.tryReplacingWithConstant(Lcom/android/dx/ssa/NormalSsaInsn;)Z @ 52
Event: 12.632 Thread 0x0000000016f04800 Uncommon trap: reason=unstable_if action=reinterpret pc=0x000000000344e7bc method=com.android.dx.cf.code.Ropper.isSynchronized()Z @ 12
Event: 12.632 Thread 0x0000000016f04800 Uncommon trap: reason=unstable_if action=reinterpret pc=0x00000000031f9b4c method=com.android.dx.ssa.MoveParamCombiner$1.visitNonMoveInsn(Lcom/android/dx/ssa/NormalSsaInsn;)V @ 27

Internal exceptions (3 events):
Event: 0.303 Thread 0x0000000002ba0800 Exception <a 'java/lang/NoSuchMethodError': Method sun.misc.Unsafe.defineClass(Ljava/lang/String;[BII)Ljava/lang/Class; name or signature does not match> (0x00000000eab07cc0) thrown at [C:\re\workspace\8-2-build-windows-amd64-cygwin\jdk8u91\7017\hotspot\sr¶\ãq,a”?
Event: 0.303 Thread 0x0000000002ba0800 Exception <a 'java/lang/NoSuchMethodError': Method sun.misc.Unsafe.prefetchRead(Ljava/lang/Object;J)V name or signature does not match> (0x00000000eab07fa8) thrown at [C:\re\workspace\8-2-build-windows-amd64-cygwin\jdk8u91\7017\hotspot\src\share\vm\prims\j√•«Ò(@
Event: 4.539 Thread 0x0000000016f05000 Implicit null exception at 0x0000000002f85a22 to 0x0000000002f85b12

Events (10 events):
Event: 14.779 loading class com/android/dx/rop/code/RegisterSpec$1
Event: 14.780 loading class com/android/dx/rop/code/RegisterSpec$1 done
Event: 14.819 Thread 0x0000000016f04800 DEOPT PACKING pc=0x00000000030d38ce sp=0x0000000017dae600
Event: 14.819 Thread 0x0000000016f04800 DEOPT UNPACKING pc=0x0000000002ce787f sp=0x0000000017dae440 mode 0
Event: 14.825 Thread 0x0000000016f04800 DEOPT PACKING pc=0x00000000030c22bd sp=0x0000000017dae9d0
Event: 14.825 Thread 0x0000000016f04800 DEOPT UNPACKING pc=0x0000000002ce787f sp=0x0000000017dae708 mode 0
Event: 15.134 Thread 0x0000000016eff000 DEOPT PACKING pc=0x000000000327f0a3 sp=0x0000000017bae890
Event: 15.136 Thread 0x0000000016eff000 DEOPT UNPACKING pc=0x0000000002ce787f sp=0x0000000017bae5e0 mode 0
Event: 15.180 Thread 0x0000000016f05000 DEOPT PACKING pc=0x00000000030d38ce sp=0x0000000017eae4d0
Event: 15.180 Thread 0x0000000016f05000 DEOPT UNPACKING pc=0x0000000002ce787f sp=0x0000000017eae310 mode 0


Dynamic libraries:
0x00007ff750790000 - 0x00007ff7507c7000 	C:\Program Files\Java\jdk1.8.0_91\bin\java.exe
0x00007ffd640b0000 - 0x00007ffd64272000 	C:\Windows\SYSTEM32\ntdll.dll
0x00007ffd63a50000 - 0x00007ffd63afd000 	C:\Windows\system32\KERNEL32.DLL
0x00007ffd61380000 - 0x00007ffd6155d000 	C:\Windows\system32\KERNELBASE.dll
0x00007ffd63680000 - 0x00007ffd63726000 	C:\Windows\system32\ADVAPI32.dll
0x00007ffd638e0000 - 0x00007ffd6397d000 	C:\Windows\system32\msvcrt.dll
0x00007ffd63140000 - 0x00007ffd6319b000 	C:\Windows\system32\sechost.dll
0x00007ffd63d80000 - 0x00007ffd63ea6000 	C:\Windows\system32\RPCRT4.dll
0x00007ffd633d0000 - 0x00007ffd6351e000 	C:\Windows\system32\USER32.dll
0x00007ffd62cb0000 - 0x00007ffd62e35000 	C:\Windows\system32\GDI32.dll
0x00007ffd55a60000 - 0x00007ffd55cd4000 	C:\Windows\WinSxS\amd64_microsoft.windows.common-controls_6595b64144ccf1df_6.0.10240.16384_none_f41f7b285750ef43\COMCTL32.dll
0x00007ffd63eb0000 - 0x00007ffd63ee6000 	C:\Windows\system32\IMM32.DLL
0x00007ffd63520000 - 0x00007ffd6367c000 	C:\Windows\system32\MSCTF.dll
0x00000000756c0000 - 0x0000000075792000 	C:\Program Files\Java\jdk1.8.0_91\jre\bin\msvcr100.dll
0x0000000075b40000 - 0x00000000763d3000 	C:\Program Files\Java\jdk1.8.0_91\jre\bin\server\jvm.dll
0x00007ffd63fe0000 - 0x00007ffd63fe8000 	C:\Windows\system32\PSAPI.DLL
0x00007ffd59270000 - 0x00007ffd59279000 	C:\Windows\SYSTEM32\WSOCK32.dll
0x00007ffd639e0000 - 0x00007ffd63a49000 	C:\Windows\system32\WS2_32.dll
0x00007ffd630a0000 - 0x00007ffd630a8000 	C:\Windows\system32\NSI.dll
0x00007ffd51e50000 - 0x00007ffd51e73000 	C:\Windows\SYSTEM32\WINMM.dll
0x00007ffd51e20000 - 0x00007ffd51e4c000 	C:\Windows\SYSTEM32\WINMMBASE.dll
0x00007ffd61620000 - 0x00007ffd61664000 	C:\Windows\system32\cfgmgr32.dll
0x00007ffd57f40000 - 0x00007ffd57f4a000 	C:\Windows\SYSTEM32\VERSION.dll
0x00007ffd5f450000 - 0x00007ffd5f477000 	C:\Windows\SYSTEM32\DEVOBJ.dll
0x0000000075b30000 - 0x0000000075b3f000 	C:\Program Files\Java\jdk1.8.0_91\jre\bin\verify.dll
0x0000000075b00000 - 0x0000000075b29000 	C:\Program Files\Java\jdk1.8.0_91\jre\bin\java.dll
0x0000000075ae0000 - 0x0000000075af6000 	C:\Program Files\Java\jdk1.8.0_91\jre\bin\zip.dll
0x00007ffd61780000 - 0x00007ffd62ca5000 	C:\Windows\system32\SHELL32.dll
0x00007ffd60b80000 - 0x00007ffd611a8000 	C:\Windows\system32\windows.storage.dll
0x00007ffd63b00000 - 0x00007ffd63d7c000 	C:\Windows\system32\combase.dll
0x00007ffd631a0000 - 0x00007ffd631f1000 	C:\Windows\system32\shlwapi.dll
0x00007ffd60ae0000 - 0x00007ffd60aef000 	C:\Windows\system32\kernel.appcore.dll
0x00007ffd61560000 - 0x00007ffd61613000 	C:\Windows\system32\shcore.dll
0x00007ffd60b30000 - 0x00007ffd60b7a000 	C:\Windows\system32\powrprof.dll
0x00007ffd60af0000 - 0x00007ffd60b03000 	C:\Windows\system32\profapi.dll

VM Arguments:
jvm_args: -Djava.awt.headless=true -Xmx1024M -Dfile.encoding=windows-1252 -Duser.country=US -Duser.language=en -Duser.variant 
java_command: com.android.dx.command.Main --dex --force-jumbo --num-threads=4 --multi-dex --output C:\Users\naveen\AndroidStudioProjects\ToDoApp\ToDoApp\app\build\intermediates\transforms\dex\debug\folders\1000\10\com.google.android.gms-play-services-basement-9.0.2_135ab40e82d07b7c7c41a428cbbf102c62ff9d51 C:\Users\naveen\AndroidStudioProjects\ToDoApp\ToDoApp\app\build\intermediates\exploded-aar\com.google.android.gms\play-services-basement\9.0.2\jars\classes.jar
java_class_path (initial): C:\Users\naveen\AppData\Local\Android\sdk\build-tools\24.0.0\lib\dx.jar
Launcher Type: SUN_STANDARD

Environment Variables:
PATH=C:\Windows\system32;C:\Windows;C:\Windows\System32\Wbem;C:\Windows\System32\WindowsPowerShell\v1.0\;C:\Program Files (x86)\Skype\Phone\;C:\Program Files\Java\jdk1.8.0_91\bin
USERNAME=naveen
OS=Windows_NT
PROCESSOR_IDENTIFIER=Intel64 Family 6 Model 42 Stepping 7, GenuineIntel



---------------  S Y S T E M  ---------------

OS: Windows 10.0 , 64 bit Build 10240 (10.0.10240.16384)

CPU:total 4 (2 cores per cpu, 2 threads per core) family 6 model 42 stepping 7, cmov, cx8, fxsr, mmx, sse, sse2, sse3, ssse3, sse4.1, sse4.2, popcnt, avx, clmul, ht, tsc, tscinvbit

Memory: 4k page, physical 4100564k(233436k free), swap 9859860k(4128k free)

vm_info: Java HotSpot(TM) 64-Bit Server VM (25.91-b15) for windows-amd64 JRE (1.8.0_91-b15), built on May 20 2016 17:43:15 by "java_re" with MS VC++ 10.0 (VS2010)

time: Tue Jun 28 18:44:15 2016
elapsed time: 16 seconds (0d 0h 0m 16s)

