#
# There is insufficient memory for the Java Runtime Environment to continue.
# Native memory allocation (malloc) failed to allocate 1706784 bytes for Chunk::new
# Possible reasons:
#   The system is out of physical RAM or swap space
#   In 32 bit mode, the process size limit was hit
# Possible solutions:
#   Reduce memory load on the system
#   Increase physical memory or swap space
#   Check if swap backing store is full
#   Use 64 bit Java on a 64 bit OS
#   Decrease Java heap size (-Xmx/-Xms)
#   Decrease number of Java threads
#   Decrease Java thread stack sizes (-Xss)
#   Set larger code cache with -XX:ReservedCodeCacheSize=
# This output file may be truncated or incomplete.
#
#  Out of Memory Error (allocation.cpp:390), pid=2356, tid=2152
#
# JRE version: Java(TM) SE Runtime Environment (8.0_91-b15) (build 1.8.0_91-b15)
# Java VM: Java HotSpot(TM) 64-Bit Server VM (25.91-b15 mixed mode windows-amd64 compressed oops)
# Failed to write core dump. Minidumps are not enabled by default on client versions of Windows
#

---------------  T H R E A D  ---------------

Current thread (0x0000000014796000):  JavaThread "C2 CompilerThread1" daemon [_thread_in_native, id=2152, stack(0x0000000015ea0000,0x0000000015fa0000)]

Stack: [0x0000000015ea0000,0x0000000015fa0000]
[error occurred during error reporting (printing stack bounds), id 0xc0000005]

Native frames: (J=compiled Java code, j=interpreted, Vv=VM code, C=native code)


Current CompileTask:
C2:   9355 1786   !   4       com.android.dx.cf.cst.ConstantPoolParser::parse0 (731 bytes)


---------------  P R O C E S S  ---------------

Java Threads: ( => current thread )
  0x000000001631f800 JavaThread "pool-1-thread-1" [_thread_in_Java, id=5600, stack(0x00000000166a0000,0x00000000167a0000)]
  0x00000000160a5800 JavaThread "Service Thread" daemon [_thread_blocked, id=8084, stack(0x00000000164a0000,0x00000000165a0000)]
  0x000000001479e800 JavaThread "C1 CompilerThread2" daemon [_thread_blocked, id=7224, stack(0x0000000015fa0000,0x00000000160a0000)]
=>0x0000000014796000 JavaThread "C2 CompilerThread1" daemon [_thread_in_native, id=2152, stack(0x0000000015ea0000,0x0000000015fa0000)]
  0x000000001473d000 JavaThread "C2 CompilerThread0" daemon [_thread_in_native, id=7648, stack(0x0000000015da0000,0x0000000015ea0000)]
  0x000000001473b000 JavaThread "Attach Listener" daemon [_thread_blocked, id=4036, stack(0x0000000015ca0000,0x0000000015da0000)]
  0x0000000014739800 JavaThread "Signal Dispatcher" daemon [_thread_blocked, id=3428, stack(0x0000000015ba0000,0x0000000015ca0000)]
  0x000000000206a800 JavaThread "Finalizer" daemon [_thread_blocked, id=7004, stack(0x00000000159b0000,0x0000000015ab0000)]
  0x0000000002060000 JavaThread "Reference Handler" daemon [_thread_blocked, id=5260, stack(0x00000000158b0000,0x00000000159b0000)]
  0x0000000001f70800 JavaThread "main" [_thread_blocked, id=2944, stack(0x0000000001e70000,0x0000000001f70000)]

Other Threads:
  0x0000000014708000 VMThread [stack: 0x00000000157b0000,0x00000000158b0000] [id=6464]
  0x00000000160b2800 WatcherThread [stack: 0x00000000165a0000,0x00000000166a0000] [id=2352]

VM state:not at safepoint (normal execution)

VM Mutex/Monitor currently owned by a thread: None

Heap:
 PSYoungGen      total 143360K, used 124591K [0x00000000eab00000, 0x00000000fa480000, 0x0000000100000000)
  eden space 124416K, 88% used [0x00000000eab00000,0x00000000f16c3ca0,0x00000000f2480000)
  from space 18944K, 75% used [0x00000000f2480000,0x00000000f3268178,0x00000000f3700000)
  to   space 28160K, 0% used [0x00000000f8900000,0x00000000f8900000,0x00000000fa480000)
 ParOldGen       total 82944K, used 43835K [0x00000000c0000000, 0x00000000c5100000, 0x00000000eab00000)
  object space 82944K, 52% used [0x00000000c0000000,0x00000000c2acef58,0x00000000c5100000)
 Metaspace       used 6962K, capacity 7576K, committed 7936K, reserved 1056768K
  class space    used 643K, capacity 656K, committed 768K, reserved 1048576K

Card table byte_map: [0x0000000011430000,0x0000000011640000] byte_map_base: 0x0000000010e30000

Marking Bits: (ParMarkBitMap*) 0x0000000076352f70
 Begin Bits: [0x0000000011ba0000, 0x0000000012ba0000)
 End Bits:   [0x0000000012ba0000, 0x0000000013ba0000)

Polling page: 0x0000000001e00000

CodeCache: size=245760Kb used=9479Kb max_used=9479Kb free=236280Kb
 bounds [0x0000000002070000, 0x00000000029c0000, 0x0000000011070000]
 total_blobs=2711 nmethods=2438 adapters=185
 compilation: enabled

Compilation events (10 events):
Event: 9.104 Thread 0x000000001479e800 2526       2       com.android.dx.dex.code.InsnFormat::write (22 bytes)
Event: 9.104 Thread 0x000000001479e800 nmethod 2526 0x00000000029b6210 code [0x00000000029b63a0, 0x00000000029b65e8]
Event: 9.104 Thread 0x000000001479e800 2528       2       com.android.dx.dex.code.form.Form35c::writeTo (157 bytes)
Event: 9.105 Thread 0x000000001479e800 nmethod 2528 0x00000000029b6790 code [0x00000000029b69c0, 0x00000000029b6fe8]
Event: 9.105 Thread 0x000000001479e800 2529       2       com.android.dx.dex.code.form.Form22c::writeTo (45 bytes)
Event: 9.106 Thread 0x000000001479e800 nmethod 2529 0x00000000029b7810 code [0x00000000029b79e0, 0x00000000029b7d88]
Event: 9.106 Thread 0x000000001479e800 2531       2       com.android.dx.dex.code.form.Form35c::explicitize (105 bytes)
Event: 9.107 Thread 0x000000001479e800 nmethod 2531 0x00000000029b8190 code [0x00000000029b83e0, 0x00000000029b8e58]
Event: 9.107 Thread 0x000000001479e800 2532       2       com.android.dx.dex.code.InsnFormat::codeUnit (89 bytes)
Event: 9.107 Thread 0x000000001479e800 nmethod 2532 0x00000000029b9d50 code [0x00000000029b9f00, 0x00000000029ba318]

GC Heap History (10 events):
Event: 3.082 GC heap before
{Heap before GC invocations=6 (full 0):
 PSYoungGen      total 35328K, used 35326K [0x00000000eab00000, 0x00000000efa00000, 0x0000000100000000)
  eden space 32768K, 100% used [0x00000000eab00000,0x00000000ecb00000,0x00000000ecb00000)
  from space 2560K, 99% used [0x00000000ecb00000,0x00000000ecd7f870,0x00000000ecd80000)
  to   space 7680K, 0% used [0x00000000ef280000,0x00000000ef280000,0x00000000efa00000)
 ParOldGen       total 44032K, used 13200K [0x00000000c0000000, 0x00000000c2b00000, 0x00000000eab00000)
  object space 44032K, 29% used [0x00000000c0000000,0x00000000c0ce43e0,0x00000000c2b00000)
 Metaspace       used 6244K, capacity 7092K, committed 7296K, reserved 1056768K
  class space    used 601K, capacity 620K, committed 640K, reserved 1048576K
Event: 3.123 GC heap after
Heap after GC invocations=6 (full 0):
 PSYoungGen      total 72192K, used 7577K [0x00000000eab00000, 0x00000000efc00000, 0x0000000100000000)
  eden space 64512K, 0% used [0x00000000eab00000,0x00000000eab00000,0x00000000eea00000)
  from space 7680K, 98% used [0x00000000ef280000,0x00000000ef9e6430,0x00000000efa00000)
  to   space 8704K, 0% used [0x00000000eea00000,0x00000000eea00000,0x00000000ef280000)
 ParOldGen       total 44032K, used 13200K [0x00000000c0000000, 0x00000000c2b00000, 0x00000000eab00000)
  object space 44032K, 29% used [0x00000000c0000000,0x00000000c0ce43e0,0x00000000c2b00000)
 Metaspace       used 6244K, capacity 7092K, committed 7296K, reserved 1056768K
  class space    used 601K, capacity 620K, committed 640K, reserved 1048576K
}
Event: 3.878 GC heap before
{Heap before GC invocations=7 (full 0):
 PSYoungGen      total 72192K, used 72089K [0x00000000eab00000, 0x00000000efc00000, 0x0000000100000000)
  eden space 64512K, 100% used [0x00000000eab00000,0x00000000eea00000,0x00000000eea00000)
  from space 7680K, 98% used [0x00000000ef280000,0x00000000ef9e6430,0x00000000efa00000)
  to   space 8704K, 0% used [0x00000000eea00000,0x00000000eea00000,0x00000000ef280000)
 ParOldGen       total 44032K, used 13200K [0x00000000c0000000, 0x00000000c2b00000, 0x00000000eab00000)
  object space 44032K, 29% used [0x00000000c0000000,0x00000000c0ce43e0,0x00000000c2b00000)
 Metaspace       used 6395K, capacity 7128K, committed 7424K, reserved 1056768K
  class space    used 621K, capacity 656K, committed 768K, reserved 1048576K
Event: 4.038 GC heap after
Heap after GC invocations=7 (full 0):
 PSYoungGen      total 73216K, used 8703K [0x00000000eab00000, 0x00000000f4500000, 0x0000000100000000)
  eden space 64512K, 0% used [0x00000000eab00000,0x00000000eab00000,0x00000000eea00000)
  from space 8704K, 99% used [0x00000000eea00000,0x00000000ef27ff78,0x00000000ef280000)
  to   space 14336K, 0% used [0x00000000f3700000,0x00000000f3700000,0x00000000f4500000)
 ParOldGen       total 44032K, used 22107K [0x00000000c0000000, 0x00000000c2b00000, 0x00000000eab00000)
  object space 44032K, 50% used [0x00000000c0000000,0x00000000c1596ff8,0x00000000c2b00000)
 Metaspace       used 6395K, capacity 7128K, committed 7424K, reserved 1056768K
  class space    used 621K, capacity 656K, committed 768K, reserved 1048576K
}
Event: 4.598 GC heap before
{Heap before GC invocations=8 (full 0):
 PSYoungGen      total 73216K, used 73215K [0x00000000eab00000, 0x00000000f4500000, 0x0000000100000000)
  eden space 64512K, 100% used [0x00000000eab00000,0x00000000eea00000,0x00000000eea00000)
  from space 8704K, 99% used [0x00000000eea00000,0x00000000ef27ff78,0x00000000ef280000)
  to   space 14336K, 0% used [0x00000000f3700000,0x00000000f3700000,0x00000000f4500000)
 ParOldGen       total 44032K, used 22107K [0x00000000c0000000, 0x00000000c2b00000, 0x00000000eab00000)
  object space 44032K, 50% used [0x00000000c0000000,0x00000000c1596ff8,0x00000000c2b00000)
 Metaspace       used 6473K, capacity 7192K, committed 7424K, reserved 1056768K
  class space    used 621K, capacity 656K, committed 768K, reserved 1048576K
Event: 4.651 GC heap after
Heap after GC invocations=8 (full 0):
 PSYoungGen      total 138752K, used 14331K [0x00000000eab00000, 0x00000000f4e00000, 0x0000000100000000)
  eden space 124416K, 0% used [0x00000000eab00000,0x00000000eab00000,0x00000000f2480000)
  from space 14336K, 99% used [0x00000000f3700000,0x00000000f44feee8,0x00000000f4500000)
  to   space 18944K, 0% used [0x00000000f2480000,0x00000000f2480000,0x00000000f3700000)
 ParOldGen       total 44032K, used 26834K [0x00000000c0000000, 0x00000000c2b00000, 0x00000000eab00000)
  object space 44032K, 60% used [0x00000000c0000000,0x00000000c1a349e8,0x00000000c2b00000)
 Metaspace       used 6473K, capacity 7192K, committed 7424K, reserved 1056768K
  class space    used 621K, capacity 656K, committed 768K, reserved 1048576K
}
Event: 5.179 GC heap before
{Heap before GC invocations=9 (full 0):
 PSYoungGen      total 138752K, used 138747K [0x00000000eab00000, 0x00000000f4e00000, 0x0000000100000000)
  eden space 124416K, 100% used [0x00000000eab00000,0x00000000f2480000,0x00000000f2480000)
  from space 14336K, 99% used [0x00000000f3700000,0x00000000f44feee8,0x00000000f4500000)
  to   space 18944K, 0% used [0x00000000f2480000,0x00000000f2480000,0x00000000f3700000)
 ParOldGen       total 44032K, used 26834K [0x00000000c0000000, 0x00000000c2b00000, 0x00000000eab00000)
  object space 44032K, 60% used [0x00000000c0000000,0x00000000c1a349e8,0x00000000c2b00000)
 Metaspace       used 6498K, capacity 7192K, committed 7424K, reserved 1056768K
  class space    used 621K, capacity 656K, committed 768K, reserved 1048576K
Event: 5.248 GC heap after
Heap after GC invocations=9 (full 0):
 PSYoungGen      total 143360K, used 18921K [0x00000000eab00000, 0x00000000fa480000, 0x0000000100000000)
  eden space 124416K, 0% used [0x00000000eab00000,0x00000000eab00000,0x00000000f2480000)
  from space 18944K, 99% used [0x00000000f2480000,0x00000000f36fa7a8,0x00000000f3700000)
  to   space 28160K, 0% used [0x00000000f8900000,0x00000000f8900000,0x00000000fa480000)
 ParOldGen       total 44032K, used 42368K [0x00000000c0000000, 0x00000000c2b00000, 0x00000000eab00000)
  object space 44032K, 96% used [0x00000000c0000000,0x00000000c2960170,0x00000000c2b00000)
 Metaspace       used 6498K, capacity 7192K, committed 7424K, reserved 1056768K
  class space    used 621K, capacity 656K, committed 768K, reserved 1048576K
}
Event: 5.248 GC heap before
{Heap before GC invocations=10 (full 1):
 PSYoungGen      total 143360K, used 18921K [0x00000000eab00000, 0x00000000fa480000, 0x0000000100000000)
  eden space 124416K, 0% used [0x00000000eab00000,0x00000000eab00000,0x00000000f2480000)
  from space 18944K, 99% used [0x00000000f2480000,0x00000000f36fa7a8,0x00000000f3700000)
  to   space 28160K, 0% used [0x00000000f8900000,0x00000000f8900000,0x00000000fa480000)
 ParOldGen       total 44032K, used 42368K [0x00000000c0000000, 0x00000000c2b00000, 0x00000000eab00000)
  object space 44032K, 96% used [0x00000000c0000000,0x00000000c2960170,0x00000000c2b00000)
 Metaspace       used 6498K, capacity 7192K, committed 7424K, reserved 1056768K
  class space    used 621K, capacity 656K, committed 768K, reserved 1048576K
Event: 6.316 GC heap after
Heap after GC invocations=10 (full 1):
 PSYoungGen      total 143360K, used 14240K [0x00000000eab00000, 0x00000000fa480000, 0x0000000100000000)
  eden space 124416K, 0% used [0x00000000eab00000,0x00000000eab00000,0x00000000f2480000)
  from space 18944K, 75% used [0x00000000f2480000,0x00000000f3268178,0x00000000f3700000)
  to   space 28160K, 0% used [0x00000000f8900000,0x00000000f8900000,0x00000000fa480000)
 ParOldGen       total 82944K, used 43835K [0x00000000c0000000, 0x00000000c5100000, 0x00000000eab00000)
  object space 82944K, 52% used [0x00000000c0000000,0x00000000c2acef58,0x00000000c5100000)
 Metaspace       used 6498K, capacity 7192K, committed 7424K, reserved 1056768K
  class space    used 621K, capacity 656K, committed 768K, reserved 1048576K
}

Deoptimization events (10 events):
Event: 7.376 Thread 0x000000001631f800 Uncommon trap: reason=bimorphic action=maybe_recompile pc=0x00000000026ccee8 method=java.util.HashMap.putVal(ILjava/lang/Object;Ljava/lang/Object;ZZ)Ljava/lang/Object; @ 91
Event: 7.561 Thread 0x000000001631f800 Uncommon trap: reason=bimorphic action=maybe_recompile pc=0x0000000002831fa8 method=java.util.TreeMap.compare(Ljava/lang/Object;Ljava/lang/Object;)I @ 12
Event: 7.658 Thread 0x000000001631f800 Uncommon trap: reason=speculate_class_check action=maybe_recompile pc=0x0000000002385d0c method=com.android.dx.util.FixedSizeList.equals(Ljava/lang/Object;)Z @ 25
Event: 7.658 Thread 0x000000001631f800 Uncommon trap: reason=speculate_class_check action=maybe_recompile pc=0x0000000002385d0c method=com.android.dx.util.FixedSizeList.equals(Ljava/lang/Object;)Z @ 25
Event: 7.658 Thread 0x000000001631f800 Uncommon trap: reason=speculate_class_check action=maybe_recompile pc=0x0000000002385d0c method=com.android.dx.util.FixedSizeList.equals(Ljava/lang/Object;)Z @ 25
Event: 7.659 Thread 0x000000001631f800 Uncommon trap: reason=bimorphic action=maybe_recompile pc=0x0000000002831fa8 method=java.util.TreeMap.compare(Ljava/lang/Object;Ljava/lang/Object;)I @ 12
Event: 7.661 Thread 0x000000001631f800 Uncommon trap: reason=speculate_class_check action=maybe_recompile pc=0x0000000002385d0c method=com.android.dx.util.FixedSizeList.equals(Ljava/lang/Object;)Z @ 25
Event: 7.662 Thread 0x000000001631f800 Uncommon trap: reason=bimorphic action=maybe_recompile pc=0x0000000002831fa8 method=java.util.TreeMap.compare(Ljava/lang/Object;Ljava/lang/Object;)I @ 12
Event: 7.696 Thread 0x000000001631f800 Uncommon trap: reason=bimorphic action=maybe_recompile pc=0x0000000002831fa8 method=java.util.TreeMap.compare(Ljava/lang/Object;Ljava/lang/Object;)I @ 12
Event: 8.404 Thread 0x000000001631f800 Uncommon trap: reason=unstable_if action=reinterpret pc=0x0000000002921fe0 method=java.util.ArrayList.<init>(I)V @ 5

Internal exceptions (5 events):
Event: 0.630 Thread 0x0000000001f70800 Exception <a 'java/lang/NoSuchMethodError': Method sun.misc.Unsafe.defineClass(Ljava/lang/String;[BII)Ljava/lang/Class; name or signature does not match> (0x00000000eab07cc0) thrown at [C:\re\workspace\8-2-build-windows-amd64-cygwin\jdk8u91\7017\hotspot\sréÅ~+‰?
Event: 0.630 Thread 0x0000000001f70800 Exception <a 'java/lang/NoSuchMethodError': Method sun.misc.Unsafe.prefetchRead(Ljava/lang/Object;J)V name or signature does not match> (0x00000000eab07fa8) thrown at [C:\re\workspace\8-2-build-windows-amd64-cygwin\jdk8u91\7017\hotspot\src\share\vm\prims\jÒqöB7Ü
@
Event: 3.316 Thread 0x0000000001f70800 Exception <a 'java/lang/ArrayIndexOutOfBoundsException': 18> (0x00000000ebc94ac0) thrown at [C:\re\workspace\8-2-build-windows-amd64-cygwin\jdk8u91\7017\hotspot\src\share\vm\interpreter\interpreterRuntime.cpp, line 366]
Event: 3.316 Thread 0x0000000001f70800 Exception <a 'java/lang/ArrayIndexOutOfBoundsException': 145> (0x00000000ebc96640) thrown at [C:\re\workspace\8-2-build-windows-amd64-cygwin\jdk8u91\7017\hotspot\src\share\vm\interpreter\interpreterRuntime.cpp, line 366]
Event: 3.317 Thread 0x0000000001f70800 Exception <a 'java/lang/ArrayIndexOutOfBoundsException'> (0x00000000ebc97928) thrown at [C:\re\workspace\8-2-build-windows-amd64-cygwin\jdk8u91\7017\hotspot\src\share\vm\runtime\sharedRuntime.cpp, line 605]

Events (10 events):
Event: 8.404 loading class com/android/dx/dex/file/DebugInfoEncoder$2
Event: 8.404 loading class com/android/dx/dex/file/DebugInfoEncoder$2 done
Event: 8.665 loading class com/android/dex/EncodedValueCodec
Event: 8.665 loading class com/android/dex/EncodedValueCodec done
Event: 8.702 loading class com/android/dx/dex/file/MapItem
Event: 8.702 loading class com/android/dx/dex/file/MapItem done
Event: 8.702 loading class com/android/dx/dex/file/UniformListItem
Event: 8.702 loading class com/android/dx/dex/file/UniformListItem done
Event: 8.765 loading class com/android/dex/DexFormat
Event: 8.765 loading class com/android/dex/DexFormat done


Dynamic libraries:
0x00007ff750790000 - 0x00007ff7507c7000 	C:\Program Files\Java\jdk1.8.0_91\bin\java.exe
0x00007ffd640b0000 - 0x00007ffd64272000 	C:\Windows\SYSTEM32\ntdll.dll
0x00007ffd63a50000 - 0x00007ffd63afd000 	C:\Windows\system32\KERNEL32.DLL
0x00007ffd61380000 - 0x00007ffd6155d000 	C:\Windows\system32\KERNELBASE.dll
0x00007ffd63680000 - 0x00007ffd63726000 	C:\Windows\system32\ADVAPI32.dll
0x00007ffd638e0000 - 0x00007ffd6397d000 	C:\Windows\system32\msvcrt.dll
0x00007ffd63140000 - 0x00007ffd6319b000 	C:\Windows\system32\sechost.dll
0x00007ffd63d80000 - 0x00007ffd63ea6000 	C:\Windows\system32\RPCRT4.dll
0x00007ffd633d0000 - 0x00007ffd6351e000 	C:\Windows\system32\USER32.dll
0x00007ffd62cb0000 - 0x00007ffd62e35000 	C:\Windows\system32\GDI32.dll
0x00007ffd55a60000 - 0x00007ffd55cd4000 	C:\Windows\WinSxS\amd64_microsoft.windows.common-controls_6595b64144ccf1df_6.0.10240.16384_none_f41f7b285750ef43\COMCTL32.dll
0x00007ffd63eb0000 - 0x00007ffd63ee6000 	C:\Windows\system32\IMM32.DLL
0x00007ffd63520000 - 0x00007ffd6367c000 	C:\Windows\system32\MSCTF.dll
0x00000000756c0000 - 0x0000000075792000 	C:\Program Files\Java\jdk1.8.0_91\jre\bin\msvcr100.dll
0x0000000075b40000 - 0x00000000763d3000 	C:\Program Files\Java\jdk1.8.0_91\jre\bin\server\jvm.dll
0x00007ffd63fe0000 - 0x00007ffd63fe8000 	C:\Windows\system32\PSAPI.DLL
0x00007ffd59270000 - 0x00007ffd59279000 	C:\Windows\SYSTEM32\WSOCK32.dll
0x00007ffd639e0000 - 0x00007ffd63a49000 	C:\Windows\system32\WS2_32.dll
0x00007ffd630a0000 - 0x00007ffd630a8000 	C:\Windows\system32\NSI.dll
0x00007ffd51e50000 - 0x00007ffd51e73000 	C:\Windows\SYSTEM32\WINMM.dll
0x00007ffd57f40000 - 0x00007ffd57f4a000 	C:\Windows\SYSTEM32\VERSION.dll
0x00007ffd51e20000 - 0x00007ffd51e4c000 	C:\Windows\SYSTEM32\WINMMBASE.dll
0x00007ffd61620000 - 0x00007ffd61664000 	C:\Windows\system32\cfgmgr32.dll
0x00007ffd5f450000 - 0x00007ffd5f477000 	C:\Windows\SYSTEM32\DEVOBJ.dll
0x0000000075b30000 - 0x0000000075b3f000 	C:\Program Files\Java\jdk1.8.0_91\jre\bin\verify.dll
0x0000000075b00000 - 0x0000000075b29000 	C:\Program Files\Java\jdk1.8.0_91\jre\bin\java.dll
0x0000000075ae0000 - 0x0000000075af6000 	C:\Program Files\Java\jdk1.8.0_91\jre\bin\zip.dll
0x00007ffd61780000 - 0x00007ffd62ca5000 	C:\Windows\system32\SHELL32.dll
0x00007ffd60b80000 - 0x00007ffd611a8000 	C:\Windows\system32\windows.storage.dll
0x00007ffd63b00000 - 0x00007ffd63d7c000 	C:\Windows\system32\combase.dll
0x00007ffd631a0000 - 0x00007ffd631f1000 	C:\Windows\system32\shlwapi.dll
0x00007ffd60ae0000 - 0x00007ffd60aef000 	C:\Windows\system32\kernel.appcore.dll
0x00007ffd61560000 - 0x00007ffd61613000 	C:\Windows\system32\shcore.dll
0x00007ffd60b30000 - 0x00007ffd60b7a000 	C:\Windows\system32\powrprof.dll
0x00007ffd60af0000 - 0x00007ffd60b03000 	C:\Windows\system32\profapi.dll

VM Arguments:
jvm_args: -Djava.awt.headless=true -Xmx1024M -Dfile.encoding=windows-1252 -Duser.country=US -Duser.language=en -Duser.variant 
java_command: com.android.dx.command.Main --dex --force-jumbo --num-threads=4 --multi-dex --output C:\Users\naveen\AndroidStudioProjects\ToDoApp\ToDoApp\app\build\intermediates\transforms\dex\debug\folders\1000\10\jackson-databind-2.2.2_c748ca76d9248806cb62c1913f36f9356fa9d0bf C:\Users\naveen\.gradle\caches\modules-2\files-2.1\com.fasterxml.jackson.core\jackson-databind\2.2.2\3c8f6018eaa72d43b261181e801e6f8676c16ef6\jackson-databind-2.2.2.jar
java_class_path (initial): C:\Users\naveen\AppData\Local\Android\sdk\build-tools\24.0.0\lib\dx.jar
Launcher Type: SUN_STANDARD

Environment Variables:
PATH=C:\Windows\system32;C:\Windows;C:\Windows\System32\Wbem;C:\Windows\System32\WindowsPowerShell\v1.0\;C:\Program Files (x86)\Skype\Phone\;C:\Program Files\Java\jdk1.8.0_91\bin
USERNAME=naveen
OS=Windows_NT
PROCESSOR_IDENTIFIER=Intel64 Family 6 Model 42 Stepping 7, GenuineIntel



---------------  S Y S T E M  ---------------

OS: Windows 10.0 , 64 bit Build 10240 (10.0.10240.16384)

CPU:total 4 (2 cores per cpu, 2 threads per core) family 6 model 42 stepping 7, cmov, cx8, fxsr, mmx, sse, sse2, sse3, ssse3, sse4.1, sse4.2, popcnt, avx, clmul, ht, tsc, tscinvbit

Memory: 4k page, physical 4100564k(201460k free), swap 9859860k(5448k free)

vm_info: Java HotSpot(TM) 64-Bit Server VM (25.91-b15) for windows-amd64 JRE (1.8.0_91-b15), built on May 20 2016 17:43:15 by "java_re" with MS VC++ 10.0 (VS2010)

time: Tue Jun 28 18:44:38 2016
elapsed time: 9 seconds (0d 0h 0m 9s)

