#
# There is insufficient memory for the Java Runtime Environment to continue.
# Native memory allocation (malloc) failed to allocate 248576 bytes for Chunk::new
# Possible reasons:
#   The system is out of physical RAM or swap space
#   In 32 bit mode, the process size limit was hit
# Possible solutions:
#   Reduce memory load on the system
#   Increase physical memory or swap space
#   Check if swap backing store is full
#   Use 64 bit Java on a 64 bit OS
#   Decrease Java heap size (-Xmx/-Xms)
#   Decrease number of Java threads
#   Decrease Java thread stack sizes (-Xss)
#   Set larger code cache with -XX:ReservedCodeCacheSize=
# This output file may be truncated or incomplete.
#
#  Out of Memory Error (allocation.cpp:390), pid=1468, tid=5508
#
# JRE version: Java(TM) SE Runtime Environment (8.0_91-b15) (build 1.8.0_91-b15)
# Java VM: Java HotSpot(TM) 64-Bit Server VM (25.91-b15 mixed mode windows-amd64 compressed oops)
# Failed to write core dump. Minidumps are not enabled by default on client versions of Windows
#

---------------  T H R E A D  ---------------

Current thread (0x0000000014c50000):  JavaThread "C2 CompilerThread1" daemon [_thread_in_native, id=5508, stack(0x00000000163a0000,0x00000000164a0000)]

Stack: [0x00000000163a0000,0x00000000164a0000]
[error occurred during error reporting (printing stack bounds), id 0xc0000005]

Native frames: (J=compiled Java code, j=interpreted, Vv=VM code, C=native code)


Current CompileTask:
C2:  16261 2029       4       com.android.dx.dex.file.DexFile::internIfAppropriate (128 bytes)


---------------  P R O C E S S  ---------------

Java Threads: ( => current thread )
  0x00000000166f3800 JavaThread "pool-1-thread-1" [_thread_blocked, id=3084, stack(0x0000000016ba0000,0x0000000016ca0000)]
  0x00000000164b6000 JavaThread "Service Thread" daemon [_thread_blocked, id=5588, stack(0x00000000169a0000,0x0000000016aa0000)]
  0x0000000014cad800 JavaThread "C1 CompilerThread2" daemon [_thread_blocked, id=920, stack(0x00000000168a0000,0x00000000169a0000)]
=>0x0000000014c50000 JavaThread "C2 CompilerThread1" daemon [_thread_in_native, id=5508, stack(0x00000000163a0000,0x00000000164a0000)]
  0x0000000014c4d000 JavaThread "C2 CompilerThread0" daemon [_thread_in_native, id=7656, stack(0x00000000162a0000,0x00000000163a0000)]
  0x0000000014c4b000 JavaThread "Attach Listener" daemon [_thread_blocked, id=1692, stack(0x00000000161a0000,0x00000000162a0000)]
  0x0000000014c4a000 JavaThread "Signal Dispatcher" daemon [_thread_blocked, id=4756, stack(0x00000000160a0000,0x00000000161a0000)]
  0x000000000257b000 JavaThread "Finalizer" daemon [_thread_blocked, id=7752, stack(0x0000000015ec0000,0x0000000015fc0000)]
  0x0000000002570000 JavaThread "Reference Handler" daemon [_thread_blocked, id=3196, stack(0x0000000015dc0000,0x0000000015ec0000)]
  0x0000000002480800 JavaThread "main" [_thread_blocked, id=7408, stack(0x0000000002380000,0x0000000002480000)]

Other Threads:
  0x0000000014c18000 VMThread [stack: 0x0000000015cc0000,0x0000000015dc0000] [id=3260]
  0x00000000164ae000 WatcherThread [stack: 0x0000000016aa0000,0x0000000016ba0000] [id=4448]

VM state:not at safepoint (normal execution)

VM Mutex/Monitor currently owned by a thread: None

Heap:
 PSYoungGen      total 68096K, used 32067K [0x00000000eab00000, 0x00000000ef000000, 0x0000000100000000)
  eden space 65536K, 45% used [0x00000000eab00000,0x00000000ec7d0db0,0x00000000eeb00000)
  from space 2560K, 100% used [0x00000000eed80000,0x00000000ef000000,0x00000000ef000000)
  to   space 2560K, 0% used [0x00000000eeb00000,0x00000000eeb00000,0x00000000eed80000)
 ParOldGen       total 44032K, used 12812K [0x00000000c0000000, 0x00000000c2b00000, 0x00000000eab00000)
  object space 44032K, 29% used [0x00000000c0000000,0x00000000c0c83258,0x00000000c2b00000)
 Metaspace       used 6480K, capacity 7224K, committed 7296K, reserved 1056768K
  class space    used 611K, capacity 624K, committed 640K, reserved 1048576K

Card table byte_map: [0x0000000011940000,0x0000000011b50000] byte_map_base: 0x0000000011340000

Marking Bits: (ParMarkBitMap*) 0x0000000076352f70
 Begin Bits: [0x00000000120b0000, 0x00000000130b0000)
 End Bits:   [0x00000000130b0000, 0x00000000140b0000)

Polling page: 0x00000000021b0000

CodeCache: size=245760Kb used=9197Kb max_used=9218Kb free=236562Kb
 bounds [0x0000000002580000, 0x0000000002ea0000, 0x0000000011580000]
 total_blobs=2281 nmethods=2011 adapters=182
 compilation: enabled

Compilation events (10 events):
Event: 16.226 Thread 0x0000000014cad800 nmethod 2025 0x0000000002e615d0 code [0x0000000002e61740, 0x0000000002e619a8]
Event: 16.226 Thread 0x0000000014cad800 2026       3       java.util.HashMap$KeyIterator::<init> (11 bytes)
Event: 16.226 Thread 0x0000000014cad800 nmethod 2026 0x0000000002e69e90 code [0x0000000002e6a000, 0x0000000002e6a1a8]
Event: 16.229 Thread 0x0000000014cad800 2027       3       com.android.dx.dex.file.DebugInfoItem::<init> (36 bytes)
Event: 16.229 Thread 0x0000000014cad800 nmethod 2027 0x0000000002e69910 code [0x0000000002e69a80, 0x0000000002e69d78]
Event: 16.230 Thread 0x0000000014c4d000 2028       4       java.util.HashMap$HashIterator::nextNode (100 bytes)
Event: 16.230 Thread 0x0000000014c50000 2029       4       com.android.dx.dex.file.DexFile::internIfAppropriate (128 bytes)
Event: 16.234 Thread 0x0000000014c4d000 nmethod 2028 0x0000000002e66350 code [0x0000000002e664a0, 0x0000000002e666d8]
Event: 16.236 Thread 0x0000000014c4d000 2030       4       java.util.HashMap$KeyIterator::next (8 bytes)
Event: 16.237 Thread 0x0000000014cad800 2031       3       com.android.dx.dex.code.OutputFinisher::addConstants (93 bytes)

GC Heap History (8 events):
Event: 1.651 GC heap before
{Heap before GC invocations=1 (full 0):
 PSYoungGen      total 18944K, used 16384K [0x00000000eab00000, 0x00000000ec000000, 0x0000000100000000)
  eden space 16384K, 100% used [0x00000000eab00000,0x00000000ebb00000,0x00000000ebb00000)
  from space 2560K, 0% used [0x00000000ebd80000,0x00000000ebd80000,0x00000000ec000000)
  to   space 2560K, 0% used [0x00000000ebb00000,0x00000000ebb00000,0x00000000ebd80000)
 ParOldGen       total 44032K, used 0K [0x00000000c0000000, 0x00000000c2b00000, 0x00000000eab00000)
  object space 44032K, 0% used [0x00000000c0000000,0x00000000c0000000,0x00000000c2b00000)
 Metaspace       used 5482K, capacity 6448K, committed 6528K, reserved 1056768K
  class space    used 593K, capacity 616K, committed 640K, reserved 1048576K
Event: 1.819 GC heap after
Heap after GC invocations=1 (full 0):
 PSYoungGen      total 18944K, used 2536K [0x00000000eab00000, 0x00000000ed000000, 0x0000000100000000)
  eden space 16384K, 0% used [0x00000000eab00000,0x00000000eab00000,0x00000000ebb00000)
  from space 2560K, 99% used [0x00000000ebb00000,0x00000000ebd7a308,0x00000000ebd80000)
  to   space 2560K, 0% used [0x00000000ecd80000,0x00000000ecd80000,0x00000000ed000000)
 ParOldGen       total 44032K, used 759K [0x00000000c0000000, 0x00000000c2b00000, 0x00000000eab00000)
  object space 44032K, 1% used [0x00000000c0000000,0x00000000c00bde48,0x00000000c2b00000)
 Metaspace       used 5482K, capacity 6448K, committed 6528K, reserved 1056768K
  class space    used 593K, capacity 616K, committed 640K, reserved 1048576K
}
Event: 4.197 GC heap before
{Heap before GC invocations=2 (full 0):
 PSYoungGen      total 18944K, used 18920K [0x00000000eab00000, 0x00000000ed000000, 0x0000000100000000)
  eden space 16384K, 100% used [0x00000000eab00000,0x00000000ebb00000,0x00000000ebb00000)
  from space 2560K, 99% used [0x00000000ebb00000,0x00000000ebd7a308,0x00000000ebd80000)
  to   space 2560K, 0% used [0x00000000ecd80000,0x00000000ecd80000,0x00000000ed000000)
 ParOldGen       total 44032K, used 759K [0x00000000c0000000, 0x00000000c2b00000, 0x00000000eab00000)
  object space 44032K, 1% used [0x00000000c0000000,0x00000000c00bde48,0x00000000c2b00000)
 Metaspace       used 5986K, capacity 6898K, committed 7040K, reserved 1056768K
  class space    used 601K, capacity 618K, committed 640K, reserved 1048576K
Event: 4.856 GC heap after
Heap after GC invocations=2 (full 0):
 PSYoungGen      total 35328K, used 2554K [0x00000000eab00000, 0x00000000ed000000, 0x0000000100000000)
  eden space 32768K, 0% used [0x00000000eab00000,0x00000000eab00000,0x00000000ecb00000)
  from space 2560K, 99% used [0x00000000ecd80000,0x00000000ecffea80,0x00000000ed000000)
  to   space 2560K, 0% used [0x00000000ecb00000,0x00000000ecb00000,0x00000000ecd80000)
 ParOldGen       total 44032K, used 2559K [0x00000000c0000000, 0x00000000c2b00000, 0x00000000eab00000)
  object space 44032K, 5% used [0x00000000c0000000,0x00000000c027fe98,0x00000000c2b00000)
 Metaspace       used 5986K, capacity 6898K, committed 7040K, reserved 1056768K
  class space    used 601K, capacity 618K, committed 640K, reserved 1048576K
}
Event: 7.053 GC heap before
{Heap before GC invocations=3 (full 0):
 PSYoungGen      total 35328K, used 35322K [0x00000000eab00000, 0x00000000ed000000, 0x0000000100000000)
  eden space 32768K, 100% used [0x00000000eab00000,0x00000000ecb00000,0x00000000ecb00000)
  from space 2560K, 99% used [0x00000000ecd80000,0x00000000ecffea80,0x00000000ed000000)
  to   space 2560K, 0% used [0x00000000ecb00000,0x00000000ecb00000,0x00000000ecd80000)
 ParOldGen       total 44032K, used 2559K [0x00000000c0000000, 0x00000000c2b00000, 0x00000000eab00000)
  object space 44032K, 5% used [0x00000000c0000000,0x00000000c027fe98,0x00000000c2b00000)
 Metaspace       used 6245K, capacity 7090K, committed 7296K, reserved 1056768K
  class space    used 603K, capacity 618K, committed 640K, reserved 1048576K
Event: 7.738 GC heap after
Heap after GC invocations=3 (full 0):
 PSYoungGen      total 35328K, used 2560K [0x00000000eab00000, 0x00000000ef000000, 0x0000000100000000)
  eden space 32768K, 0% used [0x00000000eab00000,0x00000000eab00000,0x00000000ecb00000)
  from space 2560K, 100% used [0x00000000ecb00000,0x00000000ecd80000,0x00000000ecd80000)
  to   space 2560K, 0% used [0x00000000eed80000,0x00000000eed80000,0x00000000ef000000)
 ParOldGen       total 44032K, used 7470K [0x00000000c0000000, 0x00000000c2b00000, 0x00000000eab00000)
  object space 44032K, 16% used [0x00000000c0000000,0x00000000c074b818,0x00000000c2b00000)
 Metaspace       used 6245K, capacity 7090K, committed 7296K, reserved 1056768K
  class space    used 603K, capacity 618K, committed 640K, reserved 1048576K
}
Event: 12.164 GC heap before
{Heap before GC invocations=4 (full 0):
 PSYoungGen      total 35328K, used 35328K [0x00000000eab00000, 0x00000000ef000000, 0x0000000100000000)
  eden space 32768K, 100% used [0x00000000eab00000,0x00000000ecb00000,0x00000000ecb00000)
  from space 2560K, 100% used [0x00000000ecb00000,0x00000000ecd80000,0x00000000ecd80000)
  to   space 2560K, 0% used [0x00000000eed80000,0x00000000eed80000,0x00000000ef000000)
 ParOldGen       total 44032K, used 7470K [0x00000000c0000000, 0x00000000c2b00000, 0x00000000eab00000)
  object space 44032K, 16% used [0x00000000c0000000,0x00000000c074b818,0x00000000c2b00000)
 Metaspace       used 6389K, capacity 7154K, committed 7296K, reserved 1056768K
  class space    used 604K, capacity 618K, committed 640K, reserved 1048576K
Event: 12.658 GC heap after
Heap after GC invocations=4 (full 0):
 PSYoungGen      total 68096K, used 2560K [0x00000000eab00000, 0x00000000ef000000, 0x0000000100000000)
  eden space 65536K, 0% used [0x00000000eab00000,0x00000000eab00000,0x00000000eeb00000)
  from space 2560K, 100% used [0x00000000eed80000,0x00000000ef000000,0x00000000ef000000)
  to   space 2560K, 0% used [0x00000000eeb00000,0x00000000eeb00000,0x00000000eed80000)
 ParOldGen       total 44032K, used 12812K [0x00000000c0000000, 0x00000000c2b00000, 0x00000000eab00000)
  object space 44032K, 29% used [0x00000000c0000000,0x00000000c0c83258,0x00000000c2b00000)
 Metaspace       used 6389K, capacity 7154K, committed 7296K, reserved 1056768K
  class space    used 604K, capacity 618K, committed 640K, reserved 1048576K
}

Deoptimization events (10 events):
Event: 15.277 Thread 0x00000000166f3800 Uncommon trap: reason=class_check action=maybe_recompile pc=0x00000000029d5444 method=java.util.HashMap.putVal(ILjava/lang/Object;Ljava/lang/Object;ZZ)Ljava/lang/Object; @ 203
Event: 15.277 Thread 0x00000000166f3800 Uncommon trap: reason=class_check action=maybe_recompile pc=0x00000000029d5444 method=java.util.HashMap.putVal(ILjava/lang/Object;Ljava/lang/Object;ZZ)Ljava/lang/Object; @ 203
Event: 15.277 Thread 0x00000000166f3800 Uncommon trap: reason=class_check action=maybe_recompile pc=0x00000000029d5444 method=java.util.HashMap.putVal(ILjava/lang/Object;Ljava/lang/Object;ZZ)Ljava/lang/Object; @ 203
Event: 15.278 Thread 0x00000000166f3800 Uncommon trap: reason=class_check action=maybe_recompile pc=0x00000000029d5444 method=java.util.HashMap.putVal(ILjava/lang/Object;Ljava/lang/Object;ZZ)Ljava/lang/Object; @ 203
Event: 15.278 Thread 0x00000000166f3800 Uncommon trap: reason=class_check action=maybe_recompile pc=0x00000000029b3c04 method=java.util.HashMap.putVal(ILjava/lang/Object;Ljava/lang/Object;ZZ)Ljava/lang/Object; @ 203
Event: 15.306 Thread 0x00000000166f3800 Uncommon trap: reason=bimorphic action=maybe_recompile pc=0x0000000002e60d6c method=java.util.HashMap.putVal(ILjava/lang/Object;Ljava/lang/Object;ZZ)Ljava/lang/Object; @ 203
Event: 15.306 Thread 0x00000000166f3800 Uncommon trap: reason=bimorphic action=maybe_recompile pc=0x0000000002e60d6c method=java.util.HashMap.putVal(ILjava/lang/Object;Ljava/lang/Object;ZZ)Ljava/lang/Object; @ 203
Event: 15.306 Thread 0x00000000166f3800 Uncommon trap: reason=bimorphic action=maybe_recompile pc=0x0000000002e60d6c method=java.util.HashMap.putVal(ILjava/lang/Object;Ljava/lang/Object;ZZ)Ljava/lang/Object; @ 203
Event: 15.307 Thread 0x00000000166f3800 Uncommon trap: reason=bimorphic action=maybe_recompile pc=0x0000000002e60d6c method=java.util.HashMap.putVal(ILjava/lang/Object;Ljava/lang/Object;ZZ)Ljava/lang/Object; @ 203
Event: 16.237 Thread 0x00000000166f3800 Uncommon trap: reason=unstable_if action=reinterpret pc=0x0000000002e885f8 method=com.android.dx.dex.code.OutputFinisher.addConstants(Ljava/util/HashSet;Lcom/android/dx/rop/code/RegisterSpec;)V @ 32

Internal exceptions (3 events):
Event: 0.303 Thread 0x0000000002480800 Exception <a 'java/lang/NoSuchMethodError': Method sun.misc.Unsafe.defineClass(Ljava/lang/String;[BII)Ljava/lang/Class; name or signature does not match> (0x00000000eab07cc0) thrown at [C:\re\workspace\8-2-build-windows-amd64-cygwin\jdk8u91\7017\hotspot\srêý¨x»aÓ?
Event: 0.303 Thread 0x0000000002480800 Exception <a 'java/lang/NoSuchMethodError': Method sun.misc.Unsafe.prefetchRead(Ljava/lang/Object;J)V name or signature does not match> (0x00000000eab07fa8) thrown at [C:\re\workspace\8-2-build-windows-amd64-cygwin\jdk8u91\7017\hotspot\src\share\vm\prims\j´áõwî@
Event: 5.013 Thread 0x0000000016701000 Implicit null exception at 0x00000000027f1ea2 to 0x00000000027f1f92

Events (10 events):
Event: 15.306 Thread 0x00000000166f3800 DEOPT UNPACKING pc=0x00000000025c582a sp=0x0000000016c9e690 mode 2
Event: 15.306 Thread 0x00000000166f3800 Uncommon trap: trap_request=0xffffffc6 fr.pc=0x0000000002e60d6c
Event: 15.306 Thread 0x00000000166f3800 DEOPT PACKING pc=0x0000000002e60d6c sp=0x0000000016c9e770
Event: 15.306 Thread 0x00000000166f3800 DEOPT UNPACKING pc=0x00000000025c582a sp=0x0000000016c9e690 mode 2
Event: 15.307 Thread 0x00000000166f3800 Uncommon trap: trap_request=0xffffffc6 fr.pc=0x0000000002e60d6c
Event: 15.307 Thread 0x00000000166f3800 DEOPT PACKING pc=0x0000000002e60d6c sp=0x0000000016c9e770
Event: 15.307 Thread 0x00000000166f3800 DEOPT UNPACKING pc=0x00000000025c582a sp=0x0000000016c9e690 mode 2
Event: 16.237 Thread 0x00000000166f3800 Uncommon trap: trap_request=0xffffff65 fr.pc=0x0000000002e885f8
Event: 16.237 Thread 0x00000000166f3800 DEOPT PACKING pc=0x0000000002e885f8 sp=0x0000000016c9e7d0
Event: 16.237 Thread 0x00000000166f3800 DEOPT UNPACKING pc=0x00000000025c582a sp=0x0000000016c9e788 mode 2


Dynamic libraries:
0x00007ff750790000 - 0x00007ff7507c7000 	C:\Program Files\Java\jdk1.8.0_91\bin\java.exe
0x00007ffd640b0000 - 0x00007ffd64272000 	C:\Windows\SYSTEM32\ntdll.dll
0x00007ffd63a50000 - 0x00007ffd63afd000 	C:\Windows\system32\KERNEL32.DLL
0x00007ffd61380000 - 0x00007ffd6155d000 	C:\Windows\system32\KERNELBASE.dll
0x00007ffd63680000 - 0x00007ffd63726000 	C:\Windows\system32\ADVAPI32.dll
0x00007ffd638e0000 - 0x00007ffd6397d000 	C:\Windows\system32\msvcrt.dll
0x00007ffd63140000 - 0x00007ffd6319b000 	C:\Windows\system32\sechost.dll
0x00007ffd63d80000 - 0x00007ffd63ea6000 	C:\Windows\system32\RPCRT4.dll
0x00007ffd633d0000 - 0x00007ffd6351e000 	C:\Windows\system32\USER32.dll
0x00007ffd62cb0000 - 0x00007ffd62e35000 	C:\Windows\system32\GDI32.dll
0x00007ffd55a60000 - 0x00007ffd55cd4000 	C:\Windows\WinSxS\amd64_microsoft.windows.common-controls_6595b64144ccf1df_6.0.10240.16384_none_f41f7b285750ef43\COMCTL32.dll
0x00007ffd63eb0000 - 0x00007ffd63ee6000 	C:\Windows\system32\IMM32.DLL
0x00007ffd63520000 - 0x00007ffd6367c000 	C:\Windows\system32\MSCTF.dll
0x00000000756c0000 - 0x0000000075792000 	C:\Program Files\Java\jdk1.8.0_91\jre\bin\msvcr100.dll
0x0000000075b40000 - 0x00000000763d3000 	C:\Program Files\Java\jdk1.8.0_91\jre\bin\server\jvm.dll
0x00007ffd63fe0000 - 0x00007ffd63fe8000 	C:\Windows\system32\PSAPI.DLL
0x00007ffd59270000 - 0x00007ffd59279000 	C:\Windows\SYSTEM32\WSOCK32.dll
0x00007ffd639e0000 - 0x00007ffd63a49000 	C:\Windows\system32\WS2_32.dll
0x00007ffd630a0000 - 0x00007ffd630a8000 	C:\Windows\system32\NSI.dll
0x00007ffd51e50000 - 0x00007ffd51e73000 	C:\Windows\SYSTEM32\WINMM.dll
0x00007ffd51e20000 - 0x00007ffd51e4c000 	C:\Windows\SYSTEM32\WINMMBASE.dll
0x00007ffd61620000 - 0x00007ffd61664000 	C:\Windows\system32\cfgmgr32.dll
0x00007ffd57f40000 - 0x00007ffd57f4a000 	C:\Windows\SYSTEM32\VERSION.dll
0x00007ffd5f450000 - 0x00007ffd5f477000 	C:\Windows\SYSTEM32\DEVOBJ.dll
0x0000000075b30000 - 0x0000000075b3f000 	C:\Program Files\Java\jdk1.8.0_91\jre\bin\verify.dll
0x0000000075b00000 - 0x0000000075b29000 	C:\Program Files\Java\jdk1.8.0_91\jre\bin\java.dll
0x0000000075ae0000 - 0x0000000075af6000 	C:\Program Files\Java\jdk1.8.0_91\jre\bin\zip.dll
0x00007ffd61780000 - 0x00007ffd62ca5000 	C:\Windows\system32\SHELL32.dll
0x00007ffd60b80000 - 0x00007ffd611a8000 	C:\Windows\system32\windows.storage.dll
0x00007ffd63b00000 - 0x00007ffd63d7c000 	C:\Windows\system32\combase.dll
0x00007ffd631a0000 - 0x00007ffd631f1000 	C:\Windows\system32\shlwapi.dll
0x00007ffd60ae0000 - 0x00007ffd60aef000 	C:\Windows\system32\kernel.appcore.dll
0x00007ffd61560000 - 0x00007ffd61613000 	C:\Windows\system32\shcore.dll
0x00007ffd60b30000 - 0x00007ffd60b7a000 	C:\Windows\system32\powrprof.dll
0x00007ffd60af0000 - 0x00007ffd60b03000 	C:\Windows\system32\profapi.dll

VM Arguments:
jvm_args: -Djava.awt.headless=true -Xmx1024M -Dfile.encoding=windows-1252 -Duser.country=US -Duser.language=en -Duser.variant 
java_command: com.android.dx.command.Main --dex --force-jumbo --num-threads=4 --multi-dex --output C:\Users\naveen\AndroidStudioProjects\ToDoApp\ToDoApp\app\build\intermediates\transforms\dex\debug\folders\1000\10\internal_impl-24.0.0_6b50d6500d1758ea6ed9b9579bc1b0f0c968c8ec C:\Users\naveen\AndroidStudioProjects\ToDoApp\ToDoApp\app\build\intermediates\exploded-aar\com.android.support\support-v4\24.0.0\jars\libs\internal_impl-24.0.0.jar
java_class_path (initial): C:\Users\naveen\AppData\Local\Android\sdk\build-tools\24.0.0\lib\dx.jar
Launcher Type: SUN_STANDARD

Environment Variables:
PATH=C:\Windows\system32;C:\Windows;C:\Windows\System32\Wbem;C:\Windows\System32\WindowsPowerShell\v1.0\;C:\Program Files (x86)\Skype\Phone\;C:\Program Files\Java\jdk1.8.0_91\bin
USERNAME=naveen
OS=Windows_NT
PROCESSOR_IDENTIFIER=Intel64 Family 6 Model 42 Stepping 7, GenuineIntel



---------------  S Y S T E M  ---------------

OS: Windows 10.0 , 64 bit Build 10240 (10.0.10240.16384)

CPU:total 4 (2 cores per cpu, 2 threads per core) family 6 model 42 stepping 7, cmov, cx8, fxsr, mmx, sse, sse2, sse3, ssse3, sse4.1, sse4.2, popcnt, avx, clmul, ht, tsc, tscinvbit

Memory: 4k page, physical 4100564k(229296k free), swap 9859860k(1672k free)

vm_info: Java HotSpot(TM) 64-Bit Server VM (25.91-b15) for windows-amd64 JRE (1.8.0_91-b15), built on May 20 2016 17:43:15 by "java_re" with MS VC++ 10.0 (VS2010)

time: Tue Jun 28 18:44:15 2016
elapsed time: 16 seconds (0d 0h 0m 16s)

