#
# There is insufficient memory for the Java Runtime Environment to continue.
# Native memory allocation (malloc) failed to allocate 32744 bytes for ChunkPool::allocate
# Possible reasons:
#   The system is out of physical RAM or swap space
#   In 32 bit mode, the process size limit was hit
# Possible solutions:
#   Reduce memory load on the system
#   Increase physical memory or swap space
#   Check if swap backing store is full
#   Use 64 bit Java on a 64 bit OS
#   Decrease Java heap size (-Xmx/-Xms)
#   Decrease number of Java threads
#   Decrease Java thread stack sizes (-Xss)
#   Set larger code cache with -XX:ReservedCodeCacheSize=
# This output file may be truncated or incomplete.
#
#  Out of Memory Error (allocation.cpp:273), pid=4044, tid=5648
#
# JRE version: Java(TM) SE Runtime Environment (8.0_91-b15) (build 1.8.0_91-b15)
# Java VM: Java HotSpot(TM) 64-Bit Server VM (25.91-b15 mixed mode windows-amd64 compressed oops)
# Failed to write core dump. Minidumps are not enabled by default on client versions of Windows
#

---------------  T H R E A D  ---------------

Current thread (0x0000000014ea0800):  JavaThread "C2 CompilerThread1" daemon [_thread_in_native, id=5648, stack(0x00000000165a0000,0x00000000166a0000)]

Stack: [0x00000000165a0000,0x00000000166a0000]
[error occurred during error reporting (printing stack bounds), id 0xc0000005]

Native frames: (J=compiled Java code, j=interpreted, Vv=VM code, C=native code)


Current CompileTask:
C2:   3998 1427   !   4       com.android.dx.cf.code.BytecodeArray::parseInstruction (2764 bytes)


---------------  P R O C E S S  ---------------

Java Threads: ( => current thread )
  0x000000001692c000 JavaThread "pool-2-thread-4" [_thread_blocked, id=5416, stack(0x00000000171a0000,0x00000000172a0000)]
  0x000000001691a000 JavaThread "pool-2-thread-3" [_thread_blocked, id=1920, stack(0x00000000170a0000,0x00000000171a0000)]
  0x000000001690e000 JavaThread "pool-2-thread-2" [_thread_in_Java, id=2720, stack(0x0000000016fa0000,0x00000000170a0000)]
  0x0000000016902000 JavaThread "pool-3-thread-1" [_thread_blocked, id=2808, stack(0x0000000016ea0000,0x0000000016fa0000)]
  0x0000000016901000 JavaThread "pool-2-thread-1" [_thread_blocked, id=3284, stack(0x0000000016da0000,0x0000000016ea0000)]
  0x0000000014eaa800 JavaThread "Service Thread" daemon [_thread_blocked, id=6080, stack(0x0000000016ba0000,0x0000000016ca0000)]
  0x00000000166a8800 JavaThread "C1 CompilerThread2" daemon [_thread_blocked, id=4380, stack(0x0000000016aa0000,0x0000000016ba0000)]
=>0x0000000014ea0800 JavaThread "C2 CompilerThread1" daemon [_thread_in_native, id=5648, stack(0x00000000165a0000,0x00000000166a0000)]
  0x0000000014e4c000 JavaThread "C2 CompilerThread0" daemon [_thread_in_native, id=4168, stack(0x00000000164a0000,0x00000000165a0000)]
  0x0000000014e4a000 JavaThread "Attach Listener" daemon [_thread_blocked, id=7128, stack(0x00000000163a0000,0x00000000164a0000)]
  0x0000000014e49000 JavaThread "Signal Dispatcher" daemon [_thread_blocked, id=3656, stack(0x00000000162a0000,0x00000000163a0000)]
  0x000000000277a000 JavaThread "Finalizer" daemon [_thread_blocked, id=5732, stack(0x00000000160c0000,0x00000000161c0000)]
  0x000000000276f000 JavaThread "Reference Handler" daemon [_thread_blocked, id=4888, stack(0x0000000015fc0000,0x00000000160c0000)]
  0x0000000002680800 JavaThread "main" [_thread_in_vm, id=4200, stack(0x0000000002510000,0x0000000002610000)]

Other Threads:
  0x0000000014e18000 VMThread [stack: 0x0000000015ec0000,0x0000000015fc0000] [id=5804]
  0x00000000166ba800 WatcherThread [stack: 0x0000000016ca0000,0x0000000016da0000] [id=5712]

VM state:not at safepoint (normal execution)

VM Mutex/Monitor currently owned by a thread: None

Heap:
 PSYoungGen      total 35328K, used 33138K [0x00000000eab00000, 0x00000000ed000000, 0x0000000100000000)
  eden space 32768K, 93% used [0x00000000eab00000,0x00000000ec8dfdd0,0x00000000ecb00000)
  from space 2560K, 99% used [0x00000000ecd80000,0x00000000ecffcba8,0x00000000ed000000)
  to   space 2560K, 0% used [0x00000000ecb00000,0x00000000ecb00000,0x00000000ecd80000)
 ParOldGen       total 44032K, used 3793K [0x00000000c0000000, 0x00000000c2b00000, 0x00000000eab00000)
  object space 44032K, 8% used [0x00000000c0000000,0x00000000c03b45a8,0x00000000c2b00000)
 Metaspace       used 6086K, capacity 6962K, committed 7040K, reserved 1056768K
  class space    used 596K, capacity 618K, committed 640K, reserved 1048576K

Card table byte_map: [0x0000000011b40000,0x0000000011d50000] byte_map_base: 0x0000000011540000

Marking Bits: (ParMarkBitMap*) 0x00000000651b2f70
 Begin Bits: [0x00000000122b0000, 0x00000000132b0000)
 End Bits:   [0x00000000132b0000, 0x00000000142b0000)

Polling page: 0x00000000024e0000

CodeCache: size=245760Kb used=6139Kb max_used=6139Kb free=239620Kb
 bounds [0x0000000002780000, 0x0000000002d90000, 0x0000000011780000]
 total_blobs=1728 nmethods=1460 adapters=181
 compilation: enabled

Compilation events (10 events):
Event: 3.942 Thread 0x00000000166a8800 1478       3       java.util.concurrent.locks.ReentrantLock$FairSync::tryAcquire (74 bytes)
Event: 3.943 Thread 0x00000000166a8800 nmethod 1478 0x0000000002d76210 code [0x0000000002d763c0, 0x0000000002d76bf8]
Event: 3.943 Thread 0x00000000166a8800 1479       3       java.util.concurrent.locks.LockSupport::setBlocker (12 bytes)
Event: 3.943 Thread 0x00000000166a8800 nmethod 1479 0x0000000002d75ed0 code [0x0000000002d76020, 0x0000000002d76170]
Event: 3.953 Thread 0x00000000166a8800 1482       3       com.android.dx.command.dexer.Main::access$1800 (4 bytes)
Event: 3.953 Thread 0x00000000166a8800 nmethod 1482 0x0000000002d838d0 code [0x0000000002d83a20, 0x0000000002d83b70]
Event: 3.953 Thread 0x00000000166a8800 1483       3       com.android.dx.command.dexer.Main::access$2000 (4 bytes)
Event: 3.953 Thread 0x00000000166a8800 nmethod 1483 0x0000000002d83bd0 code [0x0000000002d83d20, 0x0000000002d83e70]
Event: 3.953 Thread 0x00000000166a8800 1484       3       com.android.dx.command.dexer.Main::access$1600 (4 bytes)
Event: 3.953 Thread 0x00000000166a8800 nmethod 1484 0x0000000002d83ed0 code [0x0000000002d84020, 0x0000000002d84170]

GC Heap History (4 events):
Event: 1.377 GC heap before
{Heap before GC invocations=1 (full 0):
 PSYoungGen      total 18944K, used 16384K [0x00000000eab00000, 0x00000000ec000000, 0x0000000100000000)
  eden space 16384K, 100% used [0x00000000eab00000,0x00000000ebb00000,0x00000000ebb00000)
  from space 2560K, 0% used [0x00000000ebd80000,0x00000000ebd80000,0x00000000ec000000)
  to   space 2560K, 0% used [0x00000000ebb00000,0x00000000ebb00000,0x00000000ebd80000)
 ParOldGen       total 44032K, used 0K [0x00000000c0000000, 0x00000000c2b00000, 0x00000000eab00000)
  object space 44032K, 0% used [0x00000000c0000000,0x00000000c0000000,0x00000000c2b00000)
 Metaspace       used 5780K, capacity 6706K, committed 6784K, reserved 1056768K
  class space    used 594K, capacity 618K, committed 640K, reserved 1048576K
Event: 1.602 GC heap after
Heap after GC invocations=1 (full 0):
 PSYoungGen      total 18944K, used 2554K [0x00000000eab00000, 0x00000000ed000000, 0x0000000100000000)
  eden space 16384K, 0% used [0x00000000eab00000,0x00000000eab00000,0x00000000ebb00000)
  from space 2560K, 99% used [0x00000000ebb00000,0x00000000ebd7ea98,0x00000000ebd80000)
  to   space 2560K, 0% used [0x00000000ecd80000,0x00000000ecd80000,0x00000000ed000000)
 ParOldGen       total 44032K, used 1500K [0x00000000c0000000, 0x00000000c2b00000, 0x00000000eab00000)
  object space 44032K, 3% used [0x00000000c0000000,0x00000000c0177160,0x00000000c2b00000)
 Metaspace       used 5780K, capacity 6706K, committed 6784K, reserved 1056768K
  class space    used 594K, capacity 618K, committed 640K, reserved 1048576K
}
Event: 3.165 GC heap before
{Heap before GC invocations=2 (full 0):
 PSYoungGen      total 18944K, used 18938K [0x00000000eab00000, 0x00000000ed000000, 0x0000000100000000)
  eden space 16384K, 100% used [0x00000000eab00000,0x00000000ebb00000,0x00000000ebb00000)
  from space 2560K, 99% used [0x00000000ebb00000,0x00000000ebd7ea98,0x00000000ebd80000)
  to   space 2560K, 0% used [0x00000000ecd80000,0x00000000ecd80000,0x00000000ed000000)
 ParOldGen       total 44032K, used 1500K [0x00000000c0000000, 0x00000000c2b00000, 0x00000000eab00000)
  object space 44032K, 3% used [0x00000000c0000000,0x00000000c0177160,0x00000000c2b00000)
 Metaspace       used 6009K, capacity 6898K, committed 7040K, reserved 1056768K
  class space    used 594K, capacity 618K, committed 640K, reserved 1048576K
Event: 3.347 GC heap after
Heap after GC invocations=2 (full 0):
 PSYoungGen      total 35328K, used 2546K [0x00000000eab00000, 0x00000000ed000000, 0x0000000100000000)
  eden space 32768K, 0% used [0x00000000eab00000,0x00000000eab00000,0x00000000ecb00000)
  from space 2560K, 99% used [0x00000000ecd80000,0x00000000ecffcba8,0x00000000ed000000)
  to   space 2560K, 0% used [0x00000000ecb00000,0x00000000ecb00000,0x00000000ecd80000)
 ParOldGen       total 44032K, used 3793K [0x00000000c0000000, 0x00000000c2b00000, 0x00000000eab00000)
  object space 44032K, 8% used [0x00000000c0000000,0x00000000c03b45a8,0x00000000c2b00000)
 Metaspace       used 6009K, capacity 6898K, committed 7040K, reserved 1056768K
  class space    used 594K, capacity 618K, committed 640K, reserved 1048576K
}

Deoptimization events (10 events):
Event: 3.367 Thread 0x000000001691a000 Uncommon trap: reason=unstable_if action=reinterpret pc=0x0000000002c0911c method=com.android.dx.ssa.SCCP.simulateBranch(Lcom/android/dx/ssa/SsaInsn;)V @ 118
Event: 3.448 Thread 0x000000001692c000 Uncommon trap: reason=bimorphic action=maybe_recompile pc=0x0000000002bd9c18 method=com.android.dx.cf.code.BytecodeArray.parseInstruction(ILcom/android/dx/cf/code/BytecodeArray$Visitor;)I @ 2281
Event: 3.448 Thread 0x000000001692c000 Uncommon trap: reason=bimorphic action=maybe_recompile pc=0x0000000002bd9c18 method=com.android.dx.cf.code.BytecodeArray.parseInstruction(ILcom/android/dx/cf/code/BytecodeArray$Visitor;)I @ 2281
Event: 3.472 Thread 0x000000001690e000 Uncommon trap: reason=bimorphic action=maybe_recompile pc=0x0000000002bd9eb8 method=com.android.dx.cf.code.BytecodeArray.parseInstruction(ILcom/android/dx/cf/code/BytecodeArray$Visitor;)I @ 2484
Event: 3.472 Thread 0x000000001690e000 Uncommon trap: reason=bimorphic action=maybe_recompile pc=0x0000000002bd9eb8 method=com.android.dx.cf.code.BytecodeArray.parseInstruction(ILcom/android/dx/cf/code/BytecodeArray$Visitor;)I @ 2484
Event: 3.483 Thread 0x000000001690e000 Uncommon trap: reason=unstable_if action=reinterpret pc=0x0000000002c1fc00 method=com.android.dx.ssa.MoveParamCombiner$1.visitNonMoveInsn(Lcom/android/dx/ssa/NormalSsaInsn;)V @ 27
Event: 3.490 Thread 0x000000001690e000 Uncommon trap: reason=unstable_if action=reinterpret pc=0x0000000002b53efc method=com.android.dx.util.IntList.binarysearch(I)I @ 105
Event: 3.641 Thread 0x0000000002680800 Uncommon trap: reason=unstable_if action=reinterpret pc=0x0000000002bc1e48 method=com.android.dx.ssa.SCCP.simulateStmt(Lcom/android/dx/ssa/SsaInsn;)V @ 59
Event: 3.644 Thread 0x0000000002680800 Uncommon trap: reason=bimorphic action=maybe_recompile pc=0x0000000002c3fe5c method=com.android.dx.ssa.LiteralOpUpgrader.tryReplacingWithConstant(Lcom/android/dx/ssa/NormalSsaInsn;)Z @ 62
Event: 3.644 Thread 0x0000000002680800 Uncommon trap: reason=unstable_if action=reinterpret pc=0x0000000002b5b7dc method=com.android.dx.ssa.SsaMethod.updateOneDefinition(Lcom/android/dx/ssa/SsaInsn;Lcom/android/dx/rop/code/RegisterSpec;)V @ 4

Internal exceptions (2 events):
Event: 0.048 Thread 0x0000000002680800 Exception <a 'java/lang/NoSuchMethodError': Method sun.misc.Unsafe.defineClass(Ljava/lang/String;[BII)Ljava/lang/Class; name or signature does not match> (0x00000000eab07cc0) thrown at [C:\re\workspace\8-2-build-windows-amd64-cygwin\jdk8u91\7017\hotspot\sr‡B•E‘¨?
Event: 0.048 Thread 0x0000000002680800 Exception <a 'java/lang/NoSuchMethodError': Method sun.misc.Unsafe.prefetchRead(Ljava/lang/Object;J)V name or signature does not match> (0x00000000eab07fa8) thrown at [C:\re\workspace\8-2-build-windows-amd64-cygwin\jdk8u91\7017\hotspot\src\share\vm\prims\j

Events (10 events):
Event: 3.490 Thread 0x000000001690e000 DEOPT UNPACKING pc=0x00000000027c582a sp=0x000000001709e9f8 mode 2
Event: 3.641 Thread 0x0000000002680800 Uncommon trap: trap_request=0xffffff65 fr.pc=0x0000000002bc1e48
Event: 3.641 Thread 0x0000000002680800 DEOPT PACKING pc=0x0000000002bc1e48 sp=0x000000000260e560
Event: 3.641 Thread 0x0000000002680800 DEOPT UNPACKING pc=0x00000000027c582a sp=0x000000000260e528 mode 2
Event: 3.644 Thread 0x0000000002680800 Uncommon trap: trap_request=0xffffffc6 fr.pc=0x0000000002c3fe5c
Event: 3.644 Thread 0x0000000002680800 DEOPT PACKING pc=0x0000000002c3fe5c sp=0x000000000260e600
Event: 3.644 Thread 0x0000000002680800 DEOPT UNPACKING pc=0x00000000027c582a sp=0x000000000260e4d8 mode 2
Event: 3.644 Thread 0x0000000002680800 Uncommon trap: trap_request=0xffffff65 fr.pc=0x0000000002b5b7dc
Event: 3.644 Thread 0x0000000002680800 DEOPT PACKING pc=0x0000000002b5b7dc sp=0x000000000260e3b0
Event: 3.644 Thread 0x0000000002680800 DEOPT UNPACKING pc=0x00000000027c582a sp=0x000000000260e358 mode 2


Dynamic libraries:
0x00007ff615dd0000 - 0x00007ff615e07000 	C:\Program Files\Java\jdk1.8.0_91\bin\java.exe
0x00007ff8c0080000 - 0x00007ff8c0242000 	C:\Windows\SYSTEM32\ntdll.dll
0x00007ff8be010000 - 0x00007ff8be0bd000 	C:\Windows\system32\KERNEL32.DLL
0x00007ff8bd180000 - 0x00007ff8bd35d000 	C:\Windows\system32\KERNELBASE.dll
0x00007ff8bd8a0000 - 0x00007ff8bd946000 	C:\Windows\system32\ADVAPI32.dll
0x00007ff8be630000 - 0x00007ff8be6cd000 	C:\Windows\system32\msvcrt.dll
0x00007ff8bdcd0000 - 0x00007ff8bdd2b000 	C:\Windows\system32\sechost.dll
0x00007ff8be500000 - 0x00007ff8be626000 	C:\Windows\system32\RPCRT4.dll
0x00007ff8bd750000 - 0x00007ff8bd89e000 	C:\Windows\system32\USER32.dll
0x00007ff8bfee0000 - 0x00007ff8c0065000 	C:\Windows\system32\GDI32.dll
0x00007ff8afc20000 - 0x00007ff8afe94000 	C:\Windows\WinSxS\amd64_microsoft.windows.common-controls_6595b64144ccf1df_6.0.10240.16384_none_f41f7b285750ef43\COMCTL32.dll
0x00007ff8bdd30000 - 0x00007ff8bdd66000 	C:\Windows\system32\IMM32.DLL
0x00007ff8bde40000 - 0x00007ff8bdf9c000 	C:\Windows\system32\MSCTF.dll
0x0000000064520000 - 0x00000000645f2000 	C:\Program Files\Java\jdk1.8.0_91\jre\bin\msvcr100.dll
0x00000000649a0000 - 0x0000000065233000 	C:\Program Files\Java\jdk1.8.0_91\jre\bin\server\jvm.dll
0x00007ff8c0070000 - 0x00007ff8c0078000 	C:\Windows\system32\PSAPI.DLL
0x00007ff8bacc0000 - 0x00007ff8bacc9000 	C:\Windows\SYSTEM32\WSOCK32.dll
0x00007ff8be230000 - 0x00007ff8be299000 	C:\Windows\system32\WS2_32.dll
0x00007ff8be350000 - 0x00007ff8be358000 	C:\Windows\system32\NSI.dll
0x00007ff8b3440000 - 0x00007ff8b344a000 	C:\Windows\SYSTEM32\VERSION.dll
0x00007ff8ae920000 - 0x00007ff8ae943000 	C:\Windows\SYSTEM32\WINMM.dll
0x00007ff8ae8f0000 - 0x00007ff8ae91c000 	C:\Windows\SYSTEM32\WINMMBASE.dll
0x00007ff8bd530000 - 0x00007ff8bd574000 	C:\Windows\system32\cfgmgr32.dll
0x00007ff8bb420000 - 0x00007ff8bb447000 	C:\Windows\SYSTEM32\DEVOBJ.dll
0x0000000064990000 - 0x000000006499f000 	C:\Program Files\Java\jdk1.8.0_91\jre\bin\verify.dll
0x0000000064960000 - 0x0000000064989000 	C:\Program Files\Java\jdk1.8.0_91\jre\bin\java.dll
0x0000000064940000 - 0x0000000064956000 	C:\Program Files\Java\jdk1.8.0_91\jre\bin\zip.dll
0x00007ff8be730000 - 0x00007ff8bfc55000 	C:\Windows\system32\SHELL32.dll
0x00007ff8bcb50000 - 0x00007ff8bd178000 	C:\Windows\system32\windows.storage.dll
0x00007ff8bfc60000 - 0x00007ff8bfedc000 	C:\Windows\system32\combase.dll
0x00007ff8be3c0000 - 0x00007ff8be411000 	C:\Windows\system32\shlwapi.dll
0x00007ff8bcb20000 - 0x00007ff8bcb2f000 	C:\Windows\system32\kernel.appcore.dll
0x00007ff8bd580000 - 0x00007ff8bd633000 	C:\Windows\system32\shcore.dll
0x00007ff8bcad0000 - 0x00007ff8bcb1a000 	C:\Windows\system32\powrprof.dll
0x00007ff8bcab0000 - 0x00007ff8bcac3000 	C:\Windows\system32\profapi.dll

VM Arguments:
jvm_args: -Djava.awt.headless=true -Xmx1024M -Dfile.encoding=windows-1252 -Duser.country=US -Duser.language=en -Duser.variant 
java_command: com.android.dx.command.Main --dex --force-jumbo --num-threads=4 --multi-dex --output C:\Users\naveen\AndroidStudioProjects\ToDoApp\ToDoApp\app\build\intermediates\transforms\dex\debug\folders\1000\10\com.google.firebase-firebase-database-connection-9.0.2_2bf566c4183b7d75c13159617e197e0f6e3cf15b C:\Users\naveen\AndroidStudioProjects\ToDoApp\ToDoApp\app\build\intermediates\exploded-aar\com.google.firebase\firebase-database-connection\9.0.2\jars\classes.jar
java_class_path (initial): C:\Users\naveen\AppData\Local\Android\sdk\build-tools\24.0.0\lib\dx.jar
Launcher Type: SUN_STANDARD

Environment Variables:
PATH=C:\Windows\system32;C:\Windows;C:\Windows\System32\Wbem;C:\Windows\System32\WindowsPowerShell\v1.0\;C:\Program Files (x86)\Skype\Phone\;C:\Program Files\Java\jdk1.8.0_91\bin
USERNAME=naveen
OS=Windows_NT
PROCESSOR_IDENTIFIER=Intel64 Family 6 Model 42 Stepping 7, GenuineIntel



---------------  S Y S T E M  ---------------

OS: Windows 10.0 , 64 bit Build 10240 (10.0.10240.16384)

CPU:total 4 (2 cores per cpu, 2 threads per core) family 6 model 42 stepping 7, cmov, cx8, fxsr, mmx, sse, sse2, sse3, ssse3, sse4.1, sse4.2, popcnt, avx, clmul, ht, tsc, tscinvbit

Memory: 4k page, physical 4100564k(155728k free), swap 9859860k(4092k free)

vm_info: Java HotSpot(TM) 64-Bit Server VM (25.91-b15) for windows-amd64 JRE (1.8.0_91-b15), built on May 20 2016 17:43:15 by "java_re" with MS VC++ 10.0 (VS2010)

time: Wed Jun 29 11:35:49 2016
elapsed time: 4 seconds (0d 0h 0m 4s)

