#
# There is insufficient memory for the Java Runtime Environment to continue.
# Native memory allocation (malloc) failed to allocate 894016 bytes for Chunk::new
# Possible reasons:
#   The system is out of physical RAM or swap space
#   In 32 bit mode, the process size limit was hit
# Possible solutions:
#   Reduce memory load on the system
#   Increase physical memory or swap space
#   Check if swap backing store is full
#   Use 64 bit Java on a 64 bit OS
#   Decrease Java heap size (-Xmx/-Xms)
#   Decrease number of Java threads
#   Decrease Java thread stack sizes (-Xss)
#   Set larger code cache with -XX:ReservedCodeCacheSize=
# This output file may be truncated or incomplete.
#
#  Out of Memory Error (allocation.cpp:390), pid=532, tid=7620
#
# JRE version: Java(TM) SE Runtime Environment (8.0_91-b15) (build 1.8.0_91-b15)
# Java VM: Java HotSpot(TM) 64-Bit Server VM (25.91-b15 mixed mode windows-amd64 compressed oops)
# Failed to write core dump. Minidumps are not enabled by default on client versions of Windows
#

---------------  T H R E A D  ---------------

Current thread (0x0000000015307800):  JavaThread "C2 CompilerThread0" daemon [_thread_in_native, id=7620, stack(0x0000000016860000,0x0000000016960000)]

Stack: [0x0000000016860000,0x0000000016960000]
[error occurred during error reporting (printing stack bounds), id 0xc0000005]

Native frames: (J=compiled Java code, j=interpreted, Vv=VM code, C=native code)


Current CompileTask:
C2:  14996 2007       4       com.android.dx.ssa.SsaConverter::placePhiFunctions (394 bytes)


---------------  P R O C E S S  ---------------

Java Threads: ( => current thread )
  0x0000000016de2800 JavaThread "pool-1-thread-4" [_thread_blocked, id=4072, stack(0x0000000017560000,0x0000000017660000)]
  0x0000000016de1800 JavaThread "pool-1-thread-3" [_thread_in_Java, id=5428, stack(0x0000000017460000,0x0000000017560000)]
  0x0000000016dd5000 JavaThread "pool-1-thread-2" [_thread_blocked, id=6276, stack(0x0000000017360000,0x0000000017460000)]
  0x0000000016dd4800 JavaThread "pool-2-thread-1" [_thread_blocked, id=4664, stack(0x0000000017260000,0x0000000017360000)]
  0x0000000016e1d000 JavaThread "pool-1-thread-1" [_thread_blocked, id=4632, stack(0x0000000017160000,0x0000000017260000)]
  0x000000001535e800 JavaThread "Service Thread" daemon [_thread_blocked, id=7064, stack(0x0000000016f60000,0x0000000017060000)]
  0x0000000015302000 JavaThread "C1 CompilerThread2" daemon [_thread_blocked, id=1572, stack(0x0000000016a60000,0x0000000016b60000)]
  0x00000000152f7800 JavaThread "C2 CompilerThread1" daemon [_thread_in_native, id=3256, stack(0x0000000016960000,0x0000000016a60000)]
=>0x0000000015307800 JavaThread "C2 CompilerThread0" daemon [_thread_in_native, id=7620, stack(0x0000000016860000,0x0000000016960000)]
  0x0000000015306000 JavaThread "Attach Listener" daemon [_thread_blocked, id=1260, stack(0x0000000016760000,0x0000000016860000)]
  0x0000000015304800 JavaThread "Signal Dispatcher" daemon [_thread_blocked, id=848, stack(0x0000000016660000,0x0000000016760000)]
  0x00000000152ea000 JavaThread "Finalizer" daemon [_thread_blocked, id=7676, stack(0x0000000016560000,0x0000000016660000)]
  0x0000000002c1f000 JavaThread "Reference Handler" daemon [_thread_blocked, id=8112, stack(0x0000000016460000,0x0000000016560000)]
  0x0000000002b30800 JavaThread "main" [_thread_blocked, id=4716, stack(0x0000000002a30000,0x0000000002b30000)]

Other Threads:
  0x00000000152c8000 VMThread [stack: 0x0000000016360000,0x0000000016460000] [id=3328]
  0x0000000016b62800 WatcherThread [stack: 0x0000000017060000,0x0000000017160000] [id=4832]

VM state:not at safepoint (normal execution)

VM Mutex/Monitor currently owned by a thread: None

Heap:
 PSYoungGen      total 68096K, used 7898K [0x00000000eab00000, 0x00000000ef000000, 0x0000000100000000)
  eden space 65536K, 8% used [0x00000000eab00000,0x00000000eb03a510,0x00000000eeb00000)
  from space 2560K, 99% used [0x00000000eeb00000,0x00000000eed7c310,0x00000000eed80000)
  to   space 2560K, 0% used [0x00000000eed80000,0x00000000eed80000,0x00000000ef000000)
 ParOldGen       total 44032K, used 24222K [0x00000000c0000000, 0x00000000c2b00000, 0x00000000eab00000)
  object space 44032K, 55% used [0x00000000c0000000,0x00000000c17a7830,0x00000000c2b00000)
 Metaspace       used 6381K, capacity 7154K, committed 7296K, reserved 1056768K
  class space    used 601K, capacity 618K, committed 640K, reserved 1048576K

Card table byte_map: [0x0000000011ff0000,0x0000000012200000] byte_map_base: 0x00000000119f0000

Marking Bits: (ParMarkBitMap*) 0x0000000071e72f70
 Begin Bits: [0x0000000012760000, 0x0000000013760000)
 End Bits:   [0x0000000013760000, 0x0000000014760000)

Polling page: 0x0000000000eb0000

CodeCache: size=245760Kb used=8983Kb max_used=8995Kb free=236776Kb
 bounds [0x0000000002c30000, 0x0000000003510000, 0x0000000011c30000]
 total_blobs=2232 nmethods=1962 adapters=182
 compilation: enabled

Compilation events (10 events):
Event: 14.817 Thread 0x00000000152f7800 2006 %     4       com.android.dx.ssa.SsaConverter::placePhiFunctions @ 229 (394 bytes)
Event: 14.939 Thread 0x00000000152f7800 nmethod 2006% 0x0000000003501650 code [0x00000000035018c0, 0x00000000035038c8]
Event: 14.953 Thread 0x0000000015307800 2007       4       com.android.dx.ssa.SsaConverter::placePhiFunctions (394 bytes)
Event: 14.953 Thread 0x00000000152f7800 2008       4       com.android.dx.rop.cst.Constant::compareTo (33 bytes)
Event: 14.954 Thread 0x0000000015302000 2009       3       com.android.dx.rop.code.Rops::opGetStatic (97 bytes)
Event: 14.955 Thread 0x00000000152f7800 nmethod 2008 0x00000000034ae1d0 code [0x00000000034ae320, 0x00000000034ae4f8]
Event: 14.956 Thread 0x0000000015302000 nmethod 2009 0x00000000034ae690 code [0x00000000034ae8c0, 0x00000000034af538]
Event: 14.958 Thread 0x00000000152f7800 2010       4       com.android.dx.ssa.SsaMethod::convertRopToSsaBlocks (103 bytes)
Event: 14.972 Thread 0x0000000015302000 2020       1       com.android.dx.ssa.PhiInsn::canThrow (2 bytes)
Event: 14.972 Thread 0x0000000015302000 nmethod 2020 0x00000000034e3fd0 code [0x00000000034e4120, 0x00000000034e4230]

GC Heap History (10 events):
Event: 1.172 GC heap before
{Heap before GC invocations=1 (full 0):
 PSYoungGen      total 18944K, used 16384K [0x00000000eab00000, 0x00000000ec000000, 0x0000000100000000)
  eden space 16384K, 100% used [0x00000000eab00000,0x00000000ebb00000,0x00000000ebb00000)
  from space 2560K, 0% used [0x00000000ebd80000,0x00000000ebd80000,0x00000000ec000000)
  to   space 2560K, 0% used [0x00000000ebb00000,0x00000000ebb00000,0x00000000ebd80000)
 ParOldGen       total 44032K, used 0K [0x00000000c0000000, 0x00000000c2b00000, 0x00000000eab00000)
  object space 44032K, 0% used [0x00000000c0000000,0x00000000c0000000,0x00000000c2b00000)
 Metaspace       used 5502K, capacity 6448K, committed 6528K, reserved 1056768K
  class space    used 594K, capacity 616K, committed 640K, reserved 1048576K
Event: 1.384 GC heap after
Heap after GC invocations=1 (full 0):
 PSYoungGen      total 18944K, used 2536K [0x00000000eab00000, 0x00000000ed000000, 0x0000000100000000)
  eden space 16384K, 0% used [0x00000000eab00000,0x00000000eab00000,0x00000000ebb00000)
  from space 2560K, 99% used [0x00000000ebb00000,0x00000000ebd7a078,0x00000000ebd80000)
  to   space 2560K, 0% used [0x00000000ecd80000,0x00000000ecd80000,0x00000000ed000000)
 ParOldGen       total 44032K, used 907K [0x00000000c0000000, 0x00000000c2b00000, 0x00000000eab00000)
  object space 44032K, 2% used [0x00000000c0000000,0x00000000c00e2f98,0x00000000c2b00000)
 Metaspace       used 5502K, capacity 6448K, committed 6528K, reserved 1056768K
  class space    used 594K, capacity 616K, committed 640K, reserved 1048576K
}
Event: 2.685 GC heap before
{Heap before GC invocations=2 (full 0):
 PSYoungGen      total 18944K, used 18920K [0x00000000eab00000, 0x00000000ed000000, 0x0000000100000000)
  eden space 16384K, 100% used [0x00000000eab00000,0x00000000ebb00000,0x00000000ebb00000)
  from space 2560K, 99% used [0x00000000ebb00000,0x00000000ebd7a078,0x00000000ebd80000)
  to   space 2560K, 0% used [0x00000000ecd80000,0x00000000ecd80000,0x00000000ed000000)
 ParOldGen       total 44032K, used 907K [0x00000000c0000000, 0x00000000c2b00000, 0x00000000eab00000)
  object space 44032K, 2% used [0x00000000c0000000,0x00000000c00e2f98,0x00000000c2b00000)
 Metaspace       used 5983K, capacity 6896K, committed 7040K, reserved 1056768K
  class space    used 598K, capacity 616K, committed 640K, reserved 1048576K
Event: 2.693 GC heap after
Heap after GC invocations=2 (full 0):
 PSYoungGen      total 35328K, used 2554K [0x00000000eab00000, 0x00000000ed000000, 0x0000000100000000)
  eden space 32768K, 0% used [0x00000000eab00000,0x00000000eab00000,0x00000000ecb00000)
  from space 2560K, 99% used [0x00000000ecd80000,0x00000000ecffeaa0,0x00000000ed000000)
  to   space 2560K, 0% used [0x00000000ecb00000,0x00000000ecb00000,0x00000000ecd80000)
 ParOldGen       total 44032K, used 2643K [0x00000000c0000000, 0x00000000c2b00000, 0x00000000eab00000)
  object space 44032K, 6% used [0x00000000c0000000,0x00000000c0294d68,0x00000000c2b00000)
 Metaspace       used 5983K, capacity 6896K, committed 7040K, reserved 1056768K
  class space    used 598K, capacity 616K, committed 640K, reserved 1048576K
}
Event: 4.639 GC heap before
{Heap before GC invocations=3 (full 0):
 PSYoungGen      total 35328K, used 35322K [0x00000000eab00000, 0x00000000ed000000, 0x0000000100000000)
  eden space 32768K, 100% used [0x00000000eab00000,0x00000000ecb00000,0x00000000ecb00000)
  from space 2560K, 99% used [0x00000000ecd80000,0x00000000ecffeaa0,0x00000000ed000000)
  to   space 2560K, 0% used [0x00000000ecb00000,0x00000000ecb00000,0x00000000ecd80000)
 ParOldGen       total 44032K, used 2643K [0x00000000c0000000, 0x00000000c2b00000, 0x00000000eab00000)
  object space 44032K, 6% used [0x00000000c0000000,0x00000000c0294d68,0x00000000c2b00000)
 Metaspace       used 6191K, capacity 7090K, committed 7296K, reserved 1056768K
  class space    used 599K, capacity 618K, committed 640K, reserved 1048576K
Event: 5.597 GC heap after
Heap after GC invocations=3 (full 0):
 PSYoungGen      total 35328K, used 2528K [0x00000000eab00000, 0x00000000ef000000, 0x0000000100000000)
  eden space 32768K, 0% used [0x00000000eab00000,0x00000000eab00000,0x00000000ecb00000)
  from space 2560K, 98% used [0x00000000ecb00000,0x00000000ecd78068,0x00000000ecd80000)
  to   space 2560K, 0% used [0x00000000eed80000,0x00000000eed80000,0x00000000ef000000)
 ParOldGen       total 44032K, used 8348K [0x00000000c0000000, 0x00000000c2b00000, 0x00000000eab00000)
  object space 44032K, 18% used [0x00000000c0000000,0x00000000c0827260,0x00000000c2b00000)
 Metaspace       used 6191K, capacity 7090K, committed 7296K, reserved 1056768K
  class space    used 599K, capacity 618K, committed 640K, reserved 1048576K
}
Event: 6.762 GC heap before
{Heap before GC invocations=4 (full 0):
 PSYoungGen      total 35328K, used 35296K [0x00000000eab00000, 0x00000000ef000000, 0x0000000100000000)
  eden space 32768K, 100% used [0x00000000eab00000,0x00000000ecb00000,0x00000000ecb00000)
  from space 2560K, 98% used [0x00000000ecb00000,0x00000000ecd78068,0x00000000ecd80000)
  to   space 2560K, 0% used [0x00000000eed80000,0x00000000eed80000,0x00000000ef000000)
 ParOldGen       total 44032K, used 8348K [0x00000000c0000000, 0x00000000c2b00000, 0x00000000eab00000)
  object space 44032K, 18% used [0x00000000c0000000,0x00000000c0827260,0x00000000c2b00000)
 Metaspace       used 6256K, capacity 7090K, committed 7296K, reserved 1056768K
  class space    used 600K, capacity 618K, committed 640K, reserved 1048576K
Event: 7.231 GC heap after
Heap after GC invocations=4 (full 0):
 PSYoungGen      total 68096K, used 2535K [0x00000000eab00000, 0x00000000ef000000, 0x0000000100000000)
  eden space 65536K, 0% used [0x00000000eab00000,0x00000000eab00000,0x00000000eeb00000)
  from space 2560K, 99% used [0x00000000eed80000,0x00000000eeff9c80,0x00000000ef000000)
  to   space 2560K, 0% used [0x00000000eeb00000,0x00000000eeb00000,0x00000000eed80000)
 ParOldGen       total 44032K, used 13819K [0x00000000c0000000, 0x00000000c2b00000, 0x00000000eab00000)
  object space 44032K, 31% used [0x00000000c0000000,0x00000000c0d7eee0,0x00000000c2b00000)
 Metaspace       used 6256K, capacity 7090K, committed 7296K, reserved 1056768K
  class space    used 600K, capacity 618K, committed 640K, reserved 1048576K
}
Event: 14.584 GC heap before
{Heap before GC invocations=5 (full 0):
 PSYoungGen      total 68096K, used 68071K [0x00000000eab00000, 0x00000000ef000000, 0x0000000100000000)
  eden space 65536K, 100% used [0x00000000eab00000,0x00000000eeb00000,0x00000000eeb00000)
  from space 2560K, 99% used [0x00000000eed80000,0x00000000eeff9c80,0x00000000ef000000)
  to   space 2560K, 0% used [0x00000000eeb00000,0x00000000eeb00000,0x00000000eed80000)
 ParOldGen       total 44032K, used 13819K [0x00000000c0000000, 0x00000000c2b00000, 0x00000000eab00000)
  object space 44032K, 31% used [0x00000000c0000000,0x00000000c0d7eee0,0x00000000c2b00000)
 Metaspace       used 6381K, capacity 7154K, committed 7296K, reserved 1056768K
  class space    used 601K, capacity 618K, committed 640K, reserved 1048576K
Event: 14.651 GC heap after
Heap after GC invocations=5 (full 0):
 PSYoungGen      total 68096K, used 2544K [0x00000000eab00000, 0x00000000ef000000, 0x0000000100000000)
  eden space 65536K, 0% used [0x00000000eab00000,0x00000000eab00000,0x00000000eeb00000)
  from space 2560K, 99% used [0x00000000eeb00000,0x00000000eed7c310,0x00000000eed80000)
  to   space 2560K, 0% used [0x00000000eed80000,0x00000000eed80000,0x00000000ef000000)
 ParOldGen       total 44032K, used 24222K [0x00000000c0000000, 0x00000000c2b00000, 0x00000000eab00000)
  object space 44032K, 55% used [0x00000000c0000000,0x00000000c17a7830,0x00000000c2b00000)
 Metaspace       used 6381K, capacity 7154K, committed 7296K, reserved 1056768K
  class space    used 601K, capacity 618K, committed 640K, reserved 1048576K
}

Deoptimization events (10 events):
Event: 5.627 Thread 0x0000000016dd5000 Uncommon trap: reason=bimorphic action=maybe_recompile pc=0x000000000315d3b4 method=com.android.dx.cf.code.BytecodeArray.parseInstruction(ILcom/android/dx/cf/code/BytecodeArray$Visitor;)I @ 2281
Event: 5.643 Thread 0x0000000002b30800 Uncommon trap: reason=unstable_if action=reinterpret pc=0x0000000003208834 method=com.android.dx.rop.code.LocalItem.compareHandlesNulls(Lcom/android/dx/rop/cst/CstString;Lcom/android/dx/rop/cst/CstString;)I @ 14
Event: 5.769 Thread 0x0000000016de2800 Uncommon trap: reason=unstable_if action=reinterpret pc=0x000000000307949c method=com.android.dx.rop.cst.Constant.compareTo(Lcom/android/dx/rop/cst/Constant;)I @ 12
Event: 5.769 Thread 0x0000000016de2800 Uncommon trap: reason=unstable_if action=reinterpret pc=0x0000000003245a70 method=com.android.dx.rop.code.RegisterSpecList.withFirst(Lcom/android/dx/rop/code/RegisterSpec;)Lcom/android/dx/rop/code/RegisterSpecList; @ 55
Event: 6.479 Thread 0x0000000016dd5000 Uncommon trap: reason=bimorphic action=maybe_recompile pc=0x00000000032f9570 method=com.android.dx.ssa.SCCP.simulatePhi(Lcom/android/dx/ssa/PhiInsn;)V @ 124
Event: 6.485 Thread 0x0000000016dd5000 Uncommon trap: reason=bimorphic action=maybe_recompile pc=0x00000000032f9570 method=com.android.dx.ssa.SCCP.simulatePhi(Lcom/android/dx/ssa/PhiInsn;)V @ 124
Event: 7.588 Thread 0x0000000016de1800 Uncommon trap: reason=unstable_if action=reinterpret pc=0x0000000003361bf0 method=com.android.dx.rop.code.LocalItem.compareHandlesNulls(Lcom/android/dx/rop/cst/CstString;Lcom/android/dx/rop/cst/CstString;)I @ 8
Event: 8.783 Thread 0x0000000016de2800 Uncommon trap: reason=unstable_if action=reinterpret pc=0x000000000322926c method=com.android.dx.rop.code.RegisterSpecSet.localItemToSpec(Lcom/android/dx/rop/code/LocalItem;)Lcom/android/dx/rop/code/RegisterSpec; @ 35
Event: 9.183 Thread 0x0000000016de1800 Uncommon trap: reason=uninitialized action=reinterpret pc=0x000000000315dc78 method=com.android.dx.cf.code.BytecodeArray.parseInstruction(ILcom/android/dx/cf/code/BytecodeArray$Visitor;)I @ 1031
Event: 9.413 Thread 0x0000000016e1d000 Uncommon trap: reason=bimorphic action=maybe_recompile pc=0x00000000033c8594 method=com.android.dx.cf.code.RopperMachine.run(Lcom/android/dx/cf/code/Frame;II)V @ 988

Internal exceptions (5 events):
Event: 0.071 Thread 0x0000000002b30800 Exception <a 'java/lang/NoSuchMethodError': Method sun.misc.Unsafe.defineClass(Ljava/lang/String;[BII)Ljava/lang/Class; name or signature does not match> (0x00000000eab07cc0) thrown at [C:\re\workspace\8-2-build-windows-amd64-cygwin\jdk8u91\7017\hotspot\sr³ÁWô:²?
Event: 0.071 Thread 0x0000000002b30800 Exception <a 'java/lang/NoSuchMethodError': Method sun.misc.Unsafe.prefetchRead(Ljava/lang/Object;J)V name or signature does not match> (0x00000000eab07fa8) thrown at [C:\re\workspace\8-2-build-windows-amd64-cygwin\jdk8u91\7017\hotspot\src\share\vm\prims\jRŠd¤¿@
Event: 3.593 Thread 0x0000000016de1800 Implicit null exception at 0x00000000031935a0 to 0x00000000031945b1
Event: 5.643 Thread 0x0000000002b30800 Implicit null exception at 0x00000000032076d7 to 0x0000000003208809
Event: 7.588 Thread 0x0000000016de1800 Implicit null exception at 0x0000000003360662 to 0x0000000003361bc1

Events (10 events):
Event: 9.413 Thread 0x0000000016e1d000 DEOPT PACKING pc=0x00000000033c8594 sp=0x000000001725e270
Event: 9.413 Thread 0x0000000016e1d000 DEOPT UNPACKING pc=0x0000000002c7582a sp=0x000000001725e238 mode 2
Event: 9.441 Thread 0x0000000002b30800 DEOPT PACKING pc=0x0000000003397538 sp=0x0000000002b2e590
Event: 9.441 Thread 0x0000000002b30800 DEOPT UNPACKING pc=0x0000000002c7787f sp=0x0000000002b2e368 mode 0
Event: 12.587 loading class com/android/dx/cf/iface/ParseObserver
Event: 12.587 loading class com/android/dx/cf/iface/ParseObserver done
Event: 14.584 Executing VM operation: ParallelGCFailedAllocation
Event: 14.651 Executing VM operation: ParallelGCFailedAllocation done
Event: 14.953 Thread 0x0000000016de2800 DEOPT PACKING pc=0x00000000030cb6b0 sp=0x000000001765e7f0
Event: 14.953 Thread 0x0000000016de2800 DEOPT UNPACKING pc=0x0000000002c7787f sp=0x000000001765e620 mode 0


Dynamic libraries:
0x00007ff64fa10000 - 0x00007ff64fa47000 	C:\Program Files\Java\jdk1.8.0_91\bin\java.exe
0x00007ffa64940000 - 0x00007ffa64b02000 	C:\Windows\SYSTEM32\ntdll.dll
0x00007ffa62210000 - 0x00007ffa622bd000 	C:\Windows\system32\KERNEL32.DLL
0x00007ffa61410000 - 0x00007ffa615ed000 	C:\Windows\system32\KERNELBASE.dll
0x00007ffa62010000 - 0x00007ffa620b6000 	C:\Windows\system32\ADVAPI32.dll
0x00007ffa64230000 - 0x00007ffa642cd000 	C:\Windows\system32\msvcrt.dll
0x00007ffa64050000 - 0x00007ffa640ab000 	C:\Windows\system32\sechost.dll
0x00007ffa646c0000 - 0x00007ffa647e6000 	C:\Windows\system32\RPCRT4.dll
0x00007ffa640c0000 - 0x00007ffa6420e000 	C:\Windows\system32\USER32.dll
0x00007ffa625f0000 - 0x00007ffa62775000 	C:\Windows\system32\GDI32.dll
0x00007ffa55fd0000 - 0x00007ffa56244000 	C:\Windows\WinSxS\amd64_microsoft.windows.common-controls_6595b64144ccf1df_6.0.10240.16384_none_f41f7b285750ef43\COMCTL32.dll
0x00007ffa623e0000 - 0x00007ffa62416000 	C:\Windows\system32\IMM32.DLL
0x00007ffa642d0000 - 0x00007ffa6442c000 	C:\Windows\system32\MSCTF.dll
0x00000000711e0000 - 0x00000000712b2000 	C:\Program Files\Java\jdk1.8.0_91\jre\bin\msvcr100.dll
0x0000000071660000 - 0x0000000071ef3000 	C:\Program Files\Java\jdk1.8.0_91\jre\bin\server\jvm.dll
0x00007ffa62990000 - 0x00007ffa62998000 	C:\Windows\system32\PSAPI.DLL
0x00007ffa58420000 - 0x00007ffa58429000 	C:\Windows\SYSTEM32\WSOCK32.dll
0x00007ffa52ec0000 - 0x00007ffa52ee3000 	C:\Windows\SYSTEM32\WINMM.dll
0x00007ffa58750000 - 0x00007ffa5875a000 	C:\Windows\SYSTEM32\VERSION.dll
0x00007ffa648d0000 - 0x00007ffa64939000 	C:\Windows\system32\WS2_32.dll
0x00007ffa640b0000 - 0x00007ffa640b8000 	C:\Windows\system32\NSI.dll
0x0000000000e60000 - 0x0000000000e8c000 	C:\Windows\SYSTEM32\WINMMBASE.dll
0x00007ffa616a0000 - 0x00007ffa616e4000 	C:\Windows\system32\cfgmgr32.dll
0x00007ffa5fce0000 - 0x00007ffa5fd07000 	C:\Windows\SYSTEM32\DEVOBJ.dll
0x0000000071650000 - 0x000000007165f000 	C:\Program Files\Java\jdk1.8.0_91\jre\bin\verify.dll
0x0000000071620000 - 0x0000000071649000 	C:\Program Files\Java\jdk1.8.0_91\jre\bin\java.dll
0x0000000071600000 - 0x0000000071616000 	C:\Program Files\Java\jdk1.8.0_91\jre\bin\zip.dll
0x00007ffa629a0000 - 0x00007ffa63ec5000 	C:\Windows\system32\SHELL32.dll
0x00007ffa619e0000 - 0x00007ffa62008000 	C:\Windows\system32\windows.storage.dll
0x00007ffa64440000 - 0x00007ffa646bc000 	C:\Windows\system32\combase.dll
0x00007ffa63f80000 - 0x00007ffa63fd1000 	C:\Windows\system32\shlwapi.dll
0x00007ffa61400000 - 0x00007ffa6140f000 	C:\Windows\system32\kernel.appcore.dll
0x00007ffa618c0000 - 0x00007ffa61973000 	C:\Windows\system32\shcore.dll
0x00007ffa613b0000 - 0x00007ffa613fa000 	C:\Windows\system32\powrprof.dll
0x00007ffa61390000 - 0x00007ffa613a3000 	C:\Windows\system32\profapi.dll

VM Arguments:
jvm_args: -Djava.awt.headless=true -Xmx1024M -Dfile.encoding=windows-1252 -Duser.country=US -Duser.language=en -Duser.variant 
java_command: com.android.dx.command.Main --dex --force-jumbo --num-threads=4 --output C:\Users\naveen\AndroidStudioProjects\ToDoApp\ToDoApp\app\build\intermediates\pre-dexed\debug\firebase-client-jvm-2.3.1_d6f82be67468e592125e582fe6bccd959442fa1d.jar C:\Users\naveen\.gradle\caches\modules-2\files-2.1\com.firebase\firebase-client-jvm\2.3.1\4d53b7d6983247af02b8fe7e4228fff555a5e828\firebase-client-jvm-2.3.1.jar
java_class_path (initial): C:\Users\naveen\AppData\Local\Android\sdk\build-tools\24.0.0\lib\dx.jar
Launcher Type: SUN_STANDARD

Environment Variables:
PATH=C:\Windows\system32;C:\Windows;C:\Windows\System32\Wbem;C:\Windows\System32\WindowsPowerShell\v1.0\;C:\Program Files (x86)\Skype\Phone\;C:\Program Files\Java\jdk1.8.0_91\bin
USERNAME=naveen
OS=Windows_NT
PROCESSOR_IDENTIFIER=Intel64 Family 6 Model 42 Stepping 7, GenuineIntel



---------------  S Y S T E M  ---------------

OS: Windows 10.0 , 64 bit Build 10240 (10.0.10240.16384)

CPU:total 4 (2 cores per cpu, 2 threads per core) family 6 model 42 stepping 7, cmov, cx8, fxsr, mmx, sse, sse2, sse3, ssse3, sse4.1, sse4.2, popcnt, avx, clmul, ht, tsc, tscinvbit

Memory: 4k page, physical 4100564k(130568k free), swap 9859860k(580k free)

vm_info: Java HotSpot(TM) 64-Bit Server VM (25.91-b15) for windows-amd64 JRE (1.8.0_91-b15), built on May 20 2016 17:43:15 by "java_re" with MS VC++ 10.0 (VS2010)

time: Mon Jun 27 12:42:14 2016
elapsed time: 14 seconds (0d 0h 0m 14s)

