#
# There is insufficient memory for the Java Runtime Environment to continue.
# Native memory allocation (malloc) failed to allocate 32744 bytes for ChunkPool::allocate
# Possible reasons:
#   The system is out of physical RAM or swap space
#   In 32 bit mode, the process size limit was hit
# Possible solutions:
#   Reduce memory load on the system
#   Increase physical memory or swap space
#   Check if swap backing store is full
#   Use 64 bit Java on a 64 bit OS
#   Decrease Java heap size (-Xmx/-Xms)
#   Decrease number of Java threads
#   Decrease Java thread stack sizes (-Xss)
#   Set larger code cache with -XX:ReservedCodeCacheSize=
# This output file may be truncated or incomplete.
#
#  Out of Memory Error (allocation.cpp:273), pid=5648, tid=3876
#
# JRE version: Java(TM) SE Runtime Environment (8.0_91-b15) (build 1.8.0_91-b15)
# Java VM: Java HotSpot(TM) 64-Bit Server VM (25.91-b15 mixed mode windows-amd64 compressed oops)
# Failed to write core dump. Minidumps are not enabled by default on client versions of Windows
#

---------------  T H R E A D  ---------------

Current thread (0x0000000002cd0800):  JavaThread "main" [_thread_in_vm, id=3876, stack(0x0000000002af0000,0x0000000002bf0000)]

Stack: [0x0000000002af0000,0x0000000002bf0000]
[error occurred during error reporting (printing stack bounds), id 0xc0000005]

Native frames: (J=compiled Java code, j=interpreted, Vv=VM code, C=native code)

Java frames: (J=compiled Java code, j=interpreted, Vv=VM code)
j  java.lang.ClassLoader.defineClass1(Ljava/lang/String;[BIILjava/security/ProtectionDomain;Ljava/lang/String;)Ljava/lang/Class;+0
j  java.lang.ClassLoader.defineClass(Ljava/lang/String;[BIILjava/security/ProtectionDomain;)Ljava/lang/Class;+27
j  java.security.SecureClassLoader.defineClass(Ljava/lang/String;[BIILjava/security/CodeSource;)Ljava/lang/Class;+12
j  java.net.URLClassLoader.defineClass(Ljava/lang/String;Lsun/misc/Resource;)Ljava/lang/Class;+138
j  java.net.URLClassLoader.access$100(Ljava/net/URLClassLoader;Ljava/lang/String;Lsun/misc/Resource;)Ljava/lang/Class;+3
j  java.net.URLClassLoader$1.run()Ljava/lang/Class;+43
j  java.net.URLClassLoader$1.run()Ljava/lang/Object;+1
v  ~StubRoutines::call_stub
j  java.security.AccessController.doPrivileged(Ljava/security/PrivilegedExceptionAction;Ljava/security/AccessControlContext;)Ljava/lang/Object;+0
j  java.net.URLClassLoader.findClass(Ljava/lang/String;)Ljava/lang/Class;+13
j  java.lang.ClassLoader.loadClass(Ljava/lang/String;Z)Ljava/lang/Class;+70
j  sun.misc.Launcher$AppClassLoader.loadClass(Ljava/lang/String;Z)Ljava/lang/Class;+81
j  java.lang.ClassLoader.loadClass(Ljava/lang/String;)Ljava/lang/Class;+3
v  ~StubRoutines::call_stub
j  java.lang.ClassLoader.defineClass1(Ljava/lang/String;[BIILjava/security/ProtectionDomain;Ljava/lang/String;)Ljava/lang/Class;+0
j  java.lang.ClassLoader.defineClass(Ljava/lang/String;[BIILjava/security/ProtectionDomain;)Ljava/lang/Class;+27
j  java.security.SecureClassLoader.defineClass(Ljava/lang/String;[BIILjava/security/CodeSource;)Ljava/lang/Class;+12
j  java.net.URLClassLoader.defineClass(Ljava/lang/String;Lsun/misc/Resource;)Ljava/lang/Class;+138
j  java.net.URLClassLoader.access$100(Ljava/net/URLClassLoader;Ljava/lang/String;Lsun/misc/Resource;)Ljava/lang/Class;+3
j  java.net.URLClassLoader$1.run()Ljava/lang/Class;+43
j  java.net.URLClassLoader$1.run()Ljava/lang/Object;+1
v  ~StubRoutines::call_stub
j  java.security.AccessController.doPrivileged(Ljava/security/PrivilegedExceptionAction;Ljava/security/AccessControlContext;)Ljava/lang/Object;+0
j  java.net.URLClassLoader.findClass(Ljava/lang/String;)Ljava/lang/Class;+13
j  java.lang.ClassLoader.loadClass(Ljava/lang/String;Z)Ljava/lang/Class;+70
j  sun.misc.Launcher$AppClassLoader.loadClass(Ljava/lang/String;Z)Ljava/lang/Class;+81
j  java.lang.ClassLoader.loadClass(Ljava/lang/String;)Ljava/lang/Class;+3
v  ~StubRoutines::call_stub
j  com.android.dx.dex.file.HeaderSection.<init>(Lcom/android/dx/dex/file/DexFile;)V+7
j  com.android.dx.dex.file.DexFile.<init>(Lcom/android/dx/dex/DexOptions;)V+15
j  com.android.dx.command.dexer.Main.createDexFile()V+10
j  com.android.dx.command.dexer.Main.processAllFiles()Z+0
j  com.android.dx.command.dexer.Main.runMultiDex()I+66
j  com.android.dx.command.dexer.Main.run(Lcom/android/dx/command/dexer/Main$Arguments;)I+66
j  com.android.dx.command.dexer.Main.main([Ljava/lang/String;)V+14
j  com.android.dx.command.Main.main([Ljava/lang/String;)V+61
v  ~StubRoutines::call_stub

---------------  P R O C E S S  ---------------

Java Threads: ( => current thread )
  0x00000000154fb800 JavaThread "Service Thread" daemon [_thread_blocked, id=6008, stack(0x00000000171d0000,0x00000000172d0000)]
  0x00000000154a9000 JavaThread "C1 CompilerThread2" daemon [_thread_blocked, id=6064, stack(0x0000000016cd0000,0x0000000016dd0000)]
  0x00000000154a0000 JavaThread "C2 CompilerThread1" daemon [_thread_blocked, id=3748, stack(0x0000000016bd0000,0x0000000016cd0000)]
  0x000000001549d000 JavaThread "C2 CompilerThread0" daemon [_thread_blocked, id=4180, stack(0x0000000016ad0000,0x0000000016bd0000)]
  0x000000001549b000 JavaThread "Attach Listener" daemon [_thread_blocked, id=3124, stack(0x00000000169d0000,0x0000000016ad0000)]
  0x000000001549a000 JavaThread "Signal Dispatcher" daemon [_thread_blocked, id=1592, stack(0x00000000168d0000,0x00000000169d0000)]
  0x0000000002dc4800 JavaThread "Finalizer" daemon [_thread_blocked, id=5896, stack(0x00000000166f0000,0x00000000167f0000)]
  0x0000000002dbf000 JavaThread "Reference Handler" daemon [_thread_blocked, id=288, stack(0x00000000165f0000,0x00000000166f0000)]
=>0x0000000002cd0800 JavaThread "main" [_thread_in_vm, id=3876, stack(0x0000000002af0000,0x0000000002bf0000)]

Other Threads:
  0x0000000015468000 VMThread [stack: 0x00000000164f0000,0x00000000165f0000] [id=6256]
  0x00000000154fe800 WatcherThread [stack: 0x00000000172d0000,0x00000000173d0000] [id=5240]

VM state:not at safepoint (normal execution)

VM Mutex/Monitor currently owned by a thread: None

Heap:
 PSYoungGen      total 18944K, used 1641K [0x00000000eab00000, 0x00000000ec000000, 0x0000000100000000)
  eden space 16384K, 10% used [0x00000000eab00000,0x00000000eac9a748,0x00000000ebb00000)
  from space 2560K, 0% used [0x00000000ebd80000,0x00000000ebd80000,0x00000000ec000000)
  to   space 2560K, 0% used [0x00000000ebb00000,0x00000000ebb00000,0x00000000ebd80000)
 ParOldGen       total 44032K, used 0K [0x00000000c0000000, 0x00000000c2b00000, 0x00000000eab00000)
  object space 44032K, 0% used [0x00000000c0000000,0x00000000c0000000,0x00000000c2b00000)
 Metaspace       used 3134K, capacity 4656K, committed 4864K, reserved 1056768K
  class space    used 345K, capacity 424K, committed 512K, reserved 1048576K

Card table byte_map: [0x0000000012190000,0x00000000123a0000] byte_map_base: 0x0000000011b90000

Marking Bits: (ParMarkBitMap*) 0x00000000651b2f70
 Begin Bits: [0x0000000012900000, 0x0000000013900000)
 End Bits:   [0x0000000013900000, 0x0000000014900000)

Polling page: 0x00000000013a0000

CodeCache: size=245760Kb used=1179Kb max_used=1179Kb free=244580Kb
 bounds [0x0000000002dd0000, 0x0000000003040000, 0x0000000011dd0000]
 total_blobs=303 nmethods=64 adapters=152
 compilation: enabled

Compilation events (10 events):
Event: 0.518 Thread 0x00000000154a9000   53       3       java.lang.String::<init> (10 bytes)
Event: 0.518 Thread 0x00000000154a9000 nmethod 53 0x0000000002eeecd0 code [0x0000000002eeee20, 0x0000000002eeeff0]
Event: 0.518 Thread 0x00000000154a9000   54       3       java.util.HashMap::get (23 bytes)
Event: 0.519 Thread 0x00000000154a9000 nmethod 54 0x0000000002eef090 code [0x0000000002eef220, 0x0000000002eef618]
Event: 0.520 Thread 0x00000000154a9000   56       1       java.net.URL::getRef (5 bytes)
Event: 0.520 Thread 0x00000000154a9000 nmethod 56 0x0000000002eefb10 code [0x0000000002eefc60, 0x0000000002eefd70]
Event: 0.520 Thread 0x00000000154a9000   57       3       java.lang.String::replace (127 bytes)
Event: 0.521 Thread 0x00000000154a9000 nmethod 57 0x0000000002eefdd0 code [0x0000000002eeff80, 0x0000000002ef0630]
Event: 0.521 Thread 0x00000000154a9000   58  s!   3       sun.misc.URLClassPath::getLoader (197 bytes)
Event: 0.524 Thread 0x00000000154a9000 nmethod 58 0x0000000002ef0d90 code [0x0000000002ef1140, 0x0000000002ef3878]

GC Heap History (0 events):
No events

Deoptimization events (0 events):
No events

Internal exceptions (2 events):
Event: 0.341 Thread 0x0000000002cd0800 Exception <a 'java/lang/NoSuchMethodError': Method sun.misc.Unsafe.defineClass(Ljava/lang/String;[BII)Ljava/lang/Class; name or signature does not match> (0x00000000eab07cc0) thrown at [C:\re\workspace\8-2-build-windows-amd64-cygwin\jdk8u91\7017\hotspot\srÚ«ë‘’?
Event: 0.341 Thread 0x0000000002cd0800 Exception <a 'java/lang/NoSuchMethodError': Method sun.misc.Unsafe.prefetchRead(Ljava/lang/Object;J)V name or signature does not match> (0x00000000eab07fa8) thrown at [C:\re\workspace\8-2-build-windows-amd64-cygwin\jdk8u91\7017\hotspot\src\share\vm\prims\j

Events (10 events):
Event: 0.521 loading class java/security/DigestException
Event: 0.521 loading class java/security/DigestException done
Event: 0.522 loading class com/android/dx/dex/file/HeaderSection
Event: 0.522 loading class com/android/dx/dex/file/HeaderSection done
Event: 0.522 loading class com/android/dx/dex/file/UniformItemSection
Event: 0.522 loading class com/android/dx/dex/file/UniformItemSection done
Event: 0.523 loading class com/android/dx/dex/file/HeaderItem
Event: 0.523 loading class com/android/dx/dex/file/HeaderItem done
Event: 0.523 loading class com/android/dx/dex/file/IndexedItem
Event: 0.523 loading class com/android/dx/dex/file/IndexedItem done


Dynamic libraries:
0x00007ff615dd0000 - 0x00007ff615e07000 	C:\Program Files\Java\jdk1.8.0_91\bin\java.exe
0x00007ff8c0080000 - 0x00007ff8c0242000 	C:\Windows\SYSTEM32\ntdll.dll
0x00007ff8be010000 - 0x00007ff8be0bd000 	C:\Windows\system32\KERNEL32.DLL
0x00007ff8bd180000 - 0x00007ff8bd35d000 	C:\Windows\system32\KERNELBASE.dll
0x00007ff8bd8a0000 - 0x00007ff8bd946000 	C:\Windows\system32\ADVAPI32.dll
0x00007ff8be630000 - 0x00007ff8be6cd000 	C:\Windows\system32\msvcrt.dll
0x00007ff8bdcd0000 - 0x00007ff8bdd2b000 	C:\Windows\system32\sechost.dll
0x00007ff8be500000 - 0x00007ff8be626000 	C:\Windows\system32\RPCRT4.dll
0x00007ff8bd750000 - 0x00007ff8bd89e000 	C:\Windows\system32\USER32.dll
0x00007ff8bfee0000 - 0x00007ff8c0065000 	C:\Windows\system32\GDI32.dll
0x00007ff8afc20000 - 0x00007ff8afe94000 	C:\Windows\WinSxS\amd64_microsoft.windows.common-controls_6595b64144ccf1df_6.0.10240.16384_none_f41f7b285750ef43\COMCTL32.dll
0x00007ff8bdd30000 - 0x00007ff8bdd66000 	C:\Windows\system32\IMM32.DLL
0x00007ff8bde40000 - 0x00007ff8bdf9c000 	C:\Windows\system32\MSCTF.dll
0x0000000064520000 - 0x00000000645f2000 	C:\Program Files\Java\jdk1.8.0_91\jre\bin\msvcr100.dll
0x00000000649a0000 - 0x0000000065233000 	C:\Program Files\Java\jdk1.8.0_91\jre\bin\server\jvm.dll
0x00007ff8c0070000 - 0x00007ff8c0078000 	C:\Windows\system32\PSAPI.DLL
0x00007ff8bacc0000 - 0x00007ff8bacc9000 	C:\Windows\SYSTEM32\WSOCK32.dll
0x00007ff8be230000 - 0x00007ff8be299000 	C:\Windows\system32\WS2_32.dll
0x00007ff8be350000 - 0x00007ff8be358000 	C:\Windows\system32\NSI.dll
0x00007ff8ae920000 - 0x00007ff8ae943000 	C:\Windows\SYSTEM32\WINMM.dll
0x00007ff8b3440000 - 0x00007ff8b344a000 	C:\Windows\SYSTEM32\VERSION.dll
0x00007ff8ae8f0000 - 0x00007ff8ae91c000 	C:\Windows\SYSTEM32\WINMMBASE.dll
0x00007ff8bd530000 - 0x00007ff8bd574000 	C:\Windows\system32\cfgmgr32.dll
0x00007ff8bb420000 - 0x00007ff8bb447000 	C:\Windows\SYSTEM32\DEVOBJ.dll
0x0000000064990000 - 0x000000006499f000 	C:\Program Files\Java\jdk1.8.0_91\jre\bin\verify.dll
0x0000000064960000 - 0x0000000064989000 	C:\Program Files\Java\jdk1.8.0_91\jre\bin\java.dll
0x0000000064940000 - 0x0000000064956000 	C:\Program Files\Java\jdk1.8.0_91\jre\bin\zip.dll
0x00007ff8be730000 - 0x00007ff8bfc55000 	C:\Windows\system32\SHELL32.dll
0x00007ff8bcb50000 - 0x00007ff8bd178000 	C:\Windows\system32\windows.storage.dll
0x00007ff8bfc60000 - 0x00007ff8bfedc000 	C:\Windows\system32\combase.dll
0x00007ff8be3c0000 - 0x00007ff8be411000 	C:\Windows\system32\shlwapi.dll
0x00007ff8bcb20000 - 0x00007ff8bcb2f000 	C:\Windows\system32\kernel.appcore.dll
0x00007ff8bd580000 - 0x00007ff8bd633000 	C:\Windows\system32\shcore.dll
0x00007ff8bcad0000 - 0x00007ff8bcb1a000 	C:\Windows\system32\powrprof.dll
0x00007ff8bcab0000 - 0x00007ff8bcac3000 	C:\Windows\system32\profapi.dll

VM Arguments:
jvm_args: -Djava.awt.headless=true -Xmx1024M -Dfile.encoding=windows-1252 -Duser.country=US -Duser.language=en -Duser.variant 
java_command: com.android.dx.command.Main --dex --force-jumbo --num-threads=4 --multi-dex --output C:\Users\naveen\AndroidStudioProjects\ToDoApp\ToDoApp\app\build\intermediates\transforms\dex\debug\folders\1000\5\slice_3 C:\Users\naveen\AndroidStudioProjects\ToDoApp\ToDoApp\app\build\intermediates\transforms\instantRunSlicer\debug\folders\1\5\slice_3
java_class_path (initial): C:\Users\naveen\AppData\Local\Android\sdk\build-tools\24.0.0\lib\dx.jar
Launcher Type: SUN_STANDARD

Environment Variables:
PATH=C:\Windows\system32;C:\Windows;C:\Windows\System32\Wbem;C:\Windows\System32\WindowsPowerShell\v1.0\;C:\Program Files (x86)\Skype\Phone\;C:\Program Files\Java\jdk1.8.0_91\bin
USERNAME=naveen
OS=Windows_NT
PROCESSOR_IDENTIFIER=Intel64 Family 6 Model 42 Stepping 7, GenuineIntel



---------------  S Y S T E M  ---------------

OS: Windows 10.0 , 64 bit Build 10240 (10.0.10240.16384)

CPU:total 4 (2 cores per cpu, 2 threads per core) family 6 model 42 stepping 7, cmov, cx8, fxsr, mmx, sse, sse2, sse3, ssse3, sse4.1, sse4.2, popcnt, avx, clmul, ht, tsc, tscinvbit

Memory: 4k page, physical 4100564k(142116k free), swap 9859860k(3356k free)

vm_info: Java HotSpot(TM) 64-Bit Server VM (25.91-b15) for windows-amd64 JRE (1.8.0_91-b15), built on May 20 2016 17:43:15 by "java_re" with MS VC++ 10.0 (VS2010)

time: Wed Jun 29 11:35:56 2016
elapsed time: 0 seconds (0d 0h 0m 0s)

