#
# There is insufficient memory for the Java Runtime Environment to continue.
# Native memory allocation (malloc) failed to allocate 941376 bytes for Chunk::new
# Possible reasons:
#   The system is out of physical RAM or swap space
#   In 32 bit mode, the process size limit was hit
# Possible solutions:
#   Reduce memory load on the system
#   Increase physical memory or swap space
#   Check if swap backing store is full
#   Use 64 bit Java on a 64 bit OS
#   Decrease Java heap size (-Xmx/-Xms)
#   Decrease number of Java threads
#   Decrease Java thread stack sizes (-Xss)
#   Set larger code cache with -XX:ReservedCodeCacheSize=
# This output file may be truncated or incomplete.
#
#  Out of Memory Error (allocation.cpp:390), pid=3664, tid=5596
#
# JRE version: Java(TM) SE Runtime Environment (8.0_91-b15) (build 1.8.0_91-b15)
# Java VM: Java HotSpot(TM) 64-Bit Server VM (25.91-b15 mixed mode windows-amd64 compressed oops)
# Failed to write core dump. Minidumps are not enabled by default on client versions of Windows
#

---------------  T H R E A D  ---------------

Current thread (0x0000000015008800):  JavaThread "C2 CompilerThread1" daemon [_thread_in_native, id=5596, stack(0x0000000016700000,0x0000000016800000)]

Stack: [0x0000000016700000,0x0000000016800000]
[error occurred during error reporting (printing stack bounds), id 0xc0000005]

Native frames: (J=compiled Java code, j=interpreted, Vv=VM code, C=native code)


Current CompileTask:
C2:   9792 1572       4       com.android.dx.ssa.SCCP::simulateBranch (666 bytes)


---------------  P R O C E S S  ---------------

Java Threads: ( => current thread )
  0x0000000016b9f800 JavaThread "pool-1-thread-4" [_thread_blocked, id=6556, stack(0x0000000017300000,0x0000000017400000)]
  0x0000000016b9e800 JavaThread "pool-1-thread-3" [_thread_in_Java, id=2436, stack(0x0000000017200000,0x0000000017300000)]
  0x0000000016b9c000 JavaThread "pool-1-thread-2" [_thread_blocked, id=2576, stack(0x0000000017100000,0x0000000017200000)]
  0x0000000016b99000 JavaThread "pool-2-thread-1" [_thread_blocked, id=5232, stack(0x0000000017000000,0x0000000017100000)]
  0x0000000016b96800 JavaThread "pool-1-thread-1" [_thread_in_Java, id=4132, stack(0x0000000016f00000,0x0000000017000000)]
  0x0000000016903800 JavaThread "Service Thread" daemon [_thread_blocked, id=632, stack(0x0000000016d00000,0x0000000016e00000)]
  0x000000001500d800 JavaThread "C1 CompilerThread2" daemon [_thread_blocked, id=5904, stack(0x0000000016800000,0x0000000016900000)]
=>0x0000000015008800 JavaThread "C2 CompilerThread1" daemon [_thread_in_native, id=5596, stack(0x0000000016700000,0x0000000016800000)]
  0x0000000014fac000 JavaThread "C2 CompilerThread0" daemon [_thread_in_native, id=1144, stack(0x0000000016600000,0x0000000016700000)]
  0x0000000014faa000 JavaThread "Attach Listener" daemon [_thread_blocked, id=6304, stack(0x0000000016500000,0x0000000016600000)]
  0x0000000014fa9000 JavaThread "Signal Dispatcher" daemon [_thread_blocked, id=4424, stack(0x0000000016400000,0x0000000016500000)]
  0x0000000014f9a800 JavaThread "Finalizer" daemon [_thread_blocked, id=7268, stack(0x0000000016220000,0x0000000016320000)]
  0x00000000028cf000 JavaThread "Reference Handler" daemon [_thread_blocked, id=2664, stack(0x0000000016120000,0x0000000016220000)]
  0x00000000027e0800 JavaThread "main" [_thread_in_Java, id=3868, stack(0x00000000025a0000,0x00000000026a0000)]

Other Threads:
  0x0000000014f78000 VMThread [stack: 0x0000000016020000,0x0000000016120000] [id=7200]
  0x0000000016919800 WatcherThread [stack: 0x0000000016e00000,0x0000000016f00000] [id=5152]

VM state:not at safepoint (normal execution)

VM Mutex/Monitor currently owned by a thread: None

Heap:
 PSYoungGen      total 35328K, used 16468K [0x00000000eab00000, 0x00000000ef000000, 0x0000000100000000)
  eden space 32768K, 42% used [0x00000000eab00000,0x00000000eb89d020,0x00000000ecb00000)
  from space 2560K, 98% used [0x00000000ecb00000,0x00000000ecd78028,0x00000000ecd80000)
  to   space 2560K, 0% used [0x00000000eed80000,0x00000000eed80000,0x00000000ef000000)
 ParOldGen       total 44032K, used 8714K [0x00000000c0000000, 0x00000000c2b00000, 0x00000000eab00000)
  object space 44032K, 19% used [0x00000000c0000000,0x00000000c0882be8,0x00000000c2b00000)
 Metaspace       used 6236K, capacity 7090K, committed 7296K, reserved 1056768K
  class space    used 601K, capacity 618K, committed 640K, reserved 1048576K

Card table byte_map: [0x0000000011ca0000,0x0000000011eb0000] byte_map_base: 0x00000000116a0000

Marking Bits: (ParMarkBitMap*) 0x0000000071e72f70
 Begin Bits: [0x0000000012410000, 0x0000000013410000)
 End Bits:   [0x0000000013410000, 0x0000000014410000)

Polling page: 0x0000000002500000

CodeCache: size=245760Kb used=7082Kb max_used=7082Kb free=238677Kb
 bounds [0x00000000028e0000, 0x0000000002fe0000, 0x00000000118e0000]
 total_blobs=1899 nmethods=1630 adapters=181
 compilation: enabled

Compilation events (10 events):
Event: 9.774 Thread 0x000000001500d800 1631       3       java.lang.Boolean::valueOf (14 bytes)
Event: 9.775 Thread 0x000000001500d800 nmethod 1631 0x0000000002fcdb90 code [0x0000000002fcdce0, 0x0000000002fcde70]
Event: 9.782 Thread 0x000000001500d800 1632       1       com.android.dx.dex.file.OffsettedItem::getAlignment (5 bytes)
Event: 9.782 Thread 0x000000001500d800 nmethod 1632 0x0000000002fcded0 code [0x0000000002fce020, 0x0000000002fce130]
Event: 9.783 Thread 0x000000001500d800 1633       3       com.android.dx.command.dexer.Main::access$1300 (4 bytes)
Event: 9.783 Thread 0x000000001500d800 nmethod 1633 0x0000000002fce190 code [0x0000000002fce2e0, 0x0000000002fce430]
Event: 9.785 Thread 0x000000001500d800 1634       3       java.util.concurrent.locks.LockSupport::park (23 bytes)
Event: 9.786 Thread 0x000000001500d800 nmethod 1634 0x0000000002fce490 code [0x0000000002fce600, 0x0000000002fce948]
Event: 9.786 Thread 0x000000001500d800 1636   !   3       java.util.concurrent.FutureTask::run (126 bytes)
Event: 9.787 Thread 0x000000001500d800 nmethod 1636 0x0000000002fcedd0 code [0x0000000002fcefc0, 0x0000000002fcf828]

GC Heap History (6 events):
Event: 6.672 GC heap before
{Heap before GC invocations=1 (full 0):
 PSYoungGen      total 18944K, used 16384K [0x00000000eab00000, 0x00000000ec000000, 0x0000000100000000)
  eden space 16384K, 100% used [0x00000000eab00000,0x00000000ebb00000,0x00000000ebb00000)
  from space 2560K, 0% used [0x00000000ebd80000,0x00000000ebd80000,0x00000000ec000000)
  to   space 2560K, 0% used [0x00000000ebb00000,0x00000000ebb00000,0x00000000ebd80000)
 ParOldGen       total 44032K, used 0K [0x00000000c0000000, 0x00000000c2b00000, 0x00000000eab00000)
  object space 44032K, 0% used [0x00000000c0000000,0x00000000c0000000,0x00000000c2b00000)
 Metaspace       used 5828K, capacity 6770K, committed 7040K, reserved 1056768K
  class space    used 600K, capacity 618K, committed 640K, reserved 1048576K
Event: 6.737 GC heap after
Heap after GC invocations=1 (full 0):
 PSYoungGen      total 18944K, used 2551K [0x00000000eab00000, 0x00000000ed000000, 0x0000000100000000)
  eden space 16384K, 0% used [0x00000000eab00000,0x00000000eab00000,0x00000000ebb00000)
  from space 2560K, 99% used [0x00000000ebb00000,0x00000000ebd7dc98,0x00000000ebd80000)
  to   space 2560K, 0% used [0x00000000ecd80000,0x00000000ecd80000,0x00000000ed000000)
 ParOldGen       total 44032K, used 1527K [0x00000000c0000000, 0x00000000c2b00000, 0x00000000eab00000)
  object space 44032K, 3% used [0x00000000c0000000,0x00000000c017df28,0x00000000c2b00000)
 Metaspace       used 5828K, capacity 6770K, committed 7040K, reserved 1056768K
  class space    used 600K, capacity 618K, committed 640K, reserved 1048576K
}
Event: 7.891 GC heap before
{Heap before GC invocations=2 (full 0):
 PSYoungGen      total 18944K, used 18935K [0x00000000eab00000, 0x00000000ed000000, 0x0000000100000000)
  eden space 16384K, 100% used [0x00000000eab00000,0x00000000ebb00000,0x00000000ebb00000)
  from space 2560K, 99% used [0x00000000ebb00000,0x00000000ebd7dc98,0x00000000ebd80000)
  to   space 2560K, 0% used [0x00000000ecd80000,0x00000000ecd80000,0x00000000ed000000)
 ParOldGen       total 44032K, used 1527K [0x00000000c0000000, 0x00000000c2b00000, 0x00000000eab00000)
  object space 44032K, 3% used [0x00000000c0000000,0x00000000c017df28,0x00000000c2b00000)
 Metaspace       used 6041K, capacity 6962K, committed 7040K, reserved 1056768K
  class space    used 600K, capacity 618K, committed 640K, reserved 1048576K
Event: 7.943 GC heap after
Heap after GC invocations=2 (full 0):
 PSYoungGen      total 35328K, used 2554K [0x00000000eab00000, 0x00000000ed000000, 0x0000000100000000)
  eden space 32768K, 0% used [0x00000000eab00000,0x00000000eab00000,0x00000000ecb00000)
  from space 2560K, 99% used [0x00000000ecd80000,0x00000000ecffea98,0x00000000ed000000)
  to   space 2560K, 0% used [0x00000000ecb00000,0x00000000ecb00000,0x00000000ecd80000)
 ParOldGen       total 44032K, used 3476K [0x00000000c0000000, 0x00000000c2b00000, 0x00000000eab00000)
  object space 44032K, 7% used [0x00000000c0000000,0x00000000c03653f8,0x00000000c2b00000)
 Metaspace       used 6041K, capacity 6962K, committed 7040K, reserved 1056768K
  class space    used 600K, capacity 618K, committed 640K, reserved 1048576K
}
Event: 9.593 GC heap before
{Heap before GC invocations=3 (full 0):
 PSYoungGen      total 35328K, used 35322K [0x00000000eab00000, 0x00000000ed000000, 0x0000000100000000)
  eden space 32768K, 100% used [0x00000000eab00000,0x00000000ecb00000,0x00000000ecb00000)
  from space 2560K, 99% used [0x00000000ecd80000,0x00000000ecffea98,0x00000000ed000000)
  to   space 2560K, 0% used [0x00000000ecb00000,0x00000000ecb00000,0x00000000ecd80000)
 ParOldGen       total 44032K, used 3476K [0x00000000c0000000, 0x00000000c2b00000, 0x00000000eab00000)
  object space 44032K, 7% used [0x00000000c0000000,0x00000000c03653f8,0x00000000c2b00000)
 Metaspace       used 6202K, capacity 7090K, committed 7296K, reserved 1056768K
  class space    used 601K, capacity 618K, committed 640K, reserved 1048576K
Event: 9.652 GC heap after
Heap after GC invocations=3 (full 0):
 PSYoungGen      total 35328K, used 2528K [0x00000000eab00000, 0x00000000ef000000, 0x0000000100000000)
  eden space 32768K, 0% used [0x00000000eab00000,0x00000000eab00000,0x00000000ecb00000)
  from space 2560K, 98% used [0x00000000ecb00000,0x00000000ecd78028,0x00000000ecd80000)
  to   space 2560K, 0% used [0x00000000eed80000,0x00000000eed80000,0x00000000ef000000)
 ParOldGen       total 44032K, used 8714K [0x00000000c0000000, 0x00000000c2b00000, 0x00000000eab00000)
  object space 44032K, 19% used [0x00000000c0000000,0x00000000c0882be8,0x00000000c2b00000)
 Metaspace       used 6202K, capacity 7090K, committed 7296K, reserved 1056768K
  class space    used 601K, capacity 618K, committed 640K, reserved 1048576K
}

Deoptimization events (10 events):
Event: 9.412 Thread 0x0000000016b9c000 Uncommon trap: reason=bimorphic action=maybe_recompile pc=0x0000000002dd8178 method=com.android.dx.cf.code.BytecodeArray.parseInstruction(ILcom/android/dx/cf/code/BytecodeArray$Visitor;)I @ 2281
Event: 9.413 Thread 0x0000000016b9c000 Uncommon trap: reason=bimorphic action=maybe_recompile pc=0x0000000002dd8178 method=com.android.dx.cf.code.BytecodeArray.parseInstruction(ILcom/android/dx/cf/code/BytecodeArray$Visitor;)I @ 2281
Event: 9.424 Thread 0x0000000016b9c000 Uncommon trap: reason=class_check action=maybe_recompile pc=0x0000000002e40990 method=com.android.dx.ssa.SCCP.simulateBranch(Lcom/android/dx/ssa/SsaInsn;)V @ 145
Event: 9.424 Thread 0x0000000016b9c000 Uncommon trap: reason=class_check action=maybe_recompile pc=0x0000000002e40990 method=com.android.dx.ssa.SCCP.simulateBranch(Lcom/android/dx/ssa/SsaInsn;)V @ 145
Event: 9.433 Thread 0x0000000016b9c000 Uncommon trap: reason=class_check action=maybe_recompile pc=0x0000000002eb6b78 method=com.android.dx.cf.code.RopperMachine.run(Lcom/android/dx/cf/code/Frame;II)V @ 310
Event: 9.434 Thread 0x0000000016b9c000 Uncommon trap: reason=class_check action=maybe_recompile pc=0x0000000002eb6b78 method=com.android.dx.cf.code.RopperMachine.run(Lcom/android/dx/cf/code/Frame;II)V @ 310
Event: 9.443 Thread 0x0000000016b9c000 Uncommon trap: reason=class_check action=maybe_recompile pc=0x0000000002eb6b78 method=com.android.dx.cf.code.RopperMachine.run(Lcom/android/dx/cf/code/Frame;II)V @ 310
Event: 9.443 Thread 0x0000000016b9c000 Uncommon trap: reason=class_check action=maybe_recompile pc=0x0000000002eb6b78 method=com.android.dx.cf.code.RopperMachine.run(Lcom/android/dx/cf/code/Frame;II)V @ 310
Event: 9.724 Thread 0x0000000016b9e800 Uncommon trap: reason=unloaded action=reinterpret pc=0x0000000002e00344 method=com.android.dx.ssa.LiteralOpUpgrader$1.visitNonMoveInsn(Lcom/android/dx/ssa/NormalSsaInsn;)V @ 72
Event: 9.725 Thread 0x0000000016b9e800 Uncommon trap: reason=unstable_if action=reinterpret pc=0x0000000002cc6f1c method=com.android.dx.ssa.SsaMethod.updateOneDefinition(Lcom/android/dx/ssa/SsaInsn;Lcom/android/dx/rop/code/RegisterSpec;)V @ 4

Internal exceptions (2 events):
Event: 0.600 Thread 0x00000000027e0800 Exception <a 'java/lang/NoSuchMethodError': Method sun.misc.Unsafe.defineClass(Ljava/lang/String;[BII)Ljava/lang/Class; name or signature does not match> (0x00000000eab07cc0) thrown at [C:\re\workspace\8-2-build-windows-amd64-cygwin\jdk8u91\7017\hotspot\sru^‹ç5„?
Event: 0.600 Thread 0x00000000027e0800 Exception <a 'java/lang/NoSuchMethodError': Method sun.misc.Unsafe.prefetchRead(Ljava/lang/Object;J)V name or signature does not match> (0x00000000eab07fa8) thrown at [C:\re\workspace\8-2-build-windows-amd64-cygwin\jdk8u91\7017\hotspot\src\share\vm\prims\j

Events (10 events):
Event: 9.592 Executing VM operation: ParallelGCFailedAllocation
Event: 9.652 Executing VM operation: ParallelGCFailedAllocation done
Event: 9.724 Thread 0x0000000016b9e800 Uncommon trap: trap_request=0x0000004e fr.pc=0x0000000002e00344
Event: 9.724 loading class com/android/dx/rop/code/RegOps
Event: 9.724 loading class com/android/dx/rop/code/RegOps done
Event: 9.725 Thread 0x0000000016b9e800 DEOPT PACKING pc=0x0000000002e00344 sp=0x00000000172fe860
Event: 9.725 Thread 0x0000000016b9e800 DEOPT UNPACKING pc=0x000000000292582a sp=0x00000000172fe7f8 mode 2
Event: 9.725 Thread 0x0000000016b9e800 Uncommon trap: trap_request=0xffffff65 fr.pc=0x0000000002cc6f1c
Event: 9.725 Thread 0x0000000016b9e800 DEOPT PACKING pc=0x0000000002cc6f1c sp=0x00000000172fe670
Event: 9.725 Thread 0x0000000016b9e800 DEOPT UNPACKING pc=0x000000000292582a sp=0x00000000172fe618 mode 2


Dynamic libraries:
0x00007ff64fa10000 - 0x00007ff64fa47000 	C:\Program Files\Java\jdk1.8.0_91\bin\java.exe
0x00007ffa64940000 - 0x00007ffa64b02000 	C:\Windows\SYSTEM32\ntdll.dll
0x00007ffa62210000 - 0x00007ffa622bd000 	C:\Windows\system32\KERNEL32.DLL
0x00007ffa61410000 - 0x00007ffa615ed000 	C:\Windows\system32\KERNELBASE.dll
0x00007ffa62010000 - 0x00007ffa620b6000 	C:\Windows\system32\ADVAPI32.dll
0x00007ffa64230000 - 0x00007ffa642cd000 	C:\Windows\system32\msvcrt.dll
0x00007ffa64050000 - 0x00007ffa640ab000 	C:\Windows\system32\sechost.dll
0x00007ffa646c0000 - 0x00007ffa647e6000 	C:\Windows\system32\RPCRT4.dll
0x00007ffa640c0000 - 0x00007ffa6420e000 	C:\Windows\system32\USER32.dll
0x00007ffa625f0000 - 0x00007ffa62775000 	C:\Windows\system32\GDI32.dll
0x00007ffa55fd0000 - 0x00007ffa56244000 	C:\Windows\WinSxS\amd64_microsoft.windows.common-controls_6595b64144ccf1df_6.0.10240.16384_none_f41f7b285750ef43\COMCTL32.dll
0x00007ffa623e0000 - 0x00007ffa62416000 	C:\Windows\system32\IMM32.DLL
0x00007ffa642d0000 - 0x00007ffa6442c000 	C:\Windows\system32\MSCTF.dll
0x00000000711e0000 - 0x00000000712b2000 	C:\Program Files\Java\jdk1.8.0_91\jre\bin\msvcr100.dll
0x0000000071660000 - 0x0000000071ef3000 	C:\Program Files\Java\jdk1.8.0_91\jre\bin\server\jvm.dll
0x00007ffa62990000 - 0x00007ffa62998000 	C:\Windows\system32\PSAPI.DLL
0x00007ffa58420000 - 0x00007ffa58429000 	C:\Windows\SYSTEM32\WSOCK32.dll
0x00007ffa648d0000 - 0x00007ffa64939000 	C:\Windows\system32\WS2_32.dll
0x00007ffa640b0000 - 0x00007ffa640b8000 	C:\Windows\system32\NSI.dll
0x00007ffa52ec0000 - 0x00007ffa52ee3000 	C:\Windows\SYSTEM32\WINMM.dll
0x00007ffa58750000 - 0x00007ffa5875a000 	C:\Windows\SYSTEM32\VERSION.dll
0x00007ffa52e90000 - 0x00007ffa52ebc000 	C:\Windows\SYSTEM32\WINMMBASE.dll
0x00007ffa616a0000 - 0x00007ffa616e4000 	C:\Windows\system32\cfgmgr32.dll
0x00007ffa5fce0000 - 0x00007ffa5fd07000 	C:\Windows\SYSTEM32\DEVOBJ.dll
0x0000000071650000 - 0x000000007165f000 	C:\Program Files\Java\jdk1.8.0_91\jre\bin\verify.dll
0x0000000071620000 - 0x0000000071649000 	C:\Program Files\Java\jdk1.8.0_91\jre\bin\java.dll
0x0000000071600000 - 0x0000000071616000 	C:\Program Files\Java\jdk1.8.0_91\jre\bin\zip.dll
0x00007ffa629a0000 - 0x00007ffa63ec5000 	C:\Windows\system32\SHELL32.dll
0x00007ffa619e0000 - 0x00007ffa62008000 	C:\Windows\system32\windows.storage.dll
0x00007ffa64440000 - 0x00007ffa646bc000 	C:\Windows\system32\combase.dll
0x00007ffa63f80000 - 0x00007ffa63fd1000 	C:\Windows\system32\shlwapi.dll
0x00007ffa61400000 - 0x00007ffa6140f000 	C:\Windows\system32\kernel.appcore.dll
0x00007ffa618c0000 - 0x00007ffa61973000 	C:\Windows\system32\shcore.dll
0x00007ffa613b0000 - 0x00007ffa613fa000 	C:\Windows\system32\powrprof.dll
0x00007ffa61390000 - 0x00007ffa613a3000 	C:\Windows\system32\profapi.dll

VM Arguments:
jvm_args: -Djava.awt.headless=true -Xmx1024M -Dfile.encoding=windows-1252 -Duser.country=US -Duser.language=en -Duser.variant 
java_command: com.android.dx.command.Main --dex --force-jumbo --num-threads=4 --output C:\Users\naveen\AndroidStudioProjects\ToDoApp\ToDoApp\app\build\intermediates\pre-dexed\debug\com.google.android.gms-play-services-base-9.0.2_66bc12854c13aae35fe0a7d6815a1e07a772a24a.jar C:\Users\naveen\AndroidStudioProjects\ToDoApp\ToDoApp\app\build\intermediates\exploded-aar\com.google.android.gms\play-services-base\9.0.2\jars\classes.jar
java_class_path (initial): C:\Users\naveen\AppData\Local\Android\sdk\build-tools\24.0.0\lib\dx.jar
Launcher Type: SUN_STANDARD

Environment Variables:
PATH=C:\Windows\system32;C:\Windows;C:\Windows\System32\Wbem;C:\Windows\System32\WindowsPowerShell\v1.0\;C:\Program Files (x86)\Skype\Phone\;C:\Program Files\Java\jdk1.8.0_91\bin
USERNAME=naveen
OS=Windows_NT
PROCESSOR_IDENTIFIER=Intel64 Family 6 Model 42 Stepping 7, GenuineIntel



---------------  S Y S T E M  ---------------

OS: Windows 10.0 , 64 bit Build 10240 (10.0.10240.16384)

CPU:total 4 (2 cores per cpu, 2 threads per core) family 6 model 42 stepping 7, cmov, cx8, fxsr, mmx, sse, sse2, sse3, ssse3, sse4.1, sse4.2, popcnt, avx, clmul, ht, tsc, tscinvbit

Memory: 4k page, physical 4100564k(153064k free), swap 9859860k(7280k free)

vm_info: Java HotSpot(TM) 64-Bit Server VM (25.91-b15) for windows-amd64 JRE (1.8.0_91-b15), built on May 20 2016 17:43:15 by "java_re" with MS VC++ 10.0 (VS2010)

time: Mon Jun 27 14:14:03 2016
elapsed time: 9 seconds (0d 0h 0m 9s)

