#
# There is insufficient memory for the Java Runtime Environment to continue.
# Native memory allocation (malloc) failed to allocate 65552 bytes for Chunk::new
# Possible reasons:
#   The system is out of physical RAM or swap space
#   In 32 bit mode, the process size limit was hit
# Possible solutions:
#   Reduce memory load on the system
#   Increase physical memory or swap space
#   Check if swap backing store is full
#   Use 64 bit Java on a 64 bit OS
#   Decrease Java heap size (-Xmx/-Xms)
#   Decrease number of Java threads
#   Decrease Java thread stack sizes (-Xss)
#   Set larger code cache with -XX:ReservedCodeCacheSize=
# This output file may be truncated or incomplete.
#
#  Out of Memory Error (allocation.cpp:390), pid=4868, tid=6436
#
# JRE version: Java(TM) SE Runtime Environment (8.0_91-b15) (build 1.8.0_91-b15)
# Java VM: Java HotSpot(TM) 64-Bit Server VM (25.91-b15 mixed mode windows-amd64 compressed oops)
# Failed to write core dump. Minidumps are not enabled by default on client versions of Windows
#

---------------  T H R E A D  ---------------

Current thread (0x0000000014e87800):  JavaThread "C2 CompilerThread0" daemon [_thread_in_native, id=6436, stack(0x00000000164e0000,0x00000000165e0000)]

Stack: [0x00000000164e0000,0x00000000165e0000]
[error occurred during error reporting (printing stack bounds), id 0xc0000005]

Native frames: (J=compiled Java code, j=interpreted, Vv=VM code, C=native code)


Current CompileTask:
C2:   3517 1092       4       com.android.dx.ssa.SsaMethod::forEachInsn (36 bytes)


---------------  P R O C E S S  ---------------

Java Threads: ( => current thread )
  0x0000000016a37800 JavaThread "pool-2-thread-4" [_thread_blocked, id=6324, stack(0x00000000171e0000,0x00000000172e0000)]
  0x0000000016a37000 JavaThread "pool-2-thread-3" [_thread_in_Java, id=4196, stack(0x00000000170e0000,0x00000000171e0000)]
  0x0000000016a35800 JavaThread "pool-2-thread-2" [_thread_in_Java, id=4328, stack(0x0000000016fe0000,0x00000000170e0000)]
  0x0000000016a32000 JavaThread "pool-3-thread-1" [_thread_blocked, id=5816, stack(0x0000000016ee0000,0x0000000016fe0000)]
  0x0000000016a87000 JavaThread "pool-2-thread-1" [_thread_blocked, id=6008, stack(0x0000000016de0000,0x0000000016ee0000)]
  0x00000000167e0800 JavaThread "Service Thread" daemon [_thread_blocked, id=6412, stack(0x0000000016be0000,0x0000000016ce0000)]
  0x0000000014e82000 JavaThread "C1 CompilerThread2" daemon [_thread_in_native, id=6264, stack(0x00000000166e0000,0x00000000167e0000)]
  0x0000000014e77800 JavaThread "C2 CompilerThread1" daemon [_thread_in_native, id=5952, stack(0x00000000165e0000,0x00000000166e0000)]
=>0x0000000014e87800 JavaThread "C2 CompilerThread0" daemon [_thread_in_native, id=6436, stack(0x00000000164e0000,0x00000000165e0000)]
  0x0000000014e86000 JavaThread "Attach Listener" daemon [_thread_blocked, id=6872, stack(0x00000000163e0000,0x00000000164e0000)]
  0x0000000014e84800 JavaThread "Signal Dispatcher" daemon [_thread_blocked, id=5244, stack(0x00000000162e0000,0x00000000163e0000)]
  0x0000000014e6a000 JavaThread "Finalizer" daemon [_thread_blocked, id=6996, stack(0x0000000016100000,0x0000000016200000)]
  0x000000000274f000 JavaThread "Reference Handler" daemon [_thread_blocked, id=708, stack(0x0000000016000000,0x0000000016100000)]
  0x0000000002660800 JavaThread "main" [_thread_in_Java, id=3856, stack(0x0000000002530000,0x0000000002630000)]

Other Threads:
  0x0000000014e48000 VMThread [stack: 0x0000000015f00000,0x0000000016000000] [id=1232]
  0x00000000167fc800 WatcherThread [stack: 0x0000000016ce0000,0x0000000016de0000] [id=2576]

VM state:not at safepoint (normal execution)

VM Mutex/Monitor currently owned by a thread: None

Heap:
 PSYoungGen      total 35328K, used 8265K [0x00000000eab00000, 0x00000000ed000000, 0x0000000100000000)
  eden space 32768K, 17% used [0x00000000eab00000,0x00000000eb096f98,0x00000000ecb00000)
  from space 2560K, 99% used [0x00000000ecd80000,0x00000000ecffb860,0x00000000ed000000)
  to   space 2560K, 0% used [0x00000000ecb00000,0x00000000ecb00000,0x00000000ecd80000)
 ParOldGen       total 44032K, used 2276K [0x00000000c0000000, 0x00000000c2b00000, 0x00000000eab00000)
  object space 44032K, 5% used [0x00000000c0000000,0x00000000c0239188,0x00000000c2b00000)
 Metaspace       used 5972K, capacity 6832K, committed 7040K, reserved 1056768K
  class space    used 603K, capacity 616K, committed 640K, reserved 1048576K

Card table byte_map: [0x0000000011b70000,0x0000000011d80000] byte_map_base: 0x0000000011570000

Marking Bits: (ParMarkBitMap*) 0x000000005fbd2f70
 Begin Bits: [0x00000000122e0000, 0x00000000132e0000)
 End Bits:   [0x00000000132e0000, 0x00000000142e0000)

Polling page: 0x0000000000cf0000

CodeCache: size=245760Kb used=4365Kb max_used=4365Kb free=241394Kb
 bounds [0x00000000027b0000, 0x0000000002c00000, 0x00000000117b0000]
 total_blobs=1378 nmethods=1108 adapters=182
 compilation: enabled

Compilation events (10 events):
Event: 3.495 Thread 0x0000000014e82000 1111       3       java.util.concurrent.locks.AbstractOwnableSynchronizer::setExclusiveOwnerThread (6 bytes)
Event: 3.495 Thread 0x0000000014e82000 nmethod 1111 0x0000000002bda410 code [0x0000000002bda560, 0x0000000002bda6d0]
Event: 3.495 Thread 0x0000000014e82000 1113       3       com.android.dx.rop.annotation.Annotations::size (8 bytes)
Event: 3.495 Thread 0x0000000014e82000 nmethod 1113 0x0000000002bda750 code [0x0000000002bda8a0, 0x0000000002bdaa30]
Event: 3.495 Thread 0x0000000014e82000 1115       3       com.android.dx.util.BitIntSet$1::next (42 bytes)
Event: 3.495 Thread 0x0000000014e82000 nmethod 1115 0x0000000002bdaad0 code [0x0000000002bdac60, 0x0000000002bdafd8]
Event: 3.495 Thread 0x0000000014e82000 1117       3       com.android.dx.ssa.SsaRenamer::setNameForSsaReg (54 bytes)
Event: 3.497 Thread 0x0000000014e82000 nmethod 1117 0x0000000002bdb150 code [0x0000000002bdb380, 0x0000000002bdc0b8]
Event: 3.497 Thread 0x0000000014e82000 1116       3       java.util.ArrayList::rangeCheckForAdd (26 bytes)
Event: 3.498 Thread 0x0000000014e82000 nmethod 1116 0x0000000002bdc950 code [0x0000000002bdcb60, 0x0000000002bdd698]

GC Heap History (4 events):
Event: 0.517 GC heap before
{Heap before GC invocations=1 (full 0):
 PSYoungGen      total 18944K, used 16384K [0x00000000eab00000, 0x00000000ec000000, 0x0000000100000000)
  eden space 16384K, 100% used [0x00000000eab00000,0x00000000ebb00000,0x00000000ebb00000)
  from space 2560K, 0% used [0x00000000ebd80000,0x00000000ebd80000,0x00000000ec000000)
  to   space 2560K, 0% used [0x00000000ebb00000,0x00000000ebb00000,0x00000000ebd80000)
 ParOldGen       total 44032K, used 0K [0x00000000c0000000, 0x00000000c2b00000, 0x00000000eab00000)
  object space 44032K, 0% used [0x00000000c0000000,0x00000000c0000000,0x00000000c2b00000)
 Metaspace       used 3635K, capacity 4784K, committed 5120K, reserved 1056768K
  class space    used 398K, capacity 424K, committed 512K, reserved 1048576K
Event: 0.536 GC heap after
Heap after GC invocations=1 (full 0):
 PSYoungGen      total 18944K, used 1188K [0x00000000eab00000, 0x00000000ed000000, 0x0000000100000000)
  eden space 16384K, 0% used [0x00000000eab00000,0x00000000eab00000,0x00000000ebb00000)
  from space 2560K, 46% used [0x00000000ebb00000,0x00000000ebc29240,0x00000000ebd80000)
  to   space 2560K, 0% used [0x00000000ecd80000,0x00000000ecd80000,0x00000000ed000000)
 ParOldGen       total 44032K, used 8K [0x00000000c0000000, 0x00000000c2b00000, 0x00000000eab00000)
  object space 44032K, 0% used [0x00000000c0000000,0x00000000c0002000,0x00000000c2b00000)
 Metaspace       used 3635K, capacity 4784K, committed 5120K, reserved 1056768K
  class space    used 398K, capacity 424K, committed 512K, reserved 1048576K
}
Event: 2.861 GC heap before
{Heap before GC invocations=2 (full 0):
 PSYoungGen      total 18944K, used 17572K [0x00000000eab00000, 0x00000000ed000000, 0x0000000100000000)
  eden space 16384K, 100% used [0x00000000eab00000,0x00000000ebb00000,0x00000000ebb00000)
  from space 2560K, 46% used [0x00000000ebb00000,0x00000000ebc29240,0x00000000ebd80000)
  to   space 2560K, 0% used [0x00000000ecd80000,0x00000000ecd80000,0x00000000ed000000)
 ParOldGen       total 44032K, used 8K [0x00000000c0000000, 0x00000000c2b00000, 0x00000000eab00000)
  object space 44032K, 0% used [0x00000000c0000000,0x00000000c0002000,0x00000000c2b00000)
 Metaspace       used 5915K, capacity 6832K, committed 7040K, reserved 1056768K
  class space    used 603K, capacity 616K, committed 640K, reserved 1048576K
Event: 3.433 GC heap after
Heap after GC invocations=2 (full 0):
 PSYoungGen      total 35328K, used 2542K [0x00000000eab00000, 0x00000000ed000000, 0x0000000100000000)
  eden space 32768K, 0% used [0x00000000eab00000,0x00000000eab00000,0x00000000ecb00000)
  from space 2560K, 99% used [0x00000000ecd80000,0x00000000ecffb860,0x00000000ed000000)
  to   space 2560K, 0% used [0x00000000ecb00000,0x00000000ecb00000,0x00000000ecd80000)
 ParOldGen       total 44032K, used 2276K [0x00000000c0000000, 0x00000000c2b00000, 0x00000000eab00000)
  object space 44032K, 5% used [0x00000000c0000000,0x00000000c0239188,0x00000000c2b00000)
 Metaspace       used 5915K, capacity 6832K, committed 7040K, reserved 1056768K
  class space    used 603K, capacity 616K, committed 640K, reserved 1048576K
}

Deoptimization events (5 events):
Event: 0.495 Thread 0x0000000002660800 Uncommon trap: reason=unstable_if action=reinterpret pc=0x000000000290f6d4 method=java.lang.String.compareTo(Ljava/lang/String;)I @ 38
Event: 1.912 Thread 0x0000000002660800 Uncommon trap: reason=unstable_if action=reinterpret pc=0x00000000029ca77c method=java.util.HashMap.getNode(ILjava/lang/Object;)Ljava/util/HashMap$Node; @ 62
Event: 2.607 Thread 0x0000000002660800 Uncommon trap: reason=unstable_if action=reinterpret pc=0x00000000029d3330 method=java.util.BitSet.nextSetBit(I)I @ 87
Event: 2.628 Thread 0x0000000002660800 Uncommon trap: reason=class_check action=maybe_recompile pc=0x0000000002b5c4a0 method=com.android.dx.rop.type.Type.equals(Ljava/lang/Object;)Z @ 8
Event: 2.630 Thread 0x0000000002660800 Uncommon trap: reason=null_check action=make_not_entrant pc=0x0000000002b5c4b0 method=com.android.dx.rop.type.Type.equals(Ljava/lang/Object;)Z @ 8

Internal exceptions (3 events):
Event: 0.040 Thread 0x0000000002660800 Exception <a 'java/lang/NoSuchMethodError': Method sun.misc.Unsafe.defineClass(Ljava/lang/String;[BII)Ljava/lang/Class; name or signature does not match> (0x00000000eab07cc0) thrown at [C:\re\workspace\8-2-build-windows-amd64-cygwin\jdk8u91\7017\hotspot\srf("}ﬂπ§?
Event: 0.040 Thread 0x0000000002660800 Exception <a 'java/lang/NoSuchMethodError': Method sun.misc.Unsafe.prefetchRead(Ljava/lang/Object;J)V name or signature does not match> (0x00000000eab07fa8) thrown at [C:\re\workspace\8-2-build-windows-amd64-cygwin\jdk8u91\7017\hotspot\src\share\vm\prims\j…ß≥
Event: 2.630 Thread 0x0000000002660800 Implicit null exception at 0x0000000002b5c3a2 to 0x0000000002b5c4a1

Events (10 events):
Event: 2.625 loading class com/android/dx/dex/file/FieldAnnotationStruct
Event: 2.625 loading class com/android/dx/dex/file/FieldAnnotationStruct done
Event: 2.628 Thread 0x0000000002660800 Uncommon trap: trap_request=0xffffffde fr.pc=0x0000000002b5c4a0
Event: 2.628 Thread 0x0000000002660800 DEOPT PACKING pc=0x0000000002b5c4a0 sp=0x000000000262e440
Event: 2.628 Thread 0x0000000002660800 DEOPT UNPACKING pc=0x00000000027f582a sp=0x000000000262e3e8 mode 2
Event: 2.630 Thread 0x0000000002660800 Uncommon trap: trap_request=0xfffffff4 fr.pc=0x0000000002b5c4b0
Event: 2.630 Thread 0x0000000002660800 DEOPT PACKING pc=0x0000000002b5c4b0 sp=0x000000000262e3f0
Event: 2.630 Thread 0x0000000002660800 DEOPT UNPACKING pc=0x00000000027f582a sp=0x000000000262e398 mode 2
Event: 2.700 Executing VM operation: ParallelGCFailedAllocation
Event: 3.433 Executing VM operation: ParallelGCFailedAllocation done


Dynamic libraries:
0x00007ff7dd630000 - 0x00007ff7dd667000 	C:\Program Files\Java\jdk1.8.0_91\bin\java.exe
0x00007ffc23180000 - 0x00007ffc23342000 	C:\Windows\SYSTEM32\ntdll.dll
0x00007ffc21190000 - 0x00007ffc2123d000 	C:\Windows\system32\KERNEL32.DLL
0x00007ffc1fd00000 - 0x00007ffc1fedd000 	C:\Windows\system32\KERNELBASE.dll
0x00007ffc20d50000 - 0x00007ffc20df6000 	C:\Windows\system32\ADVAPI32.dll
0x00007ffc20e60000 - 0x00007ffc20efd000 	C:\Windows\system32\msvcrt.dll
0x00007ffc21130000 - 0x00007ffc2118b000 	C:\Windows\system32\sechost.dll
0x00007ffc22ae0000 - 0x00007ffc22c06000 	C:\Windows\system32\RPCRT4.dll
0x00007ffc22d00000 - 0x00007ffc22e4e000 	C:\Windows\system32\USER32.dll
0x00007ffc21240000 - 0x00007ffc213c5000 	C:\Windows\system32\GDI32.dll
0x00007ffc12c90000 - 0x00007ffc12f04000 	C:\Windows\WinSxS\amd64_microsoft.windows.common-controls_6595b64144ccf1df_6.0.10240.16384_none_f41f7b285750ef43\COMCTL32.dll
0x00007ffc22cc0000 - 0x00007ffc22cf6000 	C:\Windows\system32\IMM32.DLL
0x00007ffc22fa0000 - 0x00007ffc230fc000 	C:\Windows\system32\MSCTF.dll
0x000000005ef00000 - 0x000000005efd2000 	C:\Program Files\Java\jdk1.8.0_91\jre\bin\msvcr100.dll
0x000000005f3c0000 - 0x000000005fc53000 	C:\Program Files\Java\jdk1.8.0_91\jre\bin\server\jvm.dll
0x00007ffc22f20000 - 0x00007ffc22f28000 	C:\Windows\system32\PSAPI.DLL
0x00007ffc15fd0000 - 0x00007ffc15fd9000 	C:\Windows\SYSTEM32\WSOCK32.dll
0x00007ffc22e50000 - 0x00007ffc22eb9000 	C:\Windows\system32\WS2_32.dll
0x00007ffc213d0000 - 0x00007ffc213d8000 	C:\Windows\system32\NSI.dll
0x00007ffc10c60000 - 0x00007ffc10c83000 	C:\Windows\SYSTEM32\WINMM.dll
0x00007ffc16b70000 - 0x00007ffc16b7a000 	C:\Windows\SYSTEM32\VERSION.dll
0x00007ffc10c30000 - 0x00007ffc10c5c000 	C:\Windows\SYSTEM32\WINMMBASE.dll
0x00007ffc1fee0000 - 0x00007ffc1ff24000 	C:\Windows\system32\cfgmgr32.dll
0x00007ffc1e520000 - 0x00007ffc1e547000 	C:\Windows\SYSTEM32\DEVOBJ.dll
0x000000005f3b0000 - 0x000000005f3bf000 	C:\Program Files\Java\jdk1.8.0_91\jre\bin\verify.dll
0x000000005f380000 - 0x000000005f3a9000 	C:\Program Files\Java\jdk1.8.0_91\jre\bin\java.dll
0x000000005f360000 - 0x000000005f376000 	C:\Program Files\Java\jdk1.8.0_91\jre\bin\zip.dll
0x00007ffc213e0000 - 0x00007ffc22905000 	C:\Windows\system32\SHELL32.dll
0x00007ffc20160000 - 0x00007ffc20788000 	C:\Windows\system32\windows.storage.dll
0x00007ffc20910000 - 0x00007ffc20b8c000 	C:\Windows\system32\combase.dll
0x00007ffc22ec0000 - 0x00007ffc22f11000 	C:\Windows\system32\shlwapi.dll
0x00007ffc1fc40000 - 0x00007ffc1fc4f000 	C:\Windows\system32\kernel.appcore.dll
0x00007ffc20790000 - 0x00007ffc20843000 	C:\Windows\system32\shcore.dll
0x00007ffc1fbd0000 - 0x00007ffc1fc1a000 	C:\Windows\system32\powrprof.dll
0x00007ffc1fc20000 - 0x00007ffc1fc33000 	C:\Windows\system32\profapi.dll

VM Arguments:
jvm_args: -Djava.awt.headless=true -Xmx1024M -Dfile.encoding=windows-1252 -Duser.country=US -Duser.language=en -Duser.variant 
java_command: com.android.dx.command.Main --dex --force-jumbo --num-threads=4 --multi-dex --output C:\Users\naveen\AndroidStudioProjects\ToDoApp\ToDoApp\app\build\intermediates\transforms\dex\debug\folders\1000\10\com.android.support-support-v4-24.0.0_a55e6d134a4049f52ebdc2fe7004f8fc0c9431dd C:\Users\naveen\AndroidStudioProjects\ToDoApp\ToDoApp\app\build\intermediates\exploded-aar\com.android.support\support-v4\24.0.0\jars\classes.jar
java_class_path (initial): C:\Users\naveen\AppData\Local\Android\sdk\build-tools\24.0.0\lib\dx.jar
Launcher Type: SUN_STANDARD

Environment Variables:
PATH=C:\Windows\system32;C:\Windows;C:\Windows\System32\Wbem;C:\Windows\System32\WindowsPowerShell\v1.0\;C:\Program Files (x86)\Skype\Phone\;C:\Program Files\Java\jdk1.8.0_91\bin
USERNAME=naveen
OS=Windows_NT
PROCESSOR_IDENTIFIER=Intel64 Family 6 Model 42 Stepping 7, GenuineIntel



---------------  S Y S T E M  ---------------

OS: Windows 10.0 , 64 bit Build 10240 (10.0.10240.16384)

CPU:total 4 (2 cores per cpu, 2 threads per core) family 6 model 42 stepping 7, cmov, cx8, fxsr, mmx, sse, sse2, sse3, ssse3, sse4.1, sse4.2, popcnt, avx, clmul, ht, tsc, tscinvbit

Memory: 4k page, physical 4100564k(217124k free), swap 9859860k(376k free)

vm_info: Java HotSpot(TM) 64-Bit Server VM (25.91-b15) for windows-amd64 JRE (1.8.0_91-b15), built on May 20 2016 17:43:15 by "java_re" with MS VC++ 10.0 (VS2010)

time: Thu Jun 30 10:11:16 2016
elapsed time: 3 seconds (0d 0h 0m 3s)

