JvmtiExport can_access_local_variables 0
JvmtiExport can_hotswap_or_post_breakpoint 0
JvmtiExport can_post_on_exceptions 0
# 288 ciObject found
ciMethod java/lang/Object <init> ()V 4097 1 918808 0 0
ciMethod java/lang/System arraycopy (Ljava/lang/Object;ILjava/lang/Object;II)V 5121 1 640 0 -1
ciMethod java/util/ArrayList <init> ()V 121 1 73888 0 -1
ciMethod java/util/ArrayList add (Ljava/lang/Object;)Z 641 1 233146 0 -1
ciMethodData java/lang/Object <init> ()V 2 918808 orig 264 8 193 17 118 0 0 0 0 128 4 74 20 0 0 0 0 32 1 0 0 0 0 0 0 0 0 0 0 0 0 0 0 0 0 0 0 0 0 0 0 0 0 0 0 0 0 0 0 0 0 0 0 0 0 0 0 0 0 0 0 0 0 0 0 0 0 0 0 0 0 0 0 0 0 0 0 0 0 0 0 77 68 79 32 101 120 116 114 97 32 100 97 116 97 32 108 111 99 107 0 0 0 0 0 0 0 0 0 0 0 0 0 0 0 0 0 0 0 0 0 0 0 0 0 0 0 0 0 0 0 0 0 0 0 0 0 0 0 0 0 0 0 0 0 0 0 0 0 0 0 0 0 0 0 0 0 0 0 0 0 0 0 0 0 0 0 0 0 0 0 0 0 0 0 0 0 0 0 0 0 0 0 0 0 1 0 0 0 0 0 0 0 1 0 0 0 0 0 0 0 1 0 0 0 0 0 0 0 0 0 0 0 0 0 0 0 0 2 0 0 193 24 112 0 1 0 0 0 0 0 0 0 0 0 0 0 2 0 0 0 0 0 3 0 1 0 0 0 0 0 0 0 255 255 255 255 0 0 0 0 0 0 0 0 data 0 oops 0
ciMethod com/android/dx/rop/cst/ConstantPool get (I)Lcom/android/dx/rop/cst/Constant; 0 0 1 0 -1
ciMethod com/android/dx/util/ByteArray getByte (I)I 1 1 446 0 0
ciMethod com/android/dx/util/ByteArray getShort (I)I 625 1 2631 0 0
ciMethod com/android/dx/util/ByteArray getInt (I)I 937 1 11420 0 0
ciMethod com/android/dx/util/ByteArray getUnsignedByte (I)I 4033 1 108264 0 224
ciMethod com/android/dx/util/ByteArray getUnsignedShort (I)I 2049 1 98181 0 288
ciMethod com/android/dx/util/ByteArray checkOffsets (II)V 2385 1 6363 0 128
ciMethod com/android/dx/util/ByteArray getByte0 (I)I 2785 1 14545 0 0
ciMethod com/android/dx/util/ByteArray getUnsignedByte0 (I)I 2073 1 348651 0 96
ciMethod com/android/dx/cf/code/BytecodeArray$Visitor visitInvalid (III)V 0 0 1 0 -1
ciMethod com/android/dx/cf/code/BytecodeArray$Visitor visitNoArgs (IIILcom/android/dx/rop/type/Type;)V 0 0 1 0 -1
ciMethod com/android/dx/cf/code/BytecodeArray$Visitor visitLocal (IIIILcom/android/dx/rop/type/Type;I)V 0 0 1 0 -1
ciMethod com/android/dx/cf/code/BytecodeArray$Visitor visitConstant (IIILcom/android/dx/rop/cst/Constant;I)V 0 0 1 0 -1
ciMethod com/android/dx/cf/code/BytecodeArray$Visitor visitBranch (IIII)V 0 0 1 0 -1
ciMethod com/android/dx/cf/code/BytecodeArray$Visitor visitSwitch (IIILcom/android/dx/cf/code/SwitchList;I)V 0 0 1 0 -1
ciMethod com/android/dx/cf/code/BytecodeArray$Visitor visitNewarray (IILcom/android/dx/rop/cst/CstType;Ljava/util/ArrayList;)V 0 0 1 0 -1
ciMethod com/android/dx/cf/code/BytecodeArray$Visitor getPreviousOffset ()I 0 0 1 0 -1
ciMethod com/android/dx/rop/cst/CstInteger make (I)Lcom/android/dx/rop/cst/CstInteger; 993 1 4767 0 -1
ciMethod com/android/dx/rop/cst/CstInteger <init> (I)V 505 1 109 0 -1
ciMethod com/android/dx/rop/cst/CstInteger getValue ()I 2545 1 11240 0 -1
ciMethod com/android/dx/rop/cst/CstFieldRef getType ()Lcom/android/dx/rop/type/Type; 881 1 1719 0 -1
ciMethod com/android/dx/rop/cst/CstBaseMethodRef getPrototype (Z)Lcom/android/dx/rop/type/Prototype; 3553 1 8035 0 -1
ciMethod com/android/dx/rop/cst/CstInterfaceMethodRef toMethodRef ()Lcom/android/dx/rop/cst/CstMethodRef; 705 1 1898 0 -1
ciMethod com/android/dx/rop/cst/StdConstantPool get (I)Lcom/android/dx/rop/cst/Constant; 4097 1 42084 0 128
ciMethod com/android/dx/rop/cst/StdConstantPool throwInvalid (I)Lcom/android/dx/rop/cst/Constant; 0 0 1 0 -1
ciMethod com/android/dx/util/MutabilityControl <init> (Z)V 3201 1 42735 0 32
ciMethod com/android/dx/util/MutabilityControl setImmutable ()V 4097 1 172631 0 0
ciMethod com/android/dx/util/MutabilityControl throwIfImmutable ()V 2625 1 281408 0 64
ciMethodData com/android/dx/util/ByteArray getUnsignedByte0 (I)I 2 348659 orig 264 8 193 17 118 0 0 0 0 200 138 141 20 0 0 0 0 40 1 0 0 0 0 0 0 0 0 0 0 0 0 0 0 0 0 0 0 0 0 0 0 0 0 0 0 0 0 0 0 0 0 0 0 0 0 0 0 0 0 0 0 0 0 0 0 0 0 0 0 0 0 0 0 0 0 0 0 0 0 0 0 77 68 79 32 101 120 116 114 97 32 100 97 116 97 32 108 111 99 107 0 0 0 0 0 0 0 0 0 0 0 0 0 0 0 0 0 0 0 0 0 0 0 0 0 0 0 0 0 0 0 0 0 0 0 0 0 0 0 0 0 0 0 0 0 0 0 0 0 0 0 0 0 0 0 0 0 0 0 0 0 0 0 0 0 0 0 0 0 0 0 0 0 0 0 0 0 0 0 0 0 0 0 0 0 1 0 0 0 0 0 0 0 0 0 0 0 0 0 0 0 1 0 0 0 0 0 0 0 0 0 0 0 0 0 0 0 3 1 0 0 129 135 42 0 1 0 0 0 0 0 0 0 0 0 0 0 2 0 0 0 0 0 3 0 1 0 0 0 0 0 0 0 255 255 255 255 0 0 0 0 0 0 0 0 data 0 oops 0
ciMethod com/android/dx/rop/type/Type getBasicFrameType ()I 4097 1 1541 0 -1
ciMethod com/android/dx/rop/type/Type isCategory1 ()Z 49 1 140 0 -1
ciMethod com/android/dx/rop/type/Type isCategory2 ()Z 4057 1 2345 0 -1
ciMethod com/android/dx/rop/type/Type isArrayOrKnownNull ()Z 0 0 46 0 -1
ciMethod com/android/dx/rop/type/Type getComponentType ()Lcom/android/dx/rop/type/Type; 1 1 486 0 -1
ciMethod com/android/dx/rop/type/Prototype internInts (Lcom/android/dx/rop/type/Type;I)Lcom/android/dx/rop/type/Prototype; 0 0 1 0 -1
ciMethodData com/android/dx/util/ByteArray checkOffsets (II)V 2 6363 orig 264 8 193 17 118 0 0 0 0 64 137 141 20 0 0 0 0 40 3 0 0 64 0 0 0 0 0 0 0 0 0 0 0 0 0 0 0 0 0 0 0 0 0 0 0 0 0 0 0 0 0 0 0 0 0 0 0 0 0 0 0 0 0 0 0 0 0 0 0 0 0 0 0 0 0 0 0 0 0 0 0 77 68 79 32 101 120 116 114 97 32 100 97 116 97 32 108 111 99 107 0 0 0 0 0 0 0 0 0 0 0 0 0 0 0 0 0 0 0 0 0 0 0 0 0 0 0 0 0 0 0 0 0 0 0 0 0 0 0 0 0 0 0 0 0 0 0 0 0 0 0 0 0 0 0 0 0 0 0 0 0 0 0 0 0 0 0 0 0 0 0 0 0 0 0 0 0 0 0 0 0 0 0 0 0 25 0 0 0 0 0 0 0 0 0 0 0 0 0 0 0 1 0 0 0 0 0 0 0 0 0 0 0 0 0 0 0 42 1 0 0 137 189 0 0 1 0 0 0 0 0 0 0 0 0 0 0 2 0 0 0 0 0 10 0 2 0 0 0 208 1 0 0 255 255 255 255 7 0 1 0 0 0 0 0 data 58 0x10007 0x0 0x60 0x17b1 0x60007 0x0 0x40 0x17b1 0xe0007 0x17b1 0x190 0x0 0x190002 0x0 0x1e0005 0x0 0x0 0x0 0x0 0x0 0x220005 0x0 0x0 0x0 0x0 0x0 0x270005 0x0 0x0 0x0 0x0 0x0 0x2b0005 0x0 0x0 0x0 0x0 0x0 0x300005 0x0 0x0 0x0 0x0 0x0 0x370005 0x0 0x0 0x0 0x0 0x0 0x3a0005 0x0 0x0 0x0 0x0 0x0 0x3d0002 0x0 oops 0
ciMethodData com/android/dx/util/ByteArray getUnsignedByte (I)I 2 108264 orig 264 8 193 17 118 0 0 0 0 128 134 141 20 0 0 0 0 72 1 0 0 0 0 0 0 0 0 0 0 0 0 0 0 0 0 0 0 0 0 0 0 0 0 0 0 0 0 0 0 0 0 0 0 0 0 0 0 0 0 0 0 0 0 0 0 0 0 0 0 0 0 0 0 0 0 0 0 0 0 0 0 77 68 79 32 101 120 116 114 97 32 100 97 116 97 32 108 111 99 107 0 0 0 0 0 0 0 0 0 0 0 0 0 0 0 0 0 0 0 0 0 0 0 0 0 0 0 0 0 0 0 0 0 0 0 0 0 0 0 0 0 0 0 0 0 0 0 0 0 0 0 0 0 0 0 0 0 0 0 0 0 0 0 0 0 0 0 0 0 0 0 0 0 0 0 0 0 0 0 0 0 0 0 0 0 17 0 0 0 0 0 0 0 0 0 0 0 0 0 0 0 1 0 0 0 0 0 0 0 0 0 0 0 0 0 0 0 248 1 0 0 129 39 13 0 1 0 0 0 0 0 0 0 0 0 0 0 2 0 0 0 0 0 3 0 2 0 0 0 32 0 0 0 255 255 255 255 2 0 5 0 0 0 0 0 data 4 0x50002 0x1a4f7 0xa0002 0x1a4f9 oops 0
ciMethodData com/android/dx/util/ByteArray getUnsignedShort (I)I 2 98181 orig 264 8 193 17 118 0 0 0 0 72 135 141 20 0 0 0 0 88 1 0 0 0 0 0 0 0 0 0 0 0 0 0 0 0 0 0 0 0 0 0 0 0 0 0 0 0 0 0 0 0 0 0 0 0 0 0 0 0 0 0 0 0 0 0 0 0 0 0 0 0 0 0 0 0 0 0 0 0 0 0 0 77 68 79 32 101 120 116 114 97 32 100 97 116 97 32 108 111 99 107 0 0 0 0 0 0 0 0 0 0 0 0 0 0 0 0 0 0 0 0 0 0 0 0 0 0 0 0 0 0 0 0 0 0 0 0 0 0 0 0 0 0 0 0 0 0 0 0 0 0 0 0 0 0 0 0 0 0 0 0 0 0 0 0 0 0 0 0 0 0 0 0 0 0 0 0 0 0 0 0 0 0 0 0 0 17 0 0 0 0 0 0 0 0 0 0 0 0 0 0 0 1 0 0 0 0 0 0 0 0 0 0 0 0 0 0 0 0 1 0 0 41 244 11 0 1 0 0 0 0 0 0 0 0 0 0 0 2 0 0 0 0 0 3 0 2 0 0 0 48 0 0 0 255 255 255 255 2 0 5 0 0 0 0 0 data 6 0x50002 0x17e89 0xa0002 0x17e8b 0x140002 0x17e8c oops 0
ciMethod com/android/dx/cf/code/BytecodeArray parseInstruction (ILcom/android/dx/cf/code/BytecodeArray$Visitor;)I 4305 1 33313 0 -1
ciMethod com/android/dx/cf/code/BytecodeArray parseTableswitch (ILcom/android/dx/cf/code/BytecodeArray$Visitor;)I 1 1 6 0 0
ciMethod com/android/dx/cf/code/BytecodeArray parseLookupswitch (ILcom/android/dx/cf/code/BytecodeArray$Visitor;)I 1 1 2 0 0
ciMethod com/android/dx/cf/code/BytecodeArray parseNewarray (ILcom/android/dx/cf/code/BytecodeArray$Visitor;)I 0 0 26 0 0
ciMethod com/android/dx/cf/code/BytecodeArray parseWide (ILcom/android/dx/cf/code/BytecodeArray$Visitor;)I 0 0 1 0 0
ciMethod com/android/dx/cf/code/ByteCatchList listFor (I)Lcom/android/dx/cf/code/ByteCatchList; 4097 241 6654 0 -1
ciMethod com/android/dx/cf/code/ByteCatchList toTargetList (I)Lcom/android/dx/util/IntList; 4097 65 6653 0 -1
ciMethod com/android/dx/cf/code/LocalVariableList pcAndIndexToLocal (II)Lcom/android/dx/cf/code/LocalVariableList$Item; 4097 3281 8149 0 -1
ciMethod com/android/dx/cf/code/LocalVariableList$Item getLocalItem ()Lcom/android/dx/rop/code/LocalItem; 1505 1 4311 0 -1
ciMethod com/android/dx/cf/code/LocalVariableList$Item getType ()Lcom/android/dx/rop/type/Type; 2929 1 5308 0 -1
ciMethodData com/android/dx/util/MutabilityControl throwIfImmutable ()V 2 281408 orig 264 8 193 17 118 0 0 0 0 80 108 142 20 0 0 0 0 80 1 0 0 0 0 0 0 0 0 0 0 0 0 0 0 0 0 0 0 0 0 0 0 0 0 0 0 0 0 0 0 0 0 0 0 0 0 0 0 0 0 0 0 0 0 0 0 0 0 0 0 0 0 0 0 0 0 0 0 0 0 0 0 77 68 79 32 101 120 116 114 97 32 100 97 116 97 32 108 111 99 107 0 0 0 0 0 0 0 0 0 0 0 0 0 0 0 0 0 0 0 0 0 0 0 0 0 0 0 0 0 0 0 0 0 0 0 0 0 0 0 0 0 0 0 0 0 0 0 0 0 0 0 0 0 0 0 0 0 0 0 0 0 0 0 0 0 0 0 0 0 0 0 0 0 0 0 0 0 0 0 0 0 0 0 0 0 25 0 0 0 0 0 0 0 0 0 0 0 0 0 0 0 1 0 0 0 0 0 0 0 0 0 0 0 0 0 0 0 72 1 0 0 193 79 34 0 1 0 0 0 0 0 0 0 0 0 0 0 2 0 0 0 0 0 5 0 2 0 0 0 48 0 0 0 255 255 255 255 7 0 4 0 0 0 0 0 data 6 0x40007 0x449f7 0x30 0x0 0xd0002 0x0 oops 0
ciMethodData com/android/dx/util/ByteArray getInt (I)I 2 11420 orig 264 8 193 17 118 0 0 0 0 152 132 141 20 0 0 0 0 120 1 0 0 0 0 0 0 0 0 0 0 0 0 0 0 0 0 0 0 0 0 0 0 0 0 0 0 0 0 0 0 0 0 0 0 0 0 0 0 0 0 0 0 0 0 0 0 0 0 0 0 0 0 0 0 0 0 0 0 0 0 0 0 77 68 79 32 101 120 116 114 97 32 100 97 116 97 32 108 111 99 107 0 0 0 0 0 0 0 0 0 0 0 0 0 0 0 0 0 0 0 0 0 0 0 0 0 0 0 0 0 0 0 0 0 0 0 0 0 0 0 0 0 0 0 0 0 0 0 0 0 0 0 0 0 0 0 0 0 0 0 0 0 0 0 0 0 0 0 0 0 0 0 0 0 0 0 0 0 0 0 0 0 0 0 0 0 17 0 0 0 0 0 0 0 0 0 0 0 0 0 0 0 1 0 0 0 0 0 0 0 0 0 0 0 0 0 0 0 117 0 0 0 57 97 1 0 1 0 0 0 0 0 0 0 0 0 0 0 2 0 0 0 0 0 3 0 2 0 0 0 80 0 0 0 255 255 255 255 2 0 5 0 0 0 0 0 data 10 0x50002 0x2c27 0xa0002 0x2c27 0x140002 0x2c27 0x1f0002 0x2c27 0x2a0002 0x2c27 oops 0
ciMethodData com/android/dx/rop/cst/StdConstantPool get (I)Lcom/android/dx/rop/cst/Constant; 2 42084 orig 264 8 193 17 118 0 0 0 0 72 99 142 20 0 0 0 0 144 1 0 0 32 0 0 0 0 0 0 0 0 0 0 0 0 0 0 0 0 0 0 0 0 0 0 0 0 0 0 0 0 0 0 0 0 0 0 0 0 0 0 0 0 0 0 0 0 0 0 0 0 0 0 0 0 0 0 0 0 0 0 0 77 68 79 32 101 120 116 114 97 32 100 97 116 97 32 108 111 99 107 0 0 0 0 0 0 0 0 0 0 0 0 0 0 0 0 0 0 0 0 0 0 0 0 0 0 0 0 0 0 0 0 0 0 0 0 0 0 0 0 0 0 0 0 0 0 0 0 0 0 0 0 0 0 0 0 0 0 0 0 0 0 0 0 0 0 0 0 0 0 0 0 0 0 0 0 0 0 0 0 0 0 0 0 0 17 0 0 0 0 0 0 0 0 0 0 0 0 0 0 0 1 0 0 0 0 0 0 0 0 0 0 0 0 0 0 0 0 2 0 0 33 19 5 0 1 0 0 0 0 0 0 0 0 0 0 0 2 0 0 0 0 0 7 0 2 0 0 0 64 0 0 0 255 255 255 255 7 0 8 0 0 0 0 0 data 8 0x80007 0xa264 0x30 0x0 0xc0002 0x0 0x140002 0x0 oops 0
ciMethodData com/android/dx/util/MutabilityControl <init> (Z)V 2 42735 orig 264 8 193 17 118 0 0 0 0 152 105 142 20 0 0 0 0 56 1 0 0 0 0 0 0 0 0 0 0 0 0 0 0 0 0 0 0 0 0 0 0 0 0 0 0 0 0 0 0 0 0 0 0 0 0 0 0 0 0 0 0 0 0 0 0 0 0 0 0 0 0 0 0 0 0 0 0 0 0 0 0 77 68 79 32 101 120 116 114 97 32 100 97 116 97 32 108 111 99 107 0 0 0 0 0 0 0 0 0 0 0 0 0 0 0 0 0 0 0 0 0 0 0 0 0 0 0 0 0 0 0 0 0 0 0 0 0 0 0 0 0 0 0 0 0 0 0 0 0 0 0 0 0 0 0 0 0 0 0 0 0 0 0 0 0 0 0 0 0 0 0 0 0 0 0 0 0 0 0 0 0 0 0 0 0 0 0 0 0 0 0 0 0 0 0 0 0 0 0 0 0 0 0 0 0 0 0 0 0 0 0 0 0 0 0 0 0 144 1 0 0 249 42 5 0 1 0 0 0 0 0 0 0 0 0 0 0 2 0 0 0 0 0 3 0 2 0 0 0 16 0 0 0 255 255 255 255 2 0 1 0 0 0 0 0 data 2 0x10002 0xa55c oops 0
ciMethodData com/android/dx/util/ByteArray getByte0 (I)I 2 14545 orig 264 8 193 17 118 0 0 0 0 16 138 141 20 0 0 0 0 40 1 0 0 0 0 0 0 0 0 0 0 0 0 0 0 0 0 0 0 0 0 0 0 0 0 0 0 0 0 0 0 0 0 0 0 0 0 0 0 0 0 0 0 0 0 0 0 0 0 0 0 0 0 0 0 0 0 0 0 0 0 0 0 77 68 79 32 101 120 116 114 97 32 100 97 116 97 32 108 111 99 107 0 0 0 0 0 0 0 0 0 0 0 0 0 0 0 0 0 0 0 0 0 0 0 0 0 0 0 0 0 0 0 0 0 0 0 0 0 0 0 0 0 0 0 0 0 0 0 0 0 0 0 0 0 0 0 0 0 0 0 0 0 0 0 0 0 0 0 0 0 0 0 0 0 0 0 0 0 0 0 0 0 0 0 0 0 1 0 0 0 0 0 0 0 0 0 0 0 0 0 0 0 1 0 0 0 0 0 0 0 0 0 0 0 0 0 0 0 92 1 0 0 169 187 1 0 1 0 0 0 0 0 0 0 0 0 0 0 2 0 0 0 0 0 3 0 1 0 0 0 0 0 0 0 255 255 255 255 0 0 0 0 0 0 0 0 data 0 oops 0
ciMethodData com/android/dx/util/MutabilityControl setImmutable ()V 2 172631 orig 264 8 193 17 118 0 0 0 0 64 106 142 20 0 0 0 0 32 1 0 0 0 0 0 0 0 0 0 0 0 0 0 0 0 0 0 0 0 0 0 0 0 0 0 0 0 0 0 0 0 0 0 0 0 0 0 0 0 0 0 0 0 0 0 0 0 0 0 0 0 0 0 0 0 0 0 0 0 0 0 0 77 68 79 32 101 120 116 114 97 32 100 97 116 97 32 108 111 99 107 0 0 0 0 0 0 0 0 0 0 0 0 0 0 0 0 0 0 0 0 0 0 0 0 0 0 0 0 0 0 0 0 0 0 0 0 0 0 0 0 0 0 0 0 0 0 0 0 0 0 0 0 0 0 0 0 0 0 0 0 0 0 0 0 0 0 0 0 0 0 0 0 0 0 0 0 0 0 0 0 0 0 0 0 0 1 0 0 0 0 0 0 0 0 0 0 0 0 0 0 0 1 0 0 0 0 0 0 0 0 0 0 0 0 0 0 0 0 2 0 0 185 2 21 0 1 0 0 0 0 0 0 0 0 0 0 0 2 0 0 0 0 0 3 0 1 0 0 0 0 0 0 0 255 255 255 255 0 0 0 0 0 0 0 0 data 0 oops 0
ciMethod com/android/dx/cf/code/ConcreteMethod getCatches ()Lcom/android/dx/cf/code/ByteCatchList; 4097 1 18357 0 -1
ciMethod com/android/dx/cf/code/Machine clearArgs ()V 0 0 1 0 -1
ciMethod com/android/dx/cf/code/Machine popArgs (Lcom/android/dx/cf/code/Frame;I)V 0 0 1 0 -1
ciMethod com/android/dx/cf/code/Machine popArgs (Lcom/android/dx/cf/code/Frame;Lcom/android/dx/rop/type/Prototype;)V 0 0 1 0 -1
ciMethod com/android/dx/cf/code/Machine popArgs (Lcom/android/dx/cf/code/Frame;Lcom/android/dx/rop/type/Type;)V 0 0 1 0 -1
ciMethod com/android/dx/cf/code/Machine popArgs (Lcom/android/dx/cf/code/Frame;Lcom/android/dx/rop/type/Type;Lcom/android/dx/rop/type/Type;)V 0 0 1 0 -1
ciMethod com/android/dx/cf/code/Machine popArgs (Lcom/android/dx/cf/code/Frame;Lcom/android/dx/rop/type/Type;Lcom/android/dx/rop/type/Type;Lcom/android/dx/rop/type/Type;)V 0 0 1 0 -1
ciMethod com/android/dx/cf/code/Machine localArg (Lcom/android/dx/cf/code/Frame;I)V 0 0 1 0 -1
ciMethod com/android/dx/cf/code/Machine localInfo (Z)V 0 0 1 0 -1
ciMethod com/android/dx/cf/code/Machine auxType (Lcom/android/dx/rop/type/Type;)V 0 0 1 0 -1
ciMethod com/android/dx/cf/code/Machine auxIntArg (I)V 0 0 1 0 -1
ciMethod com/android/dx/cf/code/Machine auxCstArg (Lcom/android/dx/rop/cst/Constant;)V 0 0 1 0 -1
ciMethod com/android/dx/cf/code/Machine auxTargetArg (I)V 0 0 1 0 -1
ciMethod com/android/dx/cf/code/Machine localTarget (ILcom/android/dx/rop/type/Type;Lcom/android/dx/rop/code/LocalItem;)V 0 0 1 0 -1
ciMethod com/android/dx/cf/code/Machine run (Lcom/android/dx/cf/code/Frame;II)V 0 0 1 0 -1
ciMethod com/android/dx/cf/code/BasicBlocker visitNoArgs (IIILcom/android/dx/rop/type/Type;)V 4097 1 2698 0 0
ciMethod com/android/dx/cf/code/BasicBlocker visitLocal (IIIILcom/android/dx/rop/type/Type;I)V 3121 1 6252 0 0
ciMethod com/android/dx/cf/code/BasicBlocker visitConstant (IIILcom/android/dx/rop/cst/Constant;I)V 4097 1 8411 0 0
ciMethod com/android/dx/cf/code/BasicBlocker visitBranch (IIII)V 2049 1 2404 0 0
ciMethod com/android/dx/cf/code/BasicBlocker addWorkIfNecessary (IZ)V 4097 1 16267 0 256
ciMethod com/android/dx/cf/code/BasicBlocker visitCommon (IIZ)V 4097 1 19778 0 0
ciMethod com/android/dx/cf/code/BasicBlocker visitThrowing (IIZ)V 4097 1 6656 0 5952
ciMethod com/android/dx/util/Bits get ([II)Z 4097 1 55178 0 128
ciMethod com/android/dx/util/Bits set ([II)V 2049 1 89930 0 128
ciMethod com/android/dx/util/IntList makeImmutable (I)Lcom/android/dx/util/IntList; 4097 1 14857 0 0
ciMethod com/android/dx/util/IntList makeImmutable (II)Lcom/android/dx/util/IntList; 1609 1 1755 0 0
ciMethod com/android/dx/util/IntList <init> (I)V 3537 1 5626 0 256
ciMethod com/android/dx/util/IntList add (I)V 2121 1 6403 0 832
ciMethod com/android/dx/util/IntList growIfNeeded ()V 2121 1 5389 0 544
ciMethod com/android/dx/cf/code/ByteOps opInfo (I)I 5041 1 29941 0 0
ciMethod com/android/dx/cf/code/BaseMachine throwLocalMismatch (Lcom/android/dx/rop/type/TypeBearer;Lcom/android/dx/rop/type/TypeBearer;)V 0 0 1 0 -1
ciMethod com/android/dx/cf/code/Simulator access$100 ()Lcom/android/dx/cf/code/SimException; 0 0 1 0 -1
ciMethod com/android/dx/cf/code/Simulator access$200 (Lcom/android/dx/rop/type/Type;Lcom/android/dx/rop/type/Type;)Lcom/android/dx/rop/type/Type; 49 1 195 0 -1
ciMethod com/android/dx/cf/code/Simulator access$300 (Lcom/android/dx/cf/code/Simulator;)Lcom/android/dx/cf/code/LocalVariableList; 1153 1 144 0 -1
ciMethod com/android/dx/cf/code/Simulator$SimVisitor visitInvalid (III)V 0 0 1 0 -1
ciMethod com/android/dx/cf/code/Simulator$SimVisitor visitNoArgs (IIILcom/android/dx/rop/type/Type;)V 4097 1 4621 0 0
ciMethod com/android/dx/cf/code/Simulator$SimVisitor checkReturnType (Lcom/android/dx/rop/type/Type;)V 2073 1 2320 0 -1
ciMethod com/android/dx/cf/code/Simulator$SimVisitor visitLocal (IIIILcom/android/dx/rop/type/Type;I)V 3073 1 5512 0 8256
ciMethod com/android/dx/cf/code/Simulator$SimVisitor visitConstant (IIILcom/android/dx/rop/cst/Constant;I)V 4097 1 12727 0 -1
ciMethod com/android/dx/cf/code/Simulator$SimVisitor visitBranch (IIII)V 2049 1 2515 0 -1
ciMethod com/android/dx/cf/code/Frame getStack ()Lcom/android/dx/cf/code/ExecutionStack; 1097 1 137 0 -1
ciMethod com/android/dx/cf/code/ExecutionStack peekLocal (I)Z 49 1 120 0 -1
ciMethod com/android/dx/cf/code/ExecutionStack peekType (I)Lcom/android/dx/rop/type/Type; 2225 1 2772 0 -1
ciMethodData com/android/dx/util/IntList add (I)V 2 6403 orig 264 8 193 17 118 0 0 0 0 16 49 150 20 0 0 0 0 8 2 0 0 0 0 0 0 0 0 0 0 0 0 0 0 0 0 0 0 0 0 0 0 0 0 0 0 0 0 0 0 0 0 0 0 0 0 0 0 0 0 0 0 0 0 0 0 0 0 0 0 0 0 0 0 0 0 0 0 0 0 0 0 77 68 79 32 101 120 116 114 97 32 100 97 116 97 32 108 111 99 107 0 0 0 0 0 0 0 0 0 0 0 0 0 0 0 0 0 0 0 0 0 0 0 0 0 0 0 0 0 0 0 0 0 0 0 0 0 0 0 0 0 0 0 0 0 0 0 0 0 0 0 0 0 0 0 0 0 0 0 0 0 0 0 0 0 0 0 0 0 0 0 0 0 0 0 0 0 0 0 0 0 0 0 0 0 17 0 0 0 0 0 0 0 0 0 0 0 0 0 0 0 1 0 0 0 0 0 0 0 0 0 0 0 0 0 0 0 9 1 0 0 209 191 0 0 1 0 0 0 0 0 0 0 0 0 0 0 2 0 0 0 0 0 14 0 2 0 0 0 184 0 0 0 255 255 255 255 5 0 1 0 0 0 0 0 data 23 0x10005 0x17 0x17ad7890 0x17e7 0x0 0x0 0x50002 0x17ff 0x1d0007 0x7f4 0x78 0x100e 0x250007 0x9cb 0x58 0x646 0x350007 0x68 0x38 0x5de 0x390003 0x5de 0x18 oops 1 2 com/android/dx/util/IntList
ciMethodData com/android/dx/util/IntList growIfNeeded ()V 2 5389 orig 264 8 193 17 118 0 0 0 0 96 52 150 20 0 0 0 0 120 1 0 0 0 0 0 0 0 0 0 0 0 0 0 0 0 0 0 0 0 0 0 0 0 0 0 0 0 0 0 0 0 0 0 0 0 0 0 0 0 0 0 0 0 0 0 0 0 0 0 0 0 0 0 0 0 0 0 0 0 0 0 0 77 68 79 32 101 120 116 114 97 32 100 97 116 97 32 108 111 99 107 0 0 0 0 0 0 0 0 0 0 0 0 0 0 0 0 0 0 0 0 0 0 0 0 0 0 0 0 0 0 0 0 0 0 0 0 0 0 0 0 0 0 0 0 0 0 0 0 0 0 0 0 0 0 0 0 0 0 0 0 0 0 0 0 0 0 0 0 0 0 0 0 0 0 0 0 0 0 0 0 0 0 0 0 0 25 0 0 0 0 0 0 0 0 0 0 0 0 0 0 0 1 0 0 0 0 0 0 0 0 0 0 0 0 0 0 0 9 1 0 0 33 160 0 0 1 0 0 0 0 0 0 0 0 0 0 0 2 0 0 0 0 0 6 0 2 0 0 0 48 0 0 0 255 255 255 255 7 0 9 0 0 0 0 0 data 6 0x90007 0x1358 0x30 0xae 0x250002 0xae oops 0
ciMethodData com/android/dx/util/Bits set ([II)V 2 89930 orig 264 8 193 17 118 0 0 0 0 240 21 150 20 0 0 0 0 40 1 0 0 0 0 0 0 0 0 0 0 0 0 0 0 0 0 0 0 0 0 0 0 0 0 0 0 0 0 0 0 0 0 0 0 0 0 0 0 0 0 0 0 0 0 0 0 0 0 0 0 0 0 0 0 0 0 0 0 0 0 0 0 77 68 79 32 101 120 116 114 97 32 100 97 116 97 32 108 111 99 107 0 0 0 0 0 0 0 0 0 0 0 0 0 0 0 0 0 0 0 0 0 0 0 0 0 0 0 0 0 0 0 0 0 0 0 0 0 0 0 0 0 0 0 0 0 0 0 0 0 0 0 0 0 0 0 0 0 0 0 0 0 0 0 0 0 0 0 0 0 0 0 0 0 0 0 0 0 0 0 0 0 0 0 0 0 0 0 0 0 0 0 0 0 0 0 0 0 0 0 0 0 0 0 0 0 0 0 0 0 0 0 0 0 0 0 0 0 0 1 0 0 81 242 10 0 1 0 0 0 0 0 0 0 0 0 0 0 2 0 0 0 0 0 3 0 1 0 0 0 0 0 0 0 255 255 255 255 0 0 0 0 0 0 0 0 data 0 oops 0
ciMethodData com/android/dx/util/IntList <init> (I)V 2 5626 orig 264 8 193 17 118 0 0 0 0 232 41 150 20 0 0 0 0 96 1 0 0 0 0 0 0 0 0 0 0 0 0 0 0 0 0 0 0 0 0 0 0 0 0 0 0 0 0 0 0 0 0 0 0 0 0 0 0 0 0 0 0 0 0 0 0 0 0 0 0 0 0 0 0 0 0 0 0 0 0 0 0 77 68 79 32 101 120 116 114 97 32 100 97 116 97 32 108 111 99 107 0 0 0 0 0 0 0 0 0 0 0 0 0 0 0 0 0 0 0 0 0 0 0 0 0 0 0 0 0 0 0 0 0 0 0 0 0 0 0 0 0 0 0 0 0 0 0 0 0 0 0 0 0 0 0 0 0 0 0 0 0 0 0 0 0 0 0 0 0 0 0 0 0 0 0 0 0 0 0 0 0 0 0 0 0 0 0 0 0 0 0 0 0 0 0 0 0 0 0 0 0 0 0 0 0 0 0 0 0 0 0 0 0 0 0 0 0 186 1 0 0 1 162 0 0 1 0 0 0 0 0 0 0 0 0 0 0 2 0 0 0 0 0 7 0 2 0 0 0 56 0 0 0 255 255 255 255 2 0 2 0 0 0 0 0 data 7 0x20002 0x1442 0xc0003 0x1442 0x28 0x160002 0x0 oops 0
ciMethodData com/android/dx/util/Bits get ([II)Z 2 55178 orig 264 8 193 17 118 0 0 0 0 240 19 150 20 0 0 0 0 96 1 0 0 0 0 0 0 0 0 0 0 0 0 0 0 0 0 0 0 0 0 0 0 0 0 0 0 0 0 0 0 0 0 0 0 0 0 0 0 0 0 0 0 0 0 0 0 0 0 0 0 0 0 0 0 0 0 0 0 0 0 0 0 77 68 79 32 101 120 116 114 97 32 100 97 116 97 32 108 111 99 107 0 0 0 0 0 0 0 0 0 0 0 0 0 0 0 0 0 0 0 0 0 0 0 0 0 0 0 0 0 0 0 0 0 0 0 0 0 0 0 0 0 0 0 0 0 0 0 0 0 0 0 0 0 0 0 0 0 0 0 0 0 0 0 0 0 0 0 0 0 0 0 0 0 0 0 0 0 0 0 0 0 0 0 0 0 1 0 0 0 0 0 0 0 0 0 0 0 0 0 0 0 1 0 0 0 0 0 0 0 0 0 0 0 0 0 0 0 0 2 0 0 81 172 6 0 1 0 0 0 0 0 0 0 0 0 0 0 2 0 0 0 0 0 6 0 2 0 0 0 56 0 0 0 255 255 255 255 7 0 16 0 0 0 0 0 data 7 0x100007 0x7d21 0x38 0x5875 0x140003 0x5878 0x18 oops 0
ciMethodData com/android/dx/cf/code/BytecodeArray parseInstruction (ILcom/android/dx/cf/code/BytecodeArray$Visitor;)I 2 33313 orig 264 8 193 17 118 0 0 0 0 240 227 143 20 0 0 0 0 0 40 0 0 64 14 0 0 0 0 0 0 0 0 0 0 0 0 0 0 0 0 0 0 0 0 0 0 0 0 0 0 0 0 0 0 0 0 0 0 0 0 0 0 0 0 0 0 0 0 0 0 0 0 0 0 0 0 0 0 0 0 0 0 77 68 79 32 101 120 116 114 97 32 100 97 116 97 32 108 111 99 107 0 0 0 0 0 0 0 0 0 0 0 0 0 0 0 0 0 0 0 0 0 0 0 0 0 0 0 0 0 0 0 0 0 0 0 0 0 0 0 0 0 0 0 0 0 2 0 0 0 0 0 0 0 0 0 0 0 0 0 0 0 0 0 0 0 0 0 0 5 0 1 0 0 0 0 0 0 0 0 0 0 0 0 0 0 0 0 0 0 0 0 0 0 0 0 0 0 0 0 0 0 0 0 0 0 0 0 0 0 0 0 0 0 0 0 0 0 1 2 0 0 57 0 4 0 1 0 0 0 44 33 0 0 0 0 0 0 2 0 0 0 0 0 239 0 2 0 0 0 40 38 0 0 255 255 255 255 7 0 1 0 0 0 0 0 data 1221 0x10007 0x8014 0x20 0x0 0xd0005 0x12d5 0x16958d40 0x6d42 0x0 0x0 0x120002 0x801d 0x1f0008 0x196 0x0 0x23c8 0x0 0xcc0 0x1e 0xcf0 0x2 0xd20 0x7f 0xd50 0x45 0xd80 0x20 0xdb0 0x21 0xde0 0x1a 0xe10 0x0 0xe40 0x4 0xe70 0x2 0xea0 0x1 0xed0 0x0 0xf00 0x0 0xf30 0x0 0xf60 0x0 0xf90 0x2e 0xfc0 0x18 0x1030 0x64 0x10a0 0x4 0x11f8 0x8 0x1350 0x70 0x13e0 0x0 0x1440 0x0 0x14a0 0x0 0x1500 0xaa 0x1560 0x8 0x15c0 0x44 0x15c0 0x28 0x15c0 0x2a 0x15c0 0x0 0x15f0 0x8 0x15f0 0x6 0x15f0 0x6 0x15f0 0x0 0x1620 0x0 0x1620 0x0 0x1620 0x0 0x1620 0x0 0x1650 0x0 0x1650 0x0 0x1650 0x0 0x1650 0x1b5 0x1680 0xd4 0x1680 0x8f 0x1680 0x3e 0x1680 0x0 0x16b0 0x0 0x16e0 0x0 0x1710 0x0 0x1740 0x0 0x1770 0x34 0x17a0 0x0 0x17d0 0x0 0x1800 0x33 0x1830 0x0 0x1890 0x0 0x18f0 0x0 0x1950 0x7c 0x19b0 0x0 0x1a10 0x8 0x1a10 0x0 0x1a10 0x6 0x1a10 0x0 0x1a40 0x0 0x1a40 0x4 0x1a40 0x0 0x1a40 0x0 0x1a70 0x0 0x1a70 0x0 0x1a70 0x0 0x1a70 0x0 0x1aa0 0x0 0x1aa0 0x0 0x1aa0 0x0 0x1aa0 0x2 0x1ad0 0x17 0x1ad0 0x26 0x1ad0 0x1d 0x1ad0 0x0 0x1b00 0x0 0x1b30 0x0 0x1b60 0x0 0x1b90 0x20 0x1bc0 0x10 0x1bf0 0x0 0x1c20 0x0 0x1c50 0x11 0x1c80 0x0 0x1c80 0xc9 0x1c80 0x0 0x1c80 0x0 0x1c80 0x0 0x1c80 0x0 0x1c80 0x0 0x1c80 0x0 0x1c80 0x30 0x1cb0 0x2 0x1ce0 0x0 0x1d10 0x0 0x1d40 0x6 0x1cb0 0x0 0x1ce0 0x0 0x1d10 0x0 0x1d40 0x6 0x1cb0 0x0 0x1ce0 0x0 0x1d10 0x0 0x1d40 0x6 0x1cb0 0x0 0x1ce0 0x0 0x1d10 0x0 0x1d40 0x2 0x1cb0 0x0 0x1ce0 0x0 0x1d10 0x0 0x1d40 0x0 0x1cb0 0x0 0x1ce0 0x0 0x1d10 0x0 0x1d40 0x10 0x1cb0 0x0 0x1ce0 0x4 0x1cb0 0x0 0x1ce0 0x6 0x1cb0 0x0 0x1ce0 0x1e 0x1cb0 0x0 0x1ce0 0x10 0x1cb0 0x0 0x1ce0 0x0 0x1cb0 0x0 0x1ce0 0x12 0x1d70 0x2 0x1e00 0x0 0x1e30 0x0 0x1e60 0x0 0x1e90 0x0 0x1e30 0x2 0x1e60 0x0 0x1e90 0x0 0x1e00 0x0 0x1e60 0x0 0x1e90 0x0 0x1e00 0x0 0x1e30 0xc 0x1e90 0x2 0x1e90 0x0 0x1e90 0x7 0x1e90 0x0 0x1e90 0x0 0x1e90 0x0 0x1e90 0x0 0x1e90 0x5a 0x1ec0 0x44 0x1ec0 0x6 0x1ec0 0x4 0x1ec0 0x2 0x1ec0 0x6 0x1ec0 0x0 0x1ec0 0x6 0x1ec0 0xa 0x1ec0 0xc 0x1ec0 0x2 0x1ec0 0x6 0x1ec0 0x5 0x1ec0 0x9 0x1ec0 0x65 0x1ec0 0x0 0x1ec0 0x0 0x1f20 0x0 0x1f80 0x0 0x1f90 0x5c 0x1fa0 0x4 0x1fd0 0x4 0x2000 0x0 0x2030 0x7f 0x2060 0x59 0x2090 0x30 0x20c0 0x12 0x20c0 0xd0 0x20c0 0x23 0x20c0 0x152 0x20c0 0xcf 0x20c0 0x9e 0x20c0 0x86 0x2150 0x0 0x2240 0xa7 0x20c0 0x11 0x2250 0xc 0x20c0 0x1a 0x1e90 0x48 0x2090 0x35 0x20c0 0x1e 0x20c0 0x0 0x2090 0x0 0x2090 0x0 0x2260 0x0 0x2270 0x1a 0x1ec0 0x12 0x1ec0 0x0 0x2330 0x0 0x2330 0x35b0005 0x0 0x0 0x0 0x0 0x0 0x36b0005 0x0 0x16958df0 0x76 0x16958ea0 0x76 0x37b0005 0x0 0x16958df0 0xc 0x16958ea0 0xc 0x38b0005 0x2 0x16958df0 0xeb 0x16958ea0 0xf4 0x39b0005 0x0 0x16958df0 0xb7 0x16958ea0 0xb8 0x3ab0005 0x0 0x16958df0 0x1d 0x16958ea0 0x1d 0x3bbf005 0x4 0x16958df0 0x15 0x16958ea0 0x16 0x3cb7005 0x6 0x16958df0 0xf 0x16958ea0 0x10 0x3db0005 0x0 0x16958df0 0x2 0x16958ea0 0x2 0x3eb0005 0x0 0x16958df0 0xa 0x16958ea0 0xa 0x3fb0005 0x0 0x16958df0 0x8 0x16958ea0 0x8 0x40b0005 0x0 0x16958df0 0x1 0x16958ea0 0x1 0x41b0005 0x0 0x16958df0 0x1 0x16958ea0 0x1 0x42b0005 0x0 0x0 0x0 0x0 0x0 0x43b0005 0x0 0x0 0x0 0x0 0x0 0x44b0005 0x0 0x0 0x0 0x0 0x0 0x4590005 0x2e 0x16958d40 0x9e 0x0 0x0 0x4650002 0xcc 0x46a0005 0x0 0x16958df0 0x66 0x16958ea0 0x66 0x4780005 0x18 0x16958d40 0xc 0x0 0x0 0x4840002 0x24 0x4890005 0x0 0x16958df0 0x12 0x16958ea0 0x12 0x4970005 0x64 0x16958d40 0x316 0x0 0x0 0x4a20005 0x0 0x16958f50 0x37a 0x0 0x0 0x4ab0004 0xfffffffffffffc86 0x16959000 0x62 0x169590b0 0x2 0x4ae0007 0x37a 0x98 0x0 0x4b30004 0x0 0x0 0x0 0x0 0x0 0x4b60005 0x0 0x0 0x0 0x0 0x0 0x4b90003 0x0 0x18 0x4c80005 0x0 0x16958df0 0x1bf 0x16958ea0 0x1bb 0x4d60005 0x4 0x16958d40 0x46 0x0 0x0 0x4e10005 0x0 0x16958f50 0x4a 0x0 0x0 0x4ea0004 0xffffffffffffffb6 0x16959160 0x4 0x0 0x0 0x4ed0007 0x4a 0x98 0x0 0x4f20004 0x0 0x0 0x0 0x0 0x0 0x4f50005 0x0 0x0 0x0 0x0 0x0 0x4f80003 0x0 0x18 0x5070005 0x0 0x16958df0 0x26 0x16958ea0 0x24 0x5150005 0x8 0x16958d40 0x8 0x0 0x0 0x5200005 0x0 0x16958f50 0x10 0x0 0x0 0x52f0005 0x0 0x16958df0 0x8 0x16958ea0 0x8 0x53d0005 0x70 0x16958d40 0x66 0x0 0x0 0x54d0005 0x8 0x16958df0 0x66 0x16958ea0 0x68 0x55b0005 0x0 0x16958d40 0x12 0x0 0x0 0x56b0005 0x0 0x16958df0 0x9 0x16958ea0 0x9 0x5790005 0x0 0x16958d40 0x2 0x0 0x0 0x5890005 0x0 0x16958df0 0x1 0x16958ea0 0x1 0x5970005 0x0 0x0 0x0 0x0 0x0 0x5a70005 0x0 0x0 0x0 0x0 0x0 0x5b50005 0xaa 0x16958d40 0x4c6 0x0 0x0 0x5c50005 0x0 0x16958df0 0x2bb 0x16958ea0 0x2b5 0x5dd0005 0x0 0x16958df0 0xc3 0x16958ea0 0xc3 0x5f50005 0x0 0x16958df0 0x21 0x16958ea0 0x21 0x60d0005 0x0 0x0 0x0 0x0 0x0 0x6250005 0x0 0x16958df0 0xa 0x16958ea0 0xa 0x63d0005 0x0 0x16958df0 0xe97 0x16958ea0 0xeac 0x64c0005 0x0 0x16958df0 0x2 0x16958ea0 0x2 0x65b0005 0x0 0x0 0x0 0x0 0x0 0x66a0005 0x0 0x0 0x0 0x0 0x0 0x6790005 0x0 0x0 0x0 0x0 0x0 0x6880005 0x0 0x16958df0 0x2 0x16958ea0 0x2 0x6970005 0x0 0x16958df0 0x1a 0x16958ea0 0x1a 0x6a60005 0x0 0x0 0x0 0x0 0x0 0x6b50005 0x0 0x0 0x0 0x0 0x0 0x6c30005 0x33 0x16958d40 0x3e 0x0 0x0 0x6d30005 0x0 0x16958df0 0x38 0x16958ea0 0x39 0x6e10005 0x0 0x16958d40 0x12 0x0 0x0 0x6f10005 0x0 0x16958df0 0x9 0x16958ea0 0x9 0x6ff0005 0x0 0x16958d40 0x2 0x0 0x0 0x70f0005 0x0 0x16958df0 0x1 0x16958ea0 0x1 0x71d0005 0x0 0x0 0x0 0x0 0x0 0x72d0005 0x0 0x0 0x0 0x0 0x0 0x73b0005 0x7c 0x16958d40 0x249 0x0 0x0 0x74b0005 0x0 0x16958df0 0x164 0x16958ea0 0x161 0x7630005 0x0 0x16958df0 0x2e 0x16958ea0 0x2e 0x77b0005 0x0 0x16958df0 0xa 0x16958ea0 0xa 0x7930005 0x0 0x0 0x0 0x0 0x0 0x7ab0005 0x0 0x0 0x0 0x0 0x0 0x7c30005 0x0 0x16958ea0 0x128 0x16958df0 0x126 0x7d20005 0x0 0x16958df0 0x6 0x16958ea0 0x6 0x7e10005 0x0 0x0 0x0 0x0 0x0 0x7f00005 0x0 0x0 0x0 0x0 0x0 0x7ff0005 0x0 0x0 0x0 0x0 0x0 0x80e0005 0x0 0x16958df0 0x25 0x16958ea0 0x25 0x81d0005 0x0 0x16958df0 0x8 0x16958ea0 0x8 0x82c0005 0x0 0x0 0x0 0x0 0x0 0x83b0005 0x0 0x0 0x0 0x0 0x0 0x8490005 0x0 0x16958df0 0x2bc 0x16958ea0 0x2bd 0x8570005 0x0 0x16958df0 0x7e 0x16958ea0 0x7e 0x8670005 0x0 0x16958df0 0xc 0x16958ea0 0xc 0x8770005 0x0 0x16958df0 0x2 0x16958ea0 0x2 0x8870005 0x0 0x0 0x0 0x0 0x0 0x8950005 0x12 0x16958d40 0x10 0x0 0x0 0x8a10005 0x12 0x16958d40 0x10 0x0 0x0 0x8b10005 0x0 0x16958df0 0x11 0x16958ea0 0x11 0x8bf0005 0x0 0x16958df0 0xe 0x16958ea0 0xe 0x8cd0005 0x0 0x16958df0 0x1 0x16958ea0 0x1 0x8db0005 0x0 0x16958df0 0x3 0x16958ea0 0x3 0x8e97005 0x6 0x16958ea0 0x29 0x16958df0 0x28 0x8f80005 0x173 0x16958d40 0x87b 0x0 0x0 0x9040005 0x0 0x16958df0 0x4ed 0x16958ea0 0x501 0x9120005 0x0 0x0 0x0 0x0 0x0 0x9210005 0x0 0x0 0x0 0x0 0x0 0x92b0002 0x2 0x9320002 0x2 0x93f0005 0x0 0x16958df0 0xd4 0x16958ea0 0xdd 0x94f0005 0x0 0x16958df0 0x8 0x16958ea0 0x8 0x95f0005 0x0 0x16958df0 0x2 0x16958ea0 0x2 0x96f0005 0x0 0x0 0x0 0x0 0x0 0x97f0005 0x0 0x16958df0 0x1be 0x16958ea0 0x1c1 0x98d0005 0x0 0x16958df0 0x221 0x16958ea0 0x21f 0x99b0005 0x4f9 0x16958d40 0x25dd 0x0 0x0 0x9a60005 0x0 0x16958f50 0x2ad9 0x0 0x0 0x9b40005 0x0 0x16958df0 0x155e 0x16958ea0 0x157a 0x9c20005 0x86 0x16958d40 0x425 0x0 0x0 0x9ce0005 0x86 0x16958d40 0x425 0x0 0x0 0x9da0005 0x86 0x16958d40 0x425 0x0 0x0 0x9e50005 0x0 0x16958f50 0x4ab 0x0 0x0 0x9fa0005 0x0 0x16958ea0 0x256 0x16958df0 0x255 0xa070002 0x0 0xa0e0002 0x15 0xa150002 0x0 0xa200005 0x0 0x0 0x0 0x0 0x0 0xa2c0005 0x0 0x0 0x0 0x0 0x0 0xa370005 0x0 0x0 0x0 0x0 0x0 0xa460005 0x0 0x0 0x0 0x0 0x0 0xa550005 0x0 0x0 0x0 0x0 0x0 0xa5f0007 0x0 0x38 0x0 0xa650003 0x0 0x18 0xa740005 0x0 0x0 0x0 0x0 0x0 0xa7f0005 0x0 0x0 0x0 0x0 0x0 0xa8c0002 0x0 0xa910005 0x0 0x0 0x0 0x0 0x0 0xa950002 0x0 0xa980005 0x0 0x0 0x0 0x0 0x0 0xa9b0005 0x0 0x0 0x0 0x0 0x0 0xa9e0005 0x0 0x0 0x0 0x0 0x0 0xaa90002 0x0 0xab40002 0x0 0xab90005 0x0 0x0 0x0 0x0 0x0 0xabd0002 0x0 0xac00005 0x0 0x0 0x0 0x0 0x0 0xac30005 0x0 0x0 0x0 0x0 0x0 0xac60005 0x0 0x0 0x0 0x0 0x0